TN:
SF:src/constants.ts
FNF:0
FNH:0
DA:1,34
DA:2,34
DA:3,34
DA:4,34
DA:5,34
LF:5
LH:5
BRF:0
BRH:0
end_of_record
TN:
SF:src/index.ts
FNF:0
FNH:0
DA:1,3
DA:2,3
DA:3,3
DA:4,3
DA:5,3
DA:6,3
DA:7,3
LF:7
LH:7
BRF:0
BRH:0
end_of_record
TN:
SF:src/types.ts
FNF:0
FNH:0
DA:1,3
DA:2,3
DA:3,3
DA:4,3
DA:5,3
DA:6,3
DA:7,3
DA:8,3
DA:9,3
DA:10,3
DA:11,3
DA:12,3
DA:13,3
DA:14,3
DA:15,3
DA:16,3
DA:17,3
DA:18,3
DA:19,3
DA:20,3
DA:21,3
DA:22,3
DA:23,3
DA:24,3
DA:25,3
DA:26,3
DA:27,3
DA:28,3
DA:29,3
DA:30,3
DA:31,3
DA:32,3
DA:33,3
DA:34,3
DA:35,3
DA:36,3
DA:37,3
DA:38,3
DA:39,3
DA:40,3
DA:41,3
DA:42,3
LF:42
LH:42
BRF:0
BRH:0
end_of_record
TN:
SF:src/annotations/index.ts
FNF:0
FNH:0
DA:1,34
DA:2,34
DA:3,34
DA:4,34
DA:5,34
DA:6,34
DA:7,34
DA:8,34
DA:9,34
DA:10,34
DA:11,34
DA:12,34
DA:13,34
DA:14,34
DA:15,34
DA:16,34
DA:17,34
DA:18,34
DA:19,34
DA:20,34
DA:21,34
DA:22,34
DA:23,34
DA:24,34
DA:25,34
DA:26,34
DA:27,34
DA:28,34
DA:29,34
DA:30,34
DA:31,34
DA:32,34
DA:33,34
DA:34,34
DA:35,34
DA:36,34
DA:37,34
DA:38,34
DA:39,34
LF:39
LH:39
BRF:0
BRH:0
end_of_record
TN:
SF:src/graph/graph.ts
FN:61,dedup
FN:155,<instance_members_initializer>
FN:178,Graph
FN:197,loadResource
FN:218,connect
FN:259,hasConnectedInput
FN:268,clear
FN:273,addNode
FN:291,removeNode
FN:313,removeEdge
FN:371,getNodeIds
FN:380,update
FN:404,serialize
FN:428,extractTypes
FN:432,checkCapabilitites
FN:448,deserialize
FN:523,registerCapability
FN:534,start
FN:543,stop
FN:550,pause
FN:556,resume
FN:570,trigger
FN:585,execute
FN:681,successors
FN:692,predecessors
FN:714,ripple
FN:772,propagate
FN:835,createEdge
FN:883,inEdges
FN:899,outEdges
FN:916,getNode
FN:925,getEdge
FN:929,emit
FN:936,on
FN:946,onFinalize
FNF:35
FNH:19
FNDA:343,dedup
FNDA:56,<instance_members_initializer>
FNDA:56,Graph
FNDA:0,loadResource
FNDA:6,connect
FNDA:0,hasConnectedInput
FNDA:0,clear
FNDA:77,addNode
FNDA:0,removeNode
FNDA:0,removeEdge
FNDA:5,getNodeIds
FNDA:152,update
FNDA:1,serialize
FNDA:0,extractTypes
FNDA:79,checkCapabilitites
FNDA:2,deserialize
FNDA:0,registerCapability
FNDA:0,start
FNDA:0,stop
FNDA:0,pause
FNDA:0,resume
FNDA:0,trigger
FNDA:4,execute
FNDA:16,successors
FNDA:0,predecessors
FNDA:316,ripple
FNDA:21,propagate
FNDA:11,createEdge
FNDA:2,inEdges
FNDA:37,outEdges
FNDA:83,getNode
FNDA:0,getEdge
FNDA:736,emit
FNDA:0,on
FNDA:0,onFinalize
DA:1,34
DA:2,34
DA:3,34
DA:4,34
DA:5,34
DA:6,34
DA:7,34
DA:8,34
DA:9,34
DA:10,34
DA:11,34
DA:12,34
DA:13,34
DA:14,34
DA:15,34
DA:16,34
DA:17,34
DA:18,34
DA:19,34
DA:20,34
DA:21,34
DA:22,34
DA:23,34
DA:24,34
DA:25,34
DA:26,34
DA:27,34
DA:28,34
DA:29,34
DA:30,34
DA:31,34
DA:32,34
DA:33,34
DA:34,34
DA:35,34
DA:36,34
DA:37,34
DA:38,34
DA:39,34
DA:40,34
DA:41,34
DA:42,34
DA:43,34
DA:44,34
DA:45,34
DA:46,34
DA:47,34
DA:48,34
DA:49,34
DA:50,34
DA:51,34
DA:52,34
DA:53,34
DA:54,34
DA:55,34
DA:56,34
DA:57,34
DA:58,34
DA:59,34
DA:60,34
DA:61,34
DA:62,34
DA:63,34
DA:64,34
DA:65,34
DA:66,34
DA:67,34
DA:68,34
DA:69,34
DA:70,34
DA:71,34
DA:72,34
DA:73,34
DA:74,34
DA:75,34
DA:76,34
DA:77,34
DA:78,34
DA:79,34
DA:80,34
DA:81,34
DA:82,34
DA:83,34
DA:84,34
DA:85,34
DA:86,34
DA:87,34
DA:88,34
DA:89,34
DA:90,34
DA:91,34
DA:92,34
DA:93,34
DA:94,34
DA:95,34
DA:96,34
DA:97,34
DA:98,34
DA:99,34
DA:100,34
DA:101,34
DA:102,34
DA:103,34
DA:104,34
DA:105,34
DA:106,34
DA:107,34
DA:108,34
DA:109,34
DA:110,34
DA:111,34
DA:112,34
DA:113,34
DA:114,34
DA:115,34
DA:116,34
DA:117,34
DA:118,34
DA:119,34
DA:120,34
DA:121,34
DA:122,34
DA:123,34
DA:124,34
DA:125,34
DA:126,34
DA:127,34
DA:128,34
DA:129,34
DA:130,34
DA:131,34
DA:132,34
DA:133,34
DA:134,34
DA:135,34
DA:136,34
DA:137,34
DA:138,34
DA:139,34
DA:140,34
DA:141,34
DA:142,34
DA:143,34
DA:144,34
DA:145,34
DA:146,34
DA:147,34
DA:148,34
DA:149,34
DA:150,34
DA:151,34
DA:152,34
DA:153,34
DA:154,34
DA:155,34
DA:156,56
DA:157,56
DA:158,56
DA:159,56
DA:160,56
DA:161,56
DA:162,56
DA:163,56
DA:164,56
DA:165,56
DA:166,56
DA:167,56
DA:168,56
DA:169,56
DA:170,56
DA:171,56
DA:172,56
DA:173,56
DA:174,56
DA:175,56
DA:176,56
DA:177,56
DA:178,56
DA:179,56
DA:180,56
DA:181,56
DA:182,56
DA:183,56
DA:184,56
DA:185,56
DA:186,56
DA:187,56
DA:188,56
DA:189,56
DA:190,56
DA:191,56
DA:192,56
DA:193,56
DA:194,56
DA:195,56
DA:196,56
DA:197,56
DA:198,0
DA:199,0
DA:200,0
DA:201,0
DA:202,0
DA:203,0
DA:204,0
DA:205,0
DA:206,0
DA:207,0
DA:208,56
DA:209,56
DA:210,56
DA:211,56
DA:212,56
DA:213,56
DA:214,56
DA:215,56
DA:216,56
DA:217,56
DA:218,56
DA:219,6
DA:220,6
DA:221,6
DA:222,6
DA:223,6
DA:224,6
DA:225,6
DA:226,6
DA:227,6
DA:228,2
DA:229,2
DA:230,2
DA:231,2
DA:232,2
DA:233,2
DA:234,2
DA:235,6
DA:236,6
DA:237,1
DA:238,1
DA:239,1
DA:240,1
DA:241,5
DA:242,5
DA:243,5
DA:244,5
DA:245,5
DA:246,5
DA:247,5
DA:248,5
DA:249,5
DA:250,5
DA:251,6
DA:252,56
DA:253,56
DA:254,56
DA:255,56
DA:256,56
DA:257,56
DA:258,56
DA:259,56
DA:260,0
DA:261,0
DA:262,0
DA:263,0
DA:264,56
DA:265,56
DA:266,56
DA:267,56
DA:268,56
DA:269,0
DA:270,0
DA:271,0
DA:272,56
DA:273,56
DA:274,77
DA:275,77
DA:276,77
DA:277,77
DA:278,77
DA:279,77
DA:280,77
DA:281,77
DA:282,77
DA:283,0
DA:284,0
DA:285,77
DA:286,56
DA:287,56
DA:288,56
DA:289,56
DA:290,56
DA:291,56
DA:292,0
DA:293,0
DA:294,0
DA:295,0
DA:296,0
DA:297,0
DA:298,0
DA:299,0
DA:300,0
DA:301,0
DA:302,0
DA:303,0
DA:304,0
DA:305,0
DA:306,0
DA:307,0
DA:308,0
DA:309,0
DA:310,0
DA:311,0
DA:312,56
DA:313,56
DA:314,0
DA:315,0
DA:316,0
DA:317,0
DA:318,0
DA:319,0
DA:320,0
DA:321,0
DA:322,0
DA:323,0
DA:324,0
DA:325,0
DA:326,0
DA:327,0
DA:328,0
DA:329,0
DA:330,0
DA:331,0
DA:332,0
DA:333,0
DA:334,0
DA:335,0
DA:336,0
DA:337,0
DA:338,0
DA:339,0
DA:340,0
DA:341,0
DA:342,0
DA:343,0
DA:344,0
DA:345,0
DA:346,0
DA:347,0
DA:348,0
DA:349,0
DA:350,0
DA:351,0
DA:352,0
DA:353,0
DA:354,0
DA:355,0
DA:356,0
DA:357,0
DA:358,0
DA:359,0
DA:360,0
DA:361,0
DA:362,0
DA:363,0
DA:364,0
DA:365,0
DA:366,0
DA:367,56
DA:368,56
DA:369,56
DA:370,56
DA:371,56
DA:372,5
DA:373,5
DA:374,56
DA:375,56
DA:376,56
DA:377,56
DA:378,56
DA:379,56
DA:380,56
DA:381,152
DA:382,152
DA:383,152
DA:384,152
DA:385,0
DA:386,0
DA:387,152
DA:388,152
DA:389,152
DA:390,152
DA:391,5
DA:392,5
DA:393,147
DA:394,152
DA:395,0
DA:396,0
DA:397,152
DA:398,152
DA:399,152
DA:400,56
DA:401,56
DA:402,56
DA:403,56
DA:404,56
DA:405,1
DA:406,1
DA:407,1
DA:408,1
DA:409,1
DA:410,1
DA:411,1
DA:412,1
DA:413,1
DA:414,1
DA:415,1
DA:416,1
DA:417,1
DA:418,1
DA:419,1
DA:420,1
DA:421,1
DA:422,1
DA:423,56
DA:424,56
DA:425,56
DA:426,56
DA:427,56
DA:428,56
DA:429,0
DA:430,0
DA:431,56
DA:432,56
DA:433,79
DA:434,3
DA:435,0
DA:436,0
DA:437,0
DA:438,0
DA:439,0
DA:440,79
DA:441,79
DA:442,56
DA:443,56
DA:444,56
DA:445,56
DA:446,56
DA:447,56
DA:448,56
DA:449,2
DA:450,2
DA:451,2
DA:452,2
DA:453,2
DA:454,0
DA:455,2
DA:456,2
DA:457,2
DA:458,0
DA:459,0
DA:460,0
DA:461,0
DA:462,2
DA:463,2
DA:464,2
DA:465,2
DA:466,2
DA:467,2
DA:468,2
DA:469,2
DA:470,2
DA:471,2
DA:472,2
DA:473,2
DA:474,2
DA:475,2
DA:476,2
DA:477,4
DA:478,4
DA:479,4
DA:480,4
DA:481,4
DA:482,4
DA:483,2
DA:484,2
DA:485,2
DA:486,2
DA:487,2
DA:488,2
DA:489,2
DA:490,2
DA:491,2
DA:492,2
DA:493,2
DA:494,2
DA:495,2
DA:496,0
DA:497,0
DA:498,2
DA:499,0
DA:500,0
DA:501,2
DA:502,2
DA:503,0
DA:504,0
DA:505,0
DA:506,0
DA:507,0
DA:508,2
DA:509,0
DA:510,0
DA:511,0
DA:512,0
DA:513,2
DA:514,2
DA:515,2
DA:516,2
DA:517,2
DA:518,2
DA:519,2
DA:520,2
DA:521,2
DA:522,56
DA:523,56
DA:524,0
DA:525,0
DA:526,0
DA:527,0
DA:528,0
DA:529,0
DA:530,56
DA:531,56
DA:532,56
DA:533,56
DA:534,56
DA:535,0
DA:536,0
DA:537,0
DA:538,0
DA:539,0
DA:540,56
DA:541,56
DA:542,56
DA:543,56
DA:544,0
DA:545,0
DA:546,0
DA:547,0
DA:548,0
DA:549,56
DA:550,56
DA:551,0
DA:552,0
DA:553,0
DA:554,0
DA:555,0
DA:556,56
DA:557,0
DA:558,0
DA:559,0
DA:560,0
DA:561,0
DA:562,56
DA:563,56
DA:564,56
DA:565,56
DA:566,56
DA:567,56
DA:568,56
DA:569,56
DA:570,56
DA:571,0
DA:572,0
DA:573,0
DA:574,0
DA:575,0
DA:576,0
DA:577,0
DA:578,56
DA:579,56
DA:580,56
DA:581,56
DA:582,56
DA:583,56
DA:584,56
DA:585,56
DA:586,4
DA:587,4
DA:588,4
DA:589,4
DA:590,4
DA:591,4
DA:592,1
DA:593,1
DA:594,1
DA:595,1
DA:596,0
DA:597,0
DA:598,1
DA:599,1
DA:600,1
DA:601,1
DA:602,1
DA:603,1
DA:604,1
DA:605,1
DA:606,1
DA:607,0
DA:608,0
DA:609,1
DA:610,1
DA:611,1
DA:612,1
DA:613,1
DA:614,4
DA:615,4
DA:616,4
DA:617,4
DA:618,4
DA:619,4
DA:620,10
DA:621,10
DA:622,10
DA:623,10
DA:624,10
DA:625,10
DA:626,0
DA:627,0
DA:628,10
DA:629,10
DA:630,10
DA:631,0
DA:632,0
DA:633,0
DA:634,0
DA:635,10
DA:636,10
DA:637,0
DA:638,0
DA:639,10
DA:640,10
DA:641,10
DA:642,10
DA:643,4
DA:644,4
DA:645,4
DA:646,4
DA:647,4
DA:648,4
DA:649,4
DA:650,4
DA:651,4
DA:652,4
DA:653,4
DA:654,4
DA:655,4
DA:656,4
DA:657,4
DA:658,4
DA:659,4
DA:660,4
DA:661,4
DA:662,4
DA:663,4
DA:664,4
DA:665,4
DA:666,4
DA:667,4
DA:668,4
DA:669,4
DA:670,4
DA:671,4
DA:672,4
DA:673,4
DA:674,4
DA:675,56
DA:676,56
DA:677,56
DA:678,56
DA:679,56
DA:680,56
DA:681,56
DA:682,16
DA:683,16
DA:684,16
DA:685,16
DA:686,56
DA:687,56
DA:688,56
DA:689,56
DA:690,56
DA:691,56
DA:692,56
DA:693,0
DA:694,0
DA:695,0
DA:696,0
DA:697,0
DA:698,0
DA:699,0
DA:700,0
DA:701,0
DA:702,0
DA:703,0
DA:704,0
DA:705,0
DA:706,0
DA:707,0
DA:708,0
DA:709,0
DA:710,56
DA:711,56
DA:712,56
DA:713,56
DA:714,56
DA:715,316
DA:716,316
DA:717,316
DA:718,316
DA:719,11
DA:720,11
DA:721,0
DA:722,0
DA:723,11
DA:724,11
DA:725,11
DA:726,0
DA:727,0
DA:728,11
DA:729,11
DA:730,11
DA:731,11
DA:732,7
DA:733,7
DA:734,4
DA:735,8
DA:736,2
DA:737,2
DA:738,2
DA:739,2
DA:740,2
DA:741,2
DA:742,2
DA:743,2
DA:744,2
DA:745,2
DA:746,2
DA:747,2
DA:748,2
DA:749,11
DA:750,2
DA:751,2
DA:752,2
DA:753,2
DA:754,2
DA:755,2
DA:756,4
DA:757,4
DA:758,316
DA:759,316
DA:760,316
DA:761,316
DA:762,316
DA:763,316
DA:764,316
DA:765,56
DA:766,56
DA:767,56
DA:768,56
DA:769,56
DA:770,56
DA:771,56
DA:772,56
DA:773,21
DA:774,21
DA:775,0
DA:776,0
DA:777,21
DA:778,21
DA:779,21
DA:780,21
DA:781,21
DA:782,21
DA:783,21
DA:784,19
DA:785,19
DA:786,19
DA:787,19
DA:788,0
DA:789,0
DA:790,19
DA:791,19
DA:792,19
DA:793,19
DA:794,0
DA:795,0
DA:796,19
DA:797,19
DA:798,0
DA:799,0
DA:800,19
DA:801,19
DA:802,4
DA:803,4
DA:804,4
DA:805,4
DA:806,4
DA:807,4
DA:808,4
DA:809,4
DA:810,19
DA:811,15
DA:812,15
DA:813,15
DA:814,15
DA:815,15
DA:816,15
DA:817,19
DA:818,19
DA:819,21
DA:820,21
DA:821,21
DA:822,21
DA:823,21
DA:824,11
DA:825,11
DA:826,11
DA:827,11
DA:828,21
DA:829,56
DA:830,56
DA:831,56
DA:832,56
DA:833,56
DA:834,56
DA:835,56
DA:836,11
DA:837,11
DA:838,11
DA:839,11
DA:840,11
DA:841,11
DA:842,11
DA:843,11
DA:844,0
DA:845,0
DA:846,11
DA:847,0
DA:848,0
DA:849,11
DA:850,11
DA:851,11
DA:852,11
DA:853,11
DA:854,11
DA:855,11
DA:856,11
DA:857,11
DA:858,11
DA:859,11
DA:860,11
DA:861,11
DA:862,11
DA:863,2
DA:864,2
DA:865,2
DA:866,2
DA:867,2
DA:868,2
DA:869,2
DA:870,2
DA:871,2
DA:872,2
DA:873,11
DA:874,11
DA:875,11
DA:876,11
DA:877,11
DA:878,11
DA:879,56
DA:880,56
DA:881,56
DA:882,56
DA:883,56
DA:884,2
DA:885,1
DA:886,0
DA:887,0
DA:888,1
DA:889,1
DA:890,1
DA:891,0
DA:892,2
DA:893,2
DA:894,56
DA:895,56
DA:896,56
DA:897,56
DA:898,56
DA:899,56
DA:900,37
DA:901,101
DA:902,70
DA:903,70
DA:904,101
DA:905,0
DA:906,0
DA:907,31
DA:908,37
DA:909,37
DA:910,56
DA:911,56
DA:912,56
DA:913,56
DA:914,56
DA:915,56
DA:916,56
DA:917,83
DA:918,83
DA:919,56
DA:920,56
DA:921,56
DA:922,56
DA:923,56
DA:924,56
DA:925,56
DA:926,0
DA:927,0
DA:928,56
DA:929,56
DA:930,736
DA:931,736
DA:932,736
DA:933,736
DA:934,736
DA:935,56
DA:936,56
DA:937,0
DA:938,0
DA:939,0
DA:940,0
DA:941,0
DA:942,0
DA:943,0
DA:944,0
DA:945,56
DA:946,56
DA:947,0
DA:948,0
DA:949,0
DA:950,0
DA:951,0
DA:952,0
DA:953,0
DA:954,0
DA:955,56
LF:955
LH:733
BRDA:61,0,0,343
BRDA:155,1,0,56
BRDA:178,2,0,56
BRDA:179,3,0,0
BRDA:273,4,0,77
BRDA:282,5,0,0
BRDA:371,6,0,56
BRDA:380,7,0,152
BRDA:384,8,0,0
BRDA:390,9,0,5
BRDA:394,10,0,0
BRDA:432,11,0,79
BRDA:433,12,0,72
BRDA:434,13,0,69
BRDA:448,14,0,55
BRDA:453,15,0,53
BRDA:457,16,0,53
BRDA:457,17,0,53
BRDA:476,18,0,57
BRDA:485,19,0,55
BRDA:495,20,0,53
BRDA:498,21,0,53
BRDA:502,22,0,53
BRDA:508,23,0,53
BRDA:585,24,0,56
BRDA:591,25,0,53
BRDA:619,26,0,62
BRDA:625,27,0,52
BRDA:630,28,0,52
BRDA:636,29,0,52
BRDA:648,30,0,62
BRDA:654,31,0,56
BRDA:681,32,0,67
BRDA:684,33,0,63
BRDA:684,34,0,63
BRDA:714,35,0,316
BRDA:718,36,0,301
BRDA:720,37,0,290
BRDA:725,38,0,290
BRDA:731,39,0,300
BRDA:735,40,0,292
BRDA:749,41,0,297
BRDA:763,42,0,294
BRDA:763,43,0,294
BRDA:772,44,0,71
BRDA:774,45,0,50
BRDA:823,46,0,61
BRDA:783,47,0,69
BRDA:787,48,0,50
BRDA:793,49,0,50
BRDA:797,50,0,50
BRDA:801,51,0,54
BRDA:899,52,0,87
BRDA:900,53,0,151
BRDA:901,54,0,149
BRDA:904,55,0,50
BRDA:906,56,0,81
BRDA:916,57,0,133
BRDA:929,58,0,736
BRDA:218,59,0,58
BRDA:227,60,0,54
BRDA:232,61,0,52
BRDA:236,62,0,54
BRDA:236,63,0,53
BRDA:731,64,0,297
BRDA:733,65,0,298
BRDA:737,66,0,290
BRDA:749,67,0,292
BRDA:755,68,0,294
BRDA:803,69,0,50
BRDA:810,70,0,65
BRDA:826,71,0,63
BRDA:835,72,0,62
BRDA:843,73,0,51
BRDA:846,74,0,51
BRDA:862,75,0,53
BRDA:864,76,0,51
BRDA:883,77,0,57
BRDA:884,78,0,56
BRDA:885,79,0,55
BRDA:890,80,0,55
BRDA:901,81,0,120
BRDA:903,82,0,81
BRDA:404,83,0,55
BRDA:414,84,0,56
BRDA:415,85,0,55
BRDA:586,86,0,55
BRDA:595,87,0,52
BRDA:593,88,0,53
BRDA:600,89,0,53
BRDA:606,90,0,52
BRDA:733,91,0,294
BRDA:236,92,0,57
BRDA:851,93,0,60
BRDA:390,94,0,147
BRF:95
BRH:91
end_of_record
TN:
SF:src/graph/index.ts
FNF:0
FNH:0
DA:1,4
DA:2,4
DA:3,4
DA:4,4
LF:4
LH:4
BRF:0
BRH:0
end_of_record
TN:
SF:src/graph/terminals.ts
FN:9,findTerminals
FNF:1
FNH:0
FNDA:0,findTerminals
DA:1,4
DA:2,4
DA:3,4
DA:4,4
DA:5,4
DA:6,4
DA:7,4
DA:8,4
DA:9,4
DA:10,0
DA:11,0
DA:12,0
DA:13,0
DA:14,0
DA:15,0
DA:16,0
DA:17,0
DA:18,0
DA:19,0
DA:20,0
DA:21,0
DA:22,0
DA:23,0
DA:24,0
DA:25,0
DA:26,0
LF:26
LH:9
BRF:0
BRH:0
end_of_record
TN:
SF:src/graph/topologicSort.ts
FN:13,topologicalSort
FN:17,dfs
FNF:2
FNH:2
FNDA:5,topologicalSort
FNDA:16,dfs
DA:1,34
DA:2,34
DA:3,34
DA:4,34
DA:5,34
DA:6,34
DA:7,34
DA:8,34
DA:9,34
DA:10,34
DA:11,34
DA:12,34
DA:13,34
DA:14,5
DA:15,5
DA:16,5
DA:17,5
DA:18,16
DA:19,16
DA:20,16
DA:21,16
DA:22,12
DA:23,7
DA:24,7
DA:25,12
DA:26,16
DA:27,16
DA:28,5
DA:29,5
DA:30,5
DA:31,5
DA:32,5
DA:33,5
DA:34,16
DA:35,9
DA:36,9
DA:37,5
DA:38,5
DA:39,5
DA:40,5
LF:40
LH:40
BRDA:13,0,0,5
BRDA:17,1,0,16
BRDA:21,2,0,12
BRDA:22,3,0,7
BRDA:33,4,0,16
BRDA:34,5,0,9
BRF:6
BRH:6
end_of_record
TN:
SF:src/graph/types.ts
FNF:0
FNH:0
DA:1,4
DA:2,4
DA:3,4
DA:4,4
DA:5,4
DA:6,4
DA:7,4
DA:8,4
DA:9,4
DA:10,4
DA:11,4
DA:12,4
DA:13,4
DA:14,4
DA:15,4
DA:16,4
DA:17,4
DA:18,4
DA:19,4
DA:20,4
DA:21,4
DA:22,4
DA:23,4
DA:24,4
DA:25,4
DA:26,4
DA:27,4
DA:28,4
DA:29,4
DA:30,4
DA:31,4
DA:32,4
DA:33,4
DA:34,4
DA:35,4
DA:36,4
DA:37,4
DA:38,4
DA:39,4
DA:40,4
DA:41,4
DA:42,4
DA:43,4
LF:43
LH:43
BRF:0
BRH:0
end_of_record
TN:
SF:src/nodes/index.ts
FNF:0
FNH:0
DA:1,3
DA:2,3
DA:3,3
DA:4,3
DA:5,3
DA:6,3
DA:7,3
DA:8,3
DA:9,3
DA:10,3
DA:11,3
DA:12,3
DA:13,3
DA:14,3
DA:15,3
DA:16,3
DA:17,3
DA:18,3
DA:19,3
DA:20,3
DA:21,3
DA:22,3
DA:23,3
DA:24,3
DA:25,3
DA:26,3
DA:27,3
DA:28,3
DA:29,3
DA:30,3
DA:31,3
DA:32,3
DA:33,3
DA:34,3
DA:35,3
DA:36,3
DA:37,3
DA:38,3
DA:39,3
DA:40,3
DA:41,3
DA:42,3
DA:43,3
DA:44,282
DA:45,282
DA:46,282
DA:47,3
DA:48,3
LF:48
LH:48
BRDA:43,0,0,282
BRF:1
BRH:1
end_of_record
TN:
SF:src/nodes/accessibility/colorBlindness.ts
FN:20,<static_initializer>
FN:38,NodeDefinition
FN:60,execute
FNF:3
FNH:1
FNDA:3,<static_initializer>
FNDA:0,NodeDefinition
FNDA:0,execute
DA:1,3
DA:2,3
DA:3,3
DA:4,3
DA:5,3
DA:6,3
DA:7,3
DA:8,3
DA:9,3
DA:10,3
DA:11,3
DA:12,3
DA:13,3
DA:14,3
DA:15,3
DA:16,3
DA:17,3
DA:18,3
DA:19,3
DA:20,3
DA:21,3
DA:22,3
DA:23,3
DA:24,3
DA:25,3
DA:26,3
DA:27,3
DA:28,3
DA:29,3
DA:30,3
DA:31,3
DA:32,3
DA:33,3
DA:34,3
DA:35,3
DA:36,3
DA:37,3
DA:38,3
DA:39,0
DA:40,0
DA:41,0
DA:42,0
DA:43,0
DA:44,0
DA:45,0
DA:46,0
DA:47,0
DA:48,0
DA:49,0
DA:50,0
DA:51,0
DA:52,0
DA:53,0
DA:54,0
DA:55,0
DA:56,0
DA:57,0
DA:58,0
DA:59,3
DA:60,3
DA:61,0
DA:62,0
DA:63,0
DA:64,0
DA:65,0
DA:66,0
DA:67,0
DA:68,0
DA:69,0
DA:70,0
DA:71,0
DA:72,0
DA:73,0
DA:74,0
DA:75,0
DA:76,0
DA:77,0
DA:78,0
DA:79,0
DA:80,0
DA:81,0
DA:82,0
DA:83,0
DA:84,0
DA:85,0
DA:86,0
DA:87,0
DA:88,0
DA:89,0
DA:90,0
DA:91,0
DA:92,0
DA:93,0
DA:94,0
DA:95,3
LF:95
LH:41
BRDA:6,0,0,3
BRDA:20,1,0,3
BRF:2
BRH:2
end_of_record
TN:
SF:src/nodes/accessibility/index.ts
FNF:0
FNH:0
DA:1,3
DA:2,3
DA:3,3
LF:3
LH:3
BRF:0
BRH:0
end_of_record
TN:
SF:src/nodes/array/arraySubgraph.ts
FN:24,<static_initializer>
FNF:1
FNH:1
FNDA:3,<static_initializer>
DA:1,3
DA:2,3
DA:3,3
DA:4,3
DA:5,3
DA:6,3
DA:7,3
DA:8,3
DA:9,3
DA:10,3
DA:11,3
DA:12,3
DA:13,3
DA:14,3
DA:15,3
DA:16,3
DA:17,3
DA:18,3
DA:19,3
DA:20,3
DA:21,3
DA:22,3
DA:23,3
DA:24,3
DA:25,0
DA:26,0
DA:27,0
DA:28,0
DA:29,0
DA:30,0
DA:31,0
DA:32,0
DA:33,0
DA:34,0
DA:35,0
DA:36,0
DA:37,0
DA:38,0
DA:39,0
DA:40,0
DA:41,0
DA:42,0
DA:43,0
DA:44,0
DA:45,0
DA:46,0
DA:47,0
DA:48,0
DA:49,0
DA:50,0
DA:51,0
DA:52,0
DA:53,0
DA:54,0
DA:55,0
DA:56,0
DA:57,0
DA:58,0
DA:59,0
DA:60,0
DA:61,0
DA:62,0
DA:63,0
DA:64,0
DA:65,0
DA:66,0
DA:67,0
DA:68,0
DA:69,0
DA:70,0
DA:71,0
DA:72,0
DA:73,0
DA:74,0
DA:75,0
DA:76,0
DA:77,0
DA:78,0
DA:79,0
DA:80,0
DA:81,0
DA:82,0
DA:83,0
DA:84,0
DA:85,0
DA:86,0
DA:87,0
DA:88,0
DA:89,0
DA:90,0
DA:91,0
DA:92,0
DA:93,0
DA:94,0
DA:95,0
DA:96,0
DA:97,0
DA:98,0
DA:99,0
DA:100,0
DA:101,0
DA:102,0
DA:103,0
DA:104,0
DA:105,0
DA:106,0
DA:107,0
DA:108,0
DA:109,0
DA:110,0
DA:111,0
DA:112,0
DA:113,0
DA:114,0
DA:115,0
DA:116,0
DA:117,0
DA:118,0
DA:119,0
DA:120,0
DA:121,0
DA:122,0
DA:123,0
DA:124,0
DA:125,0
DA:126,0
DA:127,0
DA:128,0
DA:129,0
DA:130,0
DA:131,0
DA:132,0
DA:133,0
DA:134,0
DA:135,0
DA:136,0
DA:137,0
DA:138,0
DA:139,0
DA:140,0
DA:141,0
DA:142,0
DA:143,0
DA:144,0
DA:145,0
DA:146,0
DA:147,0
DA:148,0
DA:149,0
DA:150,0
DA:151,0
DA:152,0
DA:153,0
DA:154,0
DA:155,0
DA:156,0
DA:157,0
DA:158,0
DA:159,0
DA:160,0
DA:161,0
DA:162,0
DA:163,0
DA:164,0
DA:165,0
DA:166,0
DA:167,0
DA:168,0
DA:169,0
DA:170,0
DA:171,0
DA:172,0
DA:173,0
DA:174,0
DA:175,0
DA:176,0
DA:177,0
DA:178,0
DA:179,0
DA:180,0
DA:181,0
DA:182,0
DA:183,0
DA:184,0
DA:185,0
DA:186,0
DA:187,0
DA:188,0
DA:189,0
DA:190,0
DA:191,0
DA:192,0
DA:193,0
DA:194,0
DA:195,0
DA:196,0
DA:197,0
DA:198,0
DA:199,0
DA:200,0
DA:201,0
DA:202,0
DA:203,0
DA:204,0
DA:205,0
DA:206,0
DA:207,0
DA:208,0
DA:209,0
DA:210,0
DA:211,0
DA:212,0
DA:213,0
DA:214,0
DA:215,0
DA:216,0
DA:217,0
DA:218,0
DA:219,0
DA:220,0
DA:221,0
DA:222,0
DA:223,0
DA:224,0
DA:225,0
DA:226,0
DA:227,0
DA:228,0
DA:229,0
DA:230,0
DA:231,0
DA:232,0
DA:233,0
DA:234,0
DA:235,0
DA:236,0
DA:237,0
DA:238,0
LF:238
LH:24
BRDA:24,0,0,3
BRF:1
BRH:1
end_of_record
TN:
SF:src/nodes/array/arrify.ts
FN:8,<static_initializer>
FN:21,NodeDefinition
FN:35,execute
FNF:3
FNH:1
FNDA:3,<static_initializer>
FNDA:0,NodeDefinition
FNDA:0,execute
DA:1,3
DA:2,3
DA:3,3
DA:4,3
DA:5,3
DA:6,3
DA:7,3
DA:8,3
DA:9,3
DA:10,3
DA:11,3
DA:12,3
DA:13,3
DA:14,3
DA:15,3
DA:16,3
DA:17,3
DA:18,3
DA:19,3
DA:20,3
DA:21,3
DA:22,0
DA:23,0
DA:24,0
DA:25,0
DA:26,0
DA:27,0
DA:28,0
DA:29,0
DA:30,0
DA:31,0
DA:32,0
DA:33,0
DA:34,3
DA:35,3
DA:36,0
DA:37,0
DA:38,0
DA:39,3
LF:39
LH:24
BRDA:8,0,0,3
BRF:1
BRH:1
end_of_record
TN:
SF:src/nodes/array/concat.ts
FN:4,<static_initializer>
FN:17,NodeDefinition
FN:30,execute
FNF:3
FNH:3
FNDA:4,<static_initializer>
FNDA:1,NodeDefinition
FNDA:3,execute
DA:1,4
DA:2,4
DA:3,4
DA:4,4
DA:5,4
DA:6,4
DA:7,4
DA:8,4
DA:9,4
DA:10,4
DA:11,4
DA:12,4
DA:13,4
DA:14,4
DA:15,4
DA:16,4
DA:17,4
DA:18,1
DA:19,1
DA:20,1
DA:21,1
DA:22,1
DA:23,1
DA:24,1
DA:25,1
DA:26,1
DA:27,1
DA:28,1
DA:29,4
DA:30,4
DA:31,3
DA:32,3
DA:33,3
DA:34,3
DA:35,3
DA:36,3
DA:37,3
DA:38,3
DA:39,3
DA:40,4
LF:40
LH:40
BRDA:4,0,0,4
BRDA:17,1,0,4
BRDA:30,2,0,6
BRDA:35,3,0,3
BRF:4
BRH:4
end_of_record
TN:
SF:src/nodes/array/index.ts
FNF:0
FNH:0
DA:1,3
DA:2,3
DA:3,3
DA:4,3
DA:5,3
DA:6,3
DA:7,3
DA:8,3
DA:9,3
DA:10,3
DA:11,3
DA:12,3
DA:13,3
DA:14,3
DA:15,3
DA:16,3
DA:17,3
DA:18,3
DA:19,3
LF:19
LH:19
BRF:0
BRH:0
end_of_record
TN:
SF:src/nodes/array/indexArray.ts
FN:8,<static_initializer>
FN:31,NodeDefinition
FN:48,execute
FNF:3
FNH:3
FNDA:4,<static_initializer>
FNDA:2,NodeDefinition
FNDA:6,execute
DA:1,4
DA:2,4
DA:3,4
DA:4,4
DA:5,4
DA:6,4
DA:7,4
DA:8,4
DA:9,4
DA:10,4
DA:11,4
DA:12,4
DA:13,4
DA:14,4
DA:15,4
DA:16,4
DA:17,4
DA:18,4
DA:19,4
DA:20,4
DA:21,4
DA:22,4
DA:23,4
DA:24,4
DA:25,4
DA:26,4
DA:27,4
DA:28,4
DA:29,4
DA:30,4
DA:31,4
DA:32,2
DA:33,2
DA:34,2
DA:35,2
DA:36,2
DA:37,2
DA:38,2
DA:39,2
DA:40,2
DA:41,2
DA:42,2
DA:43,2
DA:44,2
DA:45,2
DA:46,2
DA:47,4
DA:48,4
DA:49,6
DA:50,6
DA:51,6
DA:52,6
DA:53,6
DA:54,6
DA:55,6
DA:56,6
DA:57,6
DA:58,6
DA:59,4
LF:59
LH:59
BRDA:8,0,0,4
BRDA:31,1,0,5
BRDA:48,2,0,9
BRF:3
BRH:3
end_of_record
TN:
SF:src/nodes/array/push.ts
FN:4,<static_initializer>
FN:26,NodeDefinition
FN:39,execute
FNF:3
FNH:3
FNDA:4,<static_initializer>
FNDA:1,NodeDefinition
FNDA:3,execute
DA:1,4
DA:2,4
DA:3,4
DA:4,4
DA:5,4
DA:6,4
DA:7,4
DA:8,4
DA:9,4
DA:10,4
DA:11,4
DA:12,4
DA:13,4
DA:14,4
DA:15,4
DA:16,4
DA:17,4
DA:18,4
DA:19,4
DA:20,4
DA:21,4
DA:22,4
DA:23,4
DA:24,4
DA:25,4
DA:26,4
DA:27,1
DA:28,1
DA:29,1
DA:30,1
DA:31,1
DA:32,1
DA:33,1
DA:34,1
DA:35,1
DA:36,1
DA:37,1
DA:38,4
DA:39,4
DA:40,3
DA:41,3
DA:42,3
DA:43,3
DA:44,3
DA:45,3
DA:46,4
LF:46
LH:46
BRDA:4,0,0,4
BRDA:26,1,0,4
BRDA:39,2,0,6
BRF:3
BRH:3
end_of_record
TN:
SF:src/nodes/array/reverse.ts
FN:4,<static_initializer>
FN:16,NodeDefinition
FN:26,execute
FNF:3
FNH:3
FNDA:4,<static_initializer>
FNDA:1,NodeDefinition
FNDA:2,execute
DA:1,4
DA:2,4
DA:3,4
DA:4,4
DA:5,4
DA:6,4
DA:7,4
DA:8,4
DA:9,4
DA:10,4
DA:11,4
DA:12,4
DA:13,4
DA:14,4
DA:15,4
DA:16,4
DA:17,1
DA:18,1
DA:19,1
DA:20,1
DA:21,1
DA:22,1
DA:23,1
DA:24,1
DA:25,4
DA:26,4
DA:27,2
DA:28,2
DA:29,2
DA:30,2
DA:31,2
DA:32,2
DA:33,4
LF:33
LH:33
BRDA:4,0,0,4
BRDA:16,1,0,4
BRDA:26,2,0,5
BRF:3
BRH:3
end_of_record
TN:
SF:src/nodes/array/slice.ts
FN:4,<static_initializer>
FN:17,NodeDefinition
FN:33,execute
FNF:3
FNH:3
FNDA:4,<static_initializer>
FNDA:1,NodeDefinition
FNDA:4,execute
DA:1,4
DA:2,4
DA:3,4
DA:4,4
DA:5,4
DA:6,4
DA:7,4
DA:8,4
DA:9,4
DA:10,4
DA:11,4
DA:12,4
DA:13,4
DA:14,4
DA:15,4
DA:16,4
DA:17,4
DA:18,1
DA:19,1
DA:20,1
DA:21,1
DA:22,1
DA:23,1
DA:24,1
DA:25,1
DA:26,1
DA:27,1
DA:28,1
DA:29,1
DA:30,1
DA:31,1
DA:32,4
DA:33,4
DA:34,4
DA:35,4
DA:36,4
DA:37,4
DA:38,4
DA:39,4
DA:40,4
LF:40
LH:40
BRDA:4,0,0,4
BRDA:17,1,0,4
BRDA:33,2,0,7
BRF:3
BRH:3
end_of_record
TN:
SF:src/nodes/array/sort.ts
FN:20,<static_initializer>
FN:35,NodeDefinition
FN:55,execute
FNF:3
FNH:3
FNDA:4,<static_initializer>
FNDA:2,NodeDefinition
FNDA:7,execute
DA:1,4
DA:2,4
DA:3,4
DA:4,4
DA:5,4
DA:6,4
DA:7,4
DA:8,4
DA:9,4
DA:10,4
DA:11,4
DA:12,4
DA:13,4
DA:14,4
DA:15,4
DA:16,4
DA:17,4
DA:18,4
DA:19,4
DA:20,4
DA:21,4
DA:22,4
DA:23,4
DA:24,4
DA:25,4
DA:26,4
DA:27,4
DA:28,4
DA:29,4
DA:30,4
DA:31,4
DA:32,4
DA:33,4
DA:34,4
DA:35,4
DA:36,2
DA:37,2
DA:38,2
DA:39,2
DA:40,2
DA:41,2
DA:42,2
DA:43,2
DA:44,2
DA:45,2
DA:46,2
DA:47,2
DA:48,2
DA:49,2
DA:50,2
DA:51,2
DA:52,2
DA:53,2
DA:54,4
DA:55,4
DA:56,7
DA:57,7
DA:58,7
DA:59,7
DA:60,7
DA:61,7
DA:62,4
LF:62
LH:62
BRDA:6,0,0,4
BRDA:20,1,0,4
BRDA:35,2,0,5
BRDA:55,3,0,10
BRF:4
BRH:4
end_of_record
TN:
SF:src/nodes/color/blend.ts
FN:18,<static_initializer>
FN:35,NodeDefinition
FN:71,execute
FNF:3
FNH:3
FNDA:4,<static_initializer>
FNDA:2,NodeDefinition
FNDA:10,execute
DA:1,4
DA:2,4
DA:3,4
DA:4,4
DA:5,4
DA:6,4
DA:7,4
DA:8,4
DA:9,4
DA:10,4
DA:11,4
DA:12,4
DA:13,4
DA:14,4
DA:15,4
DA:16,4
DA:17,4
DA:18,4
DA:19,4
DA:20,4
DA:21,4
DA:22,4
DA:23,4
DA:24,4
DA:25,4
DA:26,4
DA:27,4
DA:28,4
DA:29,4
DA:30,4
DA:31,4
DA:32,4
DA:33,4
DA:34,4
DA:35,4
DA:36,2
DA:37,2
DA:38,2
DA:39,2
DA:40,2
DA:41,2
DA:42,2
DA:43,2
DA:44,2
DA:45,2
DA:46,2
DA:47,2
DA:48,2
DA:49,2
DA:50,2
DA:51,2
DA:52,2
DA:53,2
DA:54,2
DA:55,2
DA:56,2
DA:57,2
DA:58,2
DA:59,2
DA:60,2
DA:61,2
DA:62,2
DA:63,2
DA:64,2
DA:65,2
DA:66,2
DA:67,2
DA:68,2
DA:69,2
DA:70,4
DA:71,4
DA:72,10
DA:73,10
DA:74,10
DA:75,10
DA:76,10
DA:77,10
DA:78,10
DA:79,10
DA:80,10
DA:81,4
LF:81
LH:81
BRDA:18,0,0,4
BRDA:35,1,0,5
BRDA:71,2,0,13
BRF:3
BRH:3
end_of_record
TN:
SF:src/nodes/color/contrast.ts
FN:12,<static_initializer>
FN:17,NodeDefinition
FN:50,execute
FNF:3
FNH:1
FNDA:3,<static_initializer>
FNDA:0,NodeDefinition
FNDA:0,execute
DA:1,3
DA:2,3
DA:3,3
DA:4,3
DA:5,3
DA:6,3
DA:7,3
DA:8,3
DA:9,3
DA:10,3
DA:11,3
DA:12,3
DA:13,3
DA:14,3
DA:15,3
DA:16,3
DA:17,3
DA:18,0
DA:19,0
DA:20,0
DA:21,0
DA:22,0
DA:23,0
DA:24,0
DA:25,0
DA:26,0
DA:27,0
DA:28,0
DA:29,0
DA:30,0
DA:31,0
DA:32,0
DA:33,0
DA:34,0
DA:35,0
DA:36,0
DA:37,0
DA:38,0
DA:39,0
DA:40,0
DA:41,0
DA:42,0
DA:43,0
DA:44,0
DA:45,0
DA:46,0
DA:47,0
DA:48,0
DA:49,3
DA:50,3
DA:51,0
DA:52,0
DA:53,0
DA:54,0
DA:55,0
DA:56,0
DA:57,0
DA:58,0
DA:59,3
LF:59
LH:20
BRDA:12,0,0,3
BRF:1
BRH:1
end_of_record
TN:
SF:src/nodes/color/contrasting.ts
FN:16,<static_initializer>
FN:35,NodeDefinition
FN:81,execute
FNF:3
FNH:3
FNDA:4,<static_initializer>
FNDA:3,NodeDefinition
FNDA:18,execute
DA:1,4
DA:2,4
DA:3,4
DA:4,4
DA:5,4
DA:6,4
DA:7,4
DA:8,4
DA:9,4
DA:10,4
DA:11,4
DA:12,4
DA:13,4
DA:14,4
DA:15,4
DA:16,4
DA:17,4
DA:18,4
DA:19,4
DA:20,4
DA:21,4
DA:22,4
DA:23,4
DA:24,4
DA:25,4
DA:26,4
DA:27,4
DA:28,4
DA:29,4
DA:30,4
DA:31,4
DA:32,4
DA:33,4
DA:34,4
DA:35,4
DA:36,3
DA:37,3
DA:38,3
DA:39,3
DA:40,3
DA:41,3
DA:42,3
DA:43,3
DA:44,3
DA:45,3
DA:46,3
DA:47,3
DA:48,3
DA:49,3
DA:50,3
DA:51,3
DA:52,3
DA:53,3
DA:54,3
DA:55,3
DA:56,3
DA:57,3
DA:58,3
DA:59,3
DA:60,3
DA:61,3
DA:62,3
DA:63,3
DA:64,3
DA:65,3
DA:66,3
DA:67,3
DA:68,3
DA:69,3
DA:70,3
DA:71,3
DA:72,3
DA:73,3
DA:74,3
DA:75,3
DA:76,3
DA:77,3
DA:78,3
DA:79,3
DA:80,4
DA:81,4
DA:82,18
DA:83,18
DA:84,18
DA:85,18
DA:86,18
DA:87,18
DA:88,18
DA:89,18
DA:90,18
DA:91,18
DA:92,6
DA:93,6
DA:94,6
DA:95,18
DA:96,12
DA:97,12
DA:98,12
DA:99,12
DA:100,18
DA:101,4
LF:101
LH:101
BRDA:16,0,0,4
BRDA:35,1,0,6
BRDA:81,2,0,21
BRDA:91,3,0,9
BRDA:95,4,0,15
BRF:5
BRH:5
end_of_record
TN:
SF:src/nodes/color/contrastingAlpha.ts
FN:17,contrastCheck
FN:25,<static_initializer>
FN:43,NodeDefinition
FN:91,execute
FNF:4
FNH:1
FNDA:0,contrastCheck
FNDA:3,<static_initializer>
FNDA:0,NodeDefinition
FNDA:0,execute
DA:1,3
DA:2,3
DA:3,3
DA:4,3
DA:5,3
DA:6,3
DA:7,3
DA:8,3
DA:9,3
DA:10,3
DA:11,3
DA:12,3
DA:13,3
DA:14,3
DA:15,3
DA:16,3
DA:17,3
DA:18,0
DA:19,0
DA:20,0
DA:21,0
DA:22,0
DA:23,0
DA:24,3
DA:25,3
DA:26,3
DA:27,3
DA:28,3
DA:29,3
DA:30,3
DA:31,3
DA:32,3
DA:33,3
DA:34,3
DA:35,3
DA:36,3
DA:37,3
DA:38,3
DA:39,3
DA:40,3
DA:41,3
DA:42,3
DA:43,3
DA:44,0
DA:45,0
DA:46,0
DA:47,0
DA:48,0
DA:49,0
DA:50,0
DA:51,0
DA:52,0
DA:53,0
DA:54,0
DA:55,0
DA:56,0
DA:57,0
DA:58,0
DA:59,0
DA:60,0
DA:61,0
DA:62,0
DA:63,0
DA:64,0
DA:65,0
DA:66,0
DA:67,0
DA:68,0
DA:69,0
DA:70,0
DA:71,0
DA:72,0
DA:73,0
DA:74,0
DA:75,0
DA:76,0
DA:77,0
DA:78,0
DA:79,0
DA:80,0
DA:81,0
DA:82,0
DA:83,0
DA:84,0
DA:85,0
DA:86,0
DA:87,0
DA:88,0
DA:89,0
DA:90,3
DA:91,3
DA:92,0
DA:93,0
DA:94,0
DA:95,0
DA:96,0
DA:97,0
DA:98,0
DA:99,0
DA:100,0
DA:101,0
DA:102,0
DA:103,0
DA:104,0
DA:105,0
DA:106,0
DA:107,0
DA:108,0
DA:109,0
DA:110,0
DA:111,0
DA:112,0
DA:113,0
DA:114,0
DA:115,0
DA:116,0
DA:117,0
DA:118,0
DA:119,0
DA:120,0
DA:121,0
DA:122,0
DA:123,0
DA:124,0
DA:125,0
DA:126,0
DA:127,0
DA:128,0
DA:129,0
DA:130,0
DA:131,0
DA:132,0
DA:133,0
DA:134,0
DA:135,0
DA:136,0
DA:137,0
DA:138,0
DA:139,0
DA:140,0
DA:141,0
DA:142,0
DA:143,0
DA:144,0
DA:145,0
DA:146,0
DA:147,0
DA:148,0
DA:149,0
DA:150,0
DA:151,0
DA:152,0
DA:153,0
DA:154,0
DA:155,0
DA:156,0
DA:157,0
DA:158,0
DA:159,0
DA:160,0
DA:161,0
DA:162,0
DA:163,0
DA:164,0
DA:165,0
DA:166,0
DA:167,0
DA:168,0
DA:169,0
DA:170,0
DA:171,0
DA:172,0
DA:173,0
DA:174,0
DA:175,3
LF:175
LH:40
BRDA:25,0,0,3
BRF:1
BRH:1
end_of_record
TN:
SF:src/nodes/color/convert.ts
FN:38,<static_initializer>
FN:72,NodeDefinition
FN:103,execute
FNF:3
FNH:3
FNDA:4,<static_initializer>
FNDA:5,NodeDefinition
FNDA:15,execute
DA:1,4
DA:2,4
DA:3,4
DA:4,4
DA:5,4
DA:6,4
DA:7,4
DA:8,4
DA:9,4
DA:10,4
DA:11,4
DA:12,4
DA:13,4
DA:14,4
DA:15,4
DA:16,4
DA:17,4
DA:18,4
DA:19,4
DA:20,4
DA:21,4
DA:22,4
DA:23,4
DA:24,4
DA:25,4
DA:26,4
DA:27,4
DA:28,4
DA:29,4
DA:30,4
DA:31,4
DA:32,4
DA:33,4
DA:34,4
DA:35,4
DA:36,4
DA:37,4
DA:38,4
DA:39,4
DA:40,4
DA:41,4
DA:42,4
DA:43,4
DA:44,4
DA:45,4
DA:46,4
DA:47,4
DA:48,4
DA:49,4
DA:50,4
DA:51,4
DA:52,4
DA:53,4
DA:54,4
DA:55,4
DA:56,4
DA:57,4
DA:58,4
DA:59,4
DA:60,4
DA:61,4
DA:62,4
DA:63,4
DA:64,4
DA:65,4
DA:66,4
DA:67,4
DA:68,4
DA:69,4
DA:70,4
DA:71,4
DA:72,4
DA:73,5
DA:74,5
DA:75,5
DA:76,5
DA:77,5
DA:78,5
DA:79,5
DA:80,5
DA:81,5
DA:82,5
DA:83,5
DA:84,5
DA:85,5
DA:86,5
DA:87,5
DA:88,5
DA:89,5
DA:90,5
DA:91,5
DA:92,5
DA:93,5
DA:94,5
DA:95,5
DA:96,5
DA:97,5
DA:98,5
DA:99,5
DA:100,5
DA:101,5
DA:102,4
DA:103,4
DA:104,15
DA:105,15
DA:106,15
DA:107,15
DA:108,15
DA:109,5
DA:110,5
DA:111,10
DA:112,15
DA:113,2
DA:114,2
DA:115,2
DA:116,10
DA:117,10
DA:118,10
DA:119,10
DA:120,10
DA:121,10
DA:122,10
DA:123,10
DA:124,10
DA:125,10
DA:126,10
DA:127,10
DA:128,10
DA:129,10
DA:130,15
DA:131,15
DA:132,15
DA:133,15
DA:134,15
DA:135,15
DA:136,6
DA:137,6
DA:138,6
DA:139,6
DA:140,6
DA:141,4
DA:142,4
DA:143,4
DA:144,4
DA:145,6
DA:146,6
DA:147,6
DA:148,6
DA:149,6
DA:150,6
DA:151,6
DA:152,6
DA:153,6
DA:154,6
DA:155,15
DA:156,15
DA:157,15
DA:158,2
DA:159,2
DA:160,2
DA:161,2
DA:162,2
DA:163,2
DA:164,2
DA:165,2
DA:166,2
DA:167,2
DA:168,2
DA:169,2
DA:170,15
DA:171,15
DA:172,15
DA:173,15
DA:174,15
DA:175,2
DA:176,2
DA:177,2
DA:178,2
DA:179,2
DA:180,2
DA:181,2
DA:182,2
DA:183,2
DA:184,2
DA:185,2
DA:186,2
DA:187,15
DA:188,0
DA:189,0
DA:190,0
DA:191,0
DA:192,0
DA:193,0
DA:194,0
DA:195,0
DA:196,0
DA:197,0
DA:198,0
DA:199,0
DA:200,15
DA:201,0
DA:202,15
DA:203,10
DA:204,10
DA:205,10
DA:206,10
DA:207,10
DA:208,10
DA:209,10
DA:210,15
DA:211,4
LF:211
LH:198
BRDA:38,0,0,4
BRDA:72,1,0,8
BRDA:103,2,0,18
BRDA:108,3,0,8
BRDA:110,4,0,13
BRDA:112,5,0,5
BRDA:115,6,0,13
BRDA:130,7,0,3
BRDA:131,8,0,5
BRDA:132,9,0,5
BRDA:133,10,0,5
BRDA:134,11,0,5
BRDA:135,12,0,9
BRDA:140,13,0,7
BRDA:155,14,0,5
BRDA:156,15,0,5
BRDA:157,16,0,5
BRDA:171,17,0,5
BRDA:172,18,0,5
BRDA:173,19,0,5
BRDA:174,20,0,5
BRDA:187,21,0,3
BRDA:200,22,0,3
BRDA:202,23,0,13
BRF:24
BRH:24
end_of_record
TN:
SF:src/nodes/color/create.ts
FN:60,<static_initializer>
FN:93,NodeDefinition
FN:132,execute
FNF:3
FNH:3
FNDA:4,<static_initializer>
FNDA:4,NodeDefinition
FNDA:22,execute
DA:1,4
DA:2,4
DA:3,4
DA:4,4
DA:5,4
DA:6,4
DA:7,4
DA:8,4
DA:9,4
DA:10,4
DA:11,4
DA:12,4
DA:13,4
DA:14,4
DA:15,4
DA:16,4
DA:17,4
DA:18,4
DA:19,4
DA:20,4
DA:21,4
DA:22,4
DA:23,4
DA:24,4
DA:25,4
DA:26,4
DA:27,4
DA:28,4
DA:29,4
DA:30,4
DA:31,4
DA:32,4
DA:33,4
DA:34,4
DA:35,4
DA:36,4
DA:37,4
DA:38,4
DA:39,4
DA:40,4
DA:41,4
DA:42,4
DA:43,4
DA:44,4
DA:45,4
DA:46,4
DA:47,4
DA:48,4
DA:49,4
DA:50,4
DA:51,4
DA:52,4
DA:53,4
DA:54,4
DA:55,4
DA:56,4
DA:57,4
DA:58,4
DA:59,4
DA:60,4
DA:61,4
DA:62,4
DA:63,4
DA:64,4
DA:65,4
DA:66,4
DA:67,4
DA:68,4
DA:69,4
DA:70,4
DA:71,4
DA:72,4
DA:73,4
DA:74,4
DA:75,4
DA:76,4
DA:77,4
DA:78,4
DA:79,4
DA:80,4
DA:81,4
DA:82,4
DA:83,4
DA:84,4
DA:85,4
DA:86,4
DA:87,4
DA:88,4
DA:89,4
DA:90,4
DA:91,4
DA:92,4
DA:93,4
DA:94,4
DA:95,4
DA:96,4
DA:97,4
DA:98,4
DA:99,4
DA:100,4
DA:101,4
DA:102,4
DA:103,4
DA:104,4
DA:105,4
DA:106,4
DA:107,4
DA:108,4
DA:109,4
DA:110,4
DA:111,4
DA:112,4
DA:113,4
DA:114,4
DA:115,4
DA:116,4
DA:117,4
DA:118,4
DA:119,4
DA:120,4
DA:121,4
DA:122,4
DA:123,4
DA:124,4
DA:125,4
DA:126,4
DA:127,4
DA:128,4
DA:129,4
DA:130,4
DA:131,4
DA:132,4
DA:133,22
DA:134,22
DA:135,22
DA:136,22
DA:137,22
DA:138,22
DA:139,22
DA:140,22
DA:141,22
DA:142,22
DA:143,88
DA:144,88
DA:145,22
DA:146,22
DA:147,22
DA:148,22
DA:149,22
DA:150,4
LF:150
LH:150
BRDA:60,0,0,4
BRDA:93,1,0,7
BRDA:132,2,0,25
BRDA:142,3,0,91
BRF:4
BRH:4
end_of_record
TN:
SF:src/nodes/color/darken.ts
FN:14,<static_initializer>
FN:29,NodeDefinition
FN:58,execute
FNF:3
FNH:1
FNDA:3,<static_initializer>
FNDA:0,NodeDefinition
FNDA:0,execute
DA:1,3
DA:2,3
DA:3,3
DA:4,3
DA:5,3
DA:6,3
DA:7,3
DA:8,3
DA:9,3
DA:10,3
DA:11,3
DA:12,3
DA:13,3
DA:14,3
DA:15,3
DA:16,3
DA:17,3
DA:18,3
DA:19,3
DA:20,3
DA:21,3
DA:22,3
DA:23,3
DA:24,3
DA:25,3
DA:26,3
DA:27,3
DA:28,3
DA:29,3
DA:30,0
DA:31,0
DA:32,0
DA:33,0
DA:34,0
DA:35,0
DA:36,0
DA:37,0
DA:38,0
DA:39,0
DA:40,0
DA:41,0
DA:42,0
DA:43,0
DA:44,0
DA:45,0
DA:46,0
DA:47,0
DA:48,0
DA:49,0
DA:50,0
DA:51,0
DA:52,0
DA:53,0
DA:54,0
DA:55,0
DA:56,0
DA:57,3
DA:58,3
DA:59,0
DA:60,0
DA:61,0
DA:62,0
DA:63,0
DA:64,0
DA:65,0
DA:66,0
DA:67,0
DA:68,3
LF:68
LH:32
BRDA:14,0,0,3
BRF:1
BRH:1
end_of_record
TN:
SF:src/nodes/color/deltaE.ts
FN:15,<static_initializer>
FN:21,NodeDefinition
FN:54,execute
FNF:3
FNH:1
FNDA:3,<static_initializer>
FNDA:0,NodeDefinition
FNDA:0,execute
DA:1,3
DA:2,3
DA:3,3
DA:4,3
DA:5,3
DA:6,3
DA:7,3
DA:8,3
DA:9,3
DA:10,3
DA:11,3
DA:12,3
DA:13,3
DA:14,3
DA:15,3
DA:16,3
DA:17,3
DA:18,3
DA:19,3
DA:20,3
DA:21,3
DA:22,0
DA:23,0
DA:24,0
DA:25,0
DA:26,0
DA:27,0
DA:28,0
DA:29,0
DA:30,0
DA:31,0
DA:32,0
DA:33,0
DA:34,0
DA:35,0
DA:36,0
DA:37,0
DA:38,0
DA:39,0
DA:40,0
DA:41,0
DA:42,0
DA:43,0
DA:44,0
DA:45,0
DA:46,0
DA:47,0
DA:48,0
DA:49,0
DA:50,0
DA:51,0
DA:52,0
DA:53,3
DA:54,3
DA:55,0
DA:56,0
DA:57,0
DA:58,0
DA:59,0
DA:60,0
DA:61,0
DA:62,0
DA:63,0
DA:64,3
LF:64
LH:24
BRDA:15,0,0,3
BRF:1
BRH:1
end_of_record
TN:
SF:src/nodes/color/distance.ts
FN:15,<static_initializer>
FN:31,NodeDefinition
FN:64,execute
FNF:3
FNH:1
FNDA:3,<static_initializer>
FNDA:0,NodeDefinition
FNDA:0,execute
DA:1,3
DA:2,3
DA:3,3
DA:4,3
DA:5,3
DA:6,3
DA:7,3
DA:8,3
DA:9,3
DA:10,3
DA:11,3
DA:12,3
DA:13,3
DA:14,3
DA:15,3
DA:16,3
DA:17,3
DA:18,3
DA:19,3
DA:20,3
DA:21,3
DA:22,3
DA:23,3
DA:24,3
DA:25,3
DA:26,3
DA:27,3
DA:28,3
DA:29,3
DA:30,3
DA:31,3
DA:32,0
DA:33,0
DA:34,0
DA:35,0
DA:36,0
DA:37,0
DA:38,0
DA:39,0
DA:40,0
DA:41,0
DA:42,0
DA:43,0
DA:44,0
DA:45,0
DA:46,0
DA:47,0
DA:48,0
DA:49,0
DA:50,0
DA:51,0
DA:52,0
DA:53,0
DA:54,0
DA:55,0
DA:56,0
DA:57,0
DA:58,0
DA:59,0
DA:60,0
DA:61,0
DA:62,0
DA:63,3
DA:64,3
DA:65,0
DA:66,0
DA:67,0
DA:68,0
DA:69,0
DA:70,0
DA:71,0
DA:72,0
DA:73,0
DA:74,0
DA:75,0
DA:76,0
DA:77,0
DA:78,0
DA:79,0
DA:80,3
LF:80
LH:34
BRDA:15,0,0,3
BRF:1
BRH:1
end_of_record
TN:
SF:src/nodes/color/flattenAlpha.ts
FN:7,<static_initializer>
FN:12,NodeDefinition
FN:31,execute
FNF:3
FNH:1
FNDA:3,<static_initializer>
FNDA:0,NodeDefinition
FNDA:0,execute
DA:1,3
DA:2,3
DA:3,3
DA:4,3
DA:5,3
DA:6,3
DA:7,3
DA:8,3
DA:9,3
DA:10,3
DA:11,3
DA:12,3
DA:13,0
DA:14,0
DA:15,0
DA:16,0
DA:17,0
DA:18,0
DA:19,0
DA:20,0
DA:21,0
DA:22,0
DA:23,0
DA:24,0
DA:25,0
DA:26,0
DA:27,0
DA:28,0
DA:29,0
DA:30,3
DA:31,3
DA:32,0
DA:33,0
DA:34,0
DA:35,0
DA:36,0
DA:37,0
DA:38,0
DA:39,0
DA:40,0
DA:41,3
LF:41
LH:15
BRDA:7,0,0,3
BRF:1
BRH:1
end_of_record
TN:
SF:src/nodes/color/index.ts
FNF:0
FNH:0
DA:1,3
DA:2,3
DA:3,3
DA:4,3
DA:5,3
DA:6,3
DA:7,3
DA:8,3
DA:9,3
DA:10,3
DA:11,3
DA:12,3
DA:13,3
DA:14,3
DA:15,3
DA:16,3
DA:17,3
DA:18,3
DA:19,3
DA:20,3
DA:21,3
DA:22,3
DA:23,3
DA:24,3
DA:25,3
DA:26,3
DA:27,3
DA:28,3
DA:29,3
DA:30,3
DA:31,3
DA:32,3
DA:33,3
DA:34,3
DA:35,3
LF:35
LH:35
BRF:0
BRH:0
end_of_record
TN:
SF:src/nodes/color/lighten.ts
FN:14,<static_initializer>
FN:29,NodeDefinition
FN:58,execute
FNF:3
FNH:1
FNDA:3,<static_initializer>
FNDA:0,NodeDefinition
FNDA:0,execute
DA:1,3
DA:2,3
DA:3,3
DA:4,3
DA:5,3
DA:6,3
DA:7,3
DA:8,3
DA:9,3
DA:10,3
DA:11,3
DA:12,3
DA:13,3
DA:14,3
DA:15,3
DA:16,3
DA:17,3
DA:18,3
DA:19,3
DA:20,3
DA:21,3
DA:22,3
DA:23,3
DA:24,3
DA:25,3
DA:26,3
DA:27,3
DA:28,3
DA:29,3
DA:30,0
DA:31,0
DA:32,0
DA:33,0
DA:34,0
DA:35,0
DA:36,0
DA:37,0
DA:38,0
DA:39,0
DA:40,0
DA:41,0
DA:42,0
DA:43,0
DA:44,0
DA:45,0
DA:46,0
DA:47,0
DA:48,0
DA:49,0
DA:50,0
DA:51,0
DA:52,0
DA:53,0
DA:54,0
DA:55,0
DA:56,0
DA:57,3
DA:58,3
DA:59,0
DA:60,0
DA:61,0
DA:62,0
DA:63,0
DA:64,0
DA:65,0
DA:66,0
DA:67,0
DA:68,3
LF:68
LH:32
BRDA:14,0,0,3
BRF:1
BRH:1
end_of_record
TN:
SF:src/nodes/color/mix.ts
FN:14,<static_initializer>
FN:30,NodeDefinition
FN:65,execute
FNF:3
FNH:1
FNDA:3,<static_initializer>
FNDA:0,NodeDefinition
FNDA:0,execute
DA:1,3
DA:2,3
DA:3,3
DA:4,3
DA:5,3
DA:6,3
DA:7,3
DA:8,3
DA:9,3
DA:10,3
DA:11,3
DA:12,3
DA:13,3
DA:14,3
DA:15,3
DA:16,3
DA:17,3
DA:18,3
DA:19,3
DA:20,3
DA:21,3
DA:22,3
DA:23,3
DA:24,3
DA:25,3
DA:26,3
DA:27,3
DA:28,3
DA:29,3
DA:30,3
DA:31,0
DA:32,0
DA:33,0
DA:34,0
DA:35,0
DA:36,0
DA:37,0
DA:38,0
DA:39,0
DA:40,0
DA:41,0
DA:42,0
DA:43,0
DA:44,0
DA:45,0
DA:46,0
DA:47,0
DA:48,0
DA:49,0
DA:50,0
DA:51,0
DA:52,0
DA:53,0
DA:54,0
DA:55,0
DA:56,0
DA:57,0
DA:58,0
DA:59,0
DA:60,0
DA:61,0
DA:62,0
DA:63,0
DA:64,3
DA:65,3
DA:66,0
DA:67,0
DA:68,0
DA:69,0
DA:70,0
DA:71,0
DA:72,0
DA:73,0
DA:74,0
DA:75,0
DA:76,0
DA:77,3
LF:77
LH:33
BRDA:14,0,0,3
BRF:1
BRH:1
end_of_record
TN:
SF:src/nodes/color/name.ts
FN:162,<static_initializer>
FN:166,NodeDefinition
FN:176,execute
FNF:3
FNH:1
FNDA:3,<static_initializer>
FNDA:0,NodeDefinition
FNDA:0,execute
DA:1,3
DA:2,3
DA:3,3
DA:4,3
DA:5,3
DA:6,3
DA:7,3
DA:8,3
DA:9,3
DA:10,3
DA:11,3
DA:12,3
DA:13,3
DA:14,3
DA:15,3
DA:16,3
DA:17,3
DA:18,3
DA:19,3
DA:20,3
DA:21,3
DA:22,3
DA:23,3
DA:24,3
DA:25,3
DA:26,3
DA:27,3
DA:28,3
DA:29,3
DA:30,3
DA:31,3
DA:32,3
DA:33,3
DA:34,3
DA:35,3
DA:36,3
DA:37,3
DA:38,3
DA:39,3
DA:40,3
DA:41,3
DA:42,3
DA:43,3
DA:44,3
DA:45,3
DA:46,3
DA:47,3
DA:48,3
DA:49,3
DA:50,3
DA:51,3
DA:52,3
DA:53,3
DA:54,3
DA:55,3
DA:56,3
DA:57,3
DA:58,3
DA:59,3
DA:60,3
DA:61,3
DA:62,3
DA:63,3
DA:64,3
DA:65,3
DA:66,3
DA:67,3
DA:68,3
DA:69,3
DA:70,3
DA:71,3
DA:72,3
DA:73,3
DA:74,3
DA:75,3
DA:76,3
DA:77,3
DA:78,3
DA:79,3
DA:80,3
DA:81,3
DA:82,3
DA:83,3
DA:84,3
DA:85,3
DA:86,3
DA:87,3
DA:88,3
DA:89,3
DA:90,3
DA:91,3
DA:92,3
DA:93,3
DA:94,3
DA:95,3
DA:96,3
DA:97,3
DA:98,3
DA:99,3
DA:100,3
DA:101,3
DA:102,3
DA:103,3
DA:104,3
DA:105,3
DA:106,3
DA:107,3
DA:108,3
DA:109,3
DA:110,3
DA:111,3
DA:112,3
DA:113,3
DA:114,3
DA:115,3
DA:116,3
DA:117,3
DA:118,3
DA:119,3
DA:120,3
DA:121,3
DA:122,3
DA:123,3
DA:124,3
DA:125,3
DA:126,3
DA:127,3
DA:128,3
DA:129,3
DA:130,3
DA:131,3
DA:132,3
DA:133,3
DA:134,3
DA:135,3
DA:136,3
DA:137,3
DA:138,3
DA:139,3
DA:140,3
DA:141,3
DA:142,3
DA:143,3
DA:144,3
DA:145,3
DA:146,3
DA:147,3
DA:148,3
DA:149,3
DA:150,3
DA:151,3
DA:152,3
DA:153,3
DA:154,3
DA:155,3
DA:156,3
DA:157,3
DA:158,3
DA:159,3
DA:160,3
DA:161,3
DA:162,3
DA:163,3
DA:164,3
DA:165,3
DA:166,3
DA:167,0
DA:168,0
DA:169,0
DA:170,0
DA:171,0
DA:172,0
DA:173,0
DA:174,0
DA:175,3
DA:176,3
DA:177,0
DA:178,0
DA:179,0
DA:180,0
DA:181,0
DA:182,0
DA:183,0
DA:184,0
DA:185,0
DA:186,0
DA:187,0
DA:188,0
DA:189,0
DA:190,0
DA:191,3
LF:191
LH:169
BRDA:162,0,0,3
BRF:1
BRH:1
end_of_record
TN:
SF:src/nodes/color/poline.ts
FN:24,convertHexToHsl
FN:32,<static_initializer>
FN:36,NodeDefinition
FN:77,execute
FNF:4
FNH:4
FNDA:32,convertHexToHsl
FNDA:4,<static_initializer>
FNDA:3,NodeDefinition
FNDA:16,execute
DA:1,4
DA:2,4
DA:3,4
DA:4,4
DA:5,4
DA:6,4
DA:7,4
DA:8,4
DA:9,4
DA:10,4
DA:11,4
DA:12,4
DA:13,4
DA:14,4
DA:15,4
DA:16,4
DA:17,4
DA:18,4
DA:19,4
DA:20,4
DA:21,4
DA:22,4
DA:23,4
DA:24,4
DA:25,32
DA:26,32
DA:27,32
DA:28,32
DA:29,32
DA:30,32
DA:31,4
DA:32,4
DA:33,4
DA:34,4
DA:35,4
DA:36,4
DA:37,3
DA:38,3
DA:39,3
DA:40,3
DA:41,3
DA:42,3
DA:43,3
DA:44,3
DA:45,3
DA:46,3
DA:47,3
DA:48,3
DA:49,3
DA:50,3
DA:51,3
DA:52,3
DA:53,3
DA:54,3
DA:55,3
DA:56,3
DA:57,3
DA:58,3
DA:59,3
DA:60,3
DA:61,3
DA:62,3
DA:63,3
DA:64,3
DA:65,3
DA:66,3
DA:67,3
DA:68,3
DA:69,3
DA:70,3
DA:71,3
DA:72,3
DA:73,3
DA:74,3
DA:75,3
DA:76,4
DA:77,4
DA:78,16
DA:79,16
DA:80,16
DA:81,16
DA:82,16
DA:83,16
DA:84,16
DA:85,16
DA:86,16
DA:87,16
DA:88,16
DA:89,0
DA:90,0
DA:91,16
DA:92,32
DA:93,32
DA:94,32
DA:95,32
DA:96,0
DA:97,0
DA:98,16
DA:99,16
DA:100,16
DA:101,16
DA:102,16
DA:103,16
DA:104,16
DA:105,16
DA:106,16
DA:107,16
DA:108,16
DA:109,16
DA:110,16
DA:111,16
DA:112,16
DA:113,16
DA:114,9
DA:115,9
DA:116,16
DA:117,16
DA:118,16
DA:119,16
DA:120,16
DA:121,4
LF:121
LH:117
BRDA:32,0,0,4
BRDA:24,1,0,32
BRDA:29,2,0,0
BRDA:36,3,0,6
BRDA:77,4,0,19
BRDA:88,5,0,3
BRDA:105,6,0,7
BRDA:105,7,0,15
BRDA:107,8,0,5
BRDA:107,9,0,17
BRDA:109,10,0,3
BRDA:113,11,0,12
BRDA:91,12,0,35
BRDA:95,13,0,3
BRDA:103,14,0,35
BRDA:117,15,0,93
BRF:16
BRH:15
end_of_record
TN:
SF:src/nodes/color/scale.ts
FN:8,<static_initializer>
FN:22,NodeDefinition
FN:38,execute
FNF:3
FNH:1
FNDA:3,<static_initializer>
FNDA:0,NodeDefinition
FNDA:0,execute
DA:1,3
DA:2,3
DA:3,3
DA:4,3
DA:5,3
DA:6,3
DA:7,3
DA:8,3
DA:9,3
DA:10,3
DA:11,3
DA:12,3
DA:13,3
DA:14,3
DA:15,3
DA:16,3
DA:17,3
DA:18,3
DA:19,3
DA:20,3
DA:21,3
DA:22,3
DA:23,0
DA:24,0
DA:25,0
DA:26,0
DA:27,0
DA:28,0
DA:29,0
DA:30,0
DA:31,0
DA:32,0
DA:33,0
DA:34,0
DA:35,0
DA:36,0
DA:37,3
DA:38,3
DA:39,0
DA:40,0
DA:41,0
DA:42,0
DA:43,0
DA:44,0
DA:45,0
DA:46,0
DA:47,0
DA:48,0
DA:49,0
DA:50,0
DA:51,0
DA:52,0
DA:53,0
DA:54,0
DA:55,0
DA:56,0
DA:57,3
LF:57
LH:25
BRDA:8,0,0,3
BRF:1
BRH:1
end_of_record
TN:
SF:src/nodes/color/wheel.ts
FN:7,<static_initializer>
FN:12,NodeDefinition
FN:51,execute
FNF:3
FNH:1
FNDA:3,<static_initializer>
FNDA:0,NodeDefinition
FNDA:0,execute
DA:1,3
DA:2,3
DA:3,3
DA:4,3
DA:5,3
DA:6,3
DA:7,3
DA:8,3
DA:9,3
DA:10,3
DA:11,3
DA:12,3
DA:13,0
DA:14,0
DA:15,0
DA:16,0
DA:17,0
DA:18,0
DA:19,0
DA:20,0
DA:21,0
DA:22,0
DA:23,0
DA:24,0
DA:25,0
DA:26,0
DA:27,0
DA:28,0
DA:29,0
DA:30,0
DA:31,0
DA:32,0
DA:33,0
DA:34,0
DA:35,0
DA:36,0
DA:37,0
DA:38,0
DA:39,0
DA:40,0
DA:41,0
DA:42,0
DA:43,0
DA:44,0
DA:45,0
DA:46,0
DA:47,0
DA:48,0
DA:49,0
DA:50,3
DA:51,3
DA:52,0
DA:53,0
DA:54,0
DA:55,0
DA:56,0
DA:57,0
DA:58,0
DA:59,0
DA:60,0
DA:61,0
DA:62,0
DA:63,0
DA:64,0
DA:65,0
DA:66,0
DA:67,0
DA:68,0
DA:69,0
DA:70,0
DA:71,3
LF:71
LH:15
BRDA:7,0,0,3
BRF:1
BRH:1
end_of_record
TN:
SF:src/nodes/color/lib/darken.ts
FN:4,darken
FNF:1
FNH:1
FNDA:7,darken
DA:1,4
DA:2,4
DA:3,4
DA:4,4
DA:5,7
DA:6,7
DA:7,7
DA:8,7
DA:9,7
DA:10,7
DA:11,0
DA:12,0
DA:13,0
DA:14,0
DA:15,0
DA:16,0
DA:17,0
DA:18,0
DA:19,7
DA:20,0
DA:21,0
DA:22,0
DA:23,0
DA:24,0
DA:25,0
DA:26,0
DA:27,0
DA:28,7
DA:29,7
DA:30,0
DA:31,0
DA:32,0
DA:33,0
DA:34,0
DA:35,0
DA:36,7
DA:37,7
DA:38,0
DA:39,0
DA:40,0
DA:41,0
DA:42,0
DA:43,0
DA:44,7
DA:45,0
DA:46,0
DA:47,0
DA:48,0
DA:49,0
DA:50,0
DA:51,0
DA:52,0
DA:53,0
DA:54,7
DA:55,7
DA:56,7
DA:57,7
DA:58,7
DA:59,7
DA:60,7
DA:61,7
DA:62,7
DA:63,7
DA:64,7
DA:65,7
DA:66,0
DA:67,0
DA:68,7
DA:69,7
LF:69
LH:30
BRDA:4,0,0,7
BRDA:10,1,0,0
BRDA:19,2,0,0
BRDA:29,3,0,0
BRDA:37,4,0,0
BRDA:44,5,0,0
BRDA:65,6,0,0
BRF:7
BRH:1
end_of_record
TN:
SF:src/nodes/color/lib/flattenAlpha.ts
FN:3,flattenAlpha
FNF:1
FNH:0
FNDA:0,flattenAlpha
DA:1,3
DA:2,3
DA:3,3
DA:4,0
DA:5,0
DA:6,0
DA:7,0
DA:8,0
DA:9,0
DA:10,0
DA:11,0
DA:12,0
DA:13,0
DA:14,0
DA:15,0
DA:16,0
DA:17,0
DA:18,0
DA:19,0
DA:20,0
DA:21,0
DA:22,0
DA:23,0
DA:24,0
DA:25,0
LF:25
LH:3
BRF:0
BRH:0
end_of_record
TN:
SF:src/nodes/color/lib/lighten.ts
FN:4,lighten
FNF:1
FNH:1
FNDA:3,lighten
DA:1,4
DA:2,4
DA:3,4
DA:4,4
DA:5,3
DA:6,3
DA:7,3
DA:8,3
DA:9,3
DA:10,3
DA:11,0
DA:12,0
DA:13,0
DA:14,0
DA:15,0
DA:16,0
DA:17,0
DA:18,0
DA:19,3
DA:20,0
DA:21,0
DA:22,0
DA:23,0
DA:24,0
DA:25,0
DA:26,0
DA:27,0
DA:28,3
DA:29,0
DA:30,0
DA:31,0
DA:32,0
DA:33,0
DA:34,0
DA:35,3
DA:36,0
DA:37,0
DA:38,0
DA:39,0
DA:40,0
DA:41,0
DA:42,0
DA:43,0
DA:44,0
DA:45,0
DA:46,0
DA:47,0
DA:48,0
DA:49,0
DA:50,0
DA:51,0
DA:52,0
DA:53,0
DA:54,3
DA:55,3
DA:56,3
DA:57,3
DA:58,3
DA:59,3
DA:60,3
DA:61,3
DA:62,3
DA:63,3
DA:64,0
DA:65,0
DA:66,3
DA:67,3
LF:67
LH:25
BRDA:4,0,0,3
BRDA:10,1,0,0
BRDA:19,2,0,0
BRDA:28,3,0,0
BRDA:35,4,0,0
BRDA:63,5,0,0
BRF:6
BRH:1
end_of_record
TN:
SF:src/nodes/color/lib/mix.ts
FN:4,mix
FNF:1
FNH:0
FNDA:0,mix
DA:1,4
DA:2,4
DA:3,4
DA:4,4
DA:5,0
DA:6,0
DA:7,0
DA:8,0
DA:9,0
DA:10,0
DA:11,0
DA:12,0
DA:13,0
LF:13
LH:4
BRF:0
BRH:0
end_of_record
TN:
SF:src/nodes/color/lib/modifyColor.ts
FN:8,modifyColor
FN:40,convertModifiedColorToHex
FNF:2
FNH:2
FNDA:10,modifyColor
FNDA:10,convertModifiedColorToHex
DA:1,4
DA:2,4
DA:3,4
DA:4,4
DA:5,4
DA:6,4
DA:7,4
DA:8,4
DA:9,10
DA:10,10
DA:11,10
DA:12,10
DA:13,10
DA:14,10
DA:15,10
DA:16,3
DA:17,3
DA:18,10
DA:19,7
DA:20,7
DA:21,10
DA:22,0
DA:23,0
DA:24,0
DA:25,0
DA:26,0
DA:27,0
DA:28,0
DA:29,10
DA:30,0
DA:31,0
DA:32,0
DA:33,10
DA:34,0
DA:35,10
DA:36,10
DA:37,10
DA:38,10
DA:39,4
DA:40,4
DA:41,10
DA:42,10
DA:43,10
DA:44,10
DA:45,10
DA:46,10
DA:47,10
DA:48,10
LF:48
LH:37
BRDA:8,0,0,10
BRDA:15,1,0,3
BRDA:18,2,0,7
BRDA:21,3,0,0
BRDA:29,4,0,0
BRDA:33,5,0,0
BRDA:40,6,0,10
BRF:7
BRH:4
end_of_record
TN:
SF:src/nodes/color/lib/transparentize.ts
FN:3,transparentize
FNF:1
FNH:0
FNDA:0,transparentize
DA:1,4
DA:2,4
DA:3,4
DA:4,0
DA:5,0
DA:6,0
LF:6
LH:3
BRF:0
BRH:0
end_of_record
TN:
SF:src/nodes/color/lib/types.ts
FNF:0
FNH:0
DA:1,4
DA:2,4
DA:3,4
DA:4,4
DA:5,4
DA:6,4
DA:7,4
DA:8,4
DA:9,4
DA:10,4
DA:11,4
DA:12,4
DA:13,4
DA:14,4
DA:15,4
DA:16,4
DA:17,4
DA:18,4
DA:19,4
DA:20,4
DA:21,4
DA:22,4
DA:23,4
DA:24,4
DA:25,4
DA:26,4
DA:27,4
DA:28,4
DA:29,4
DA:30,4
DA:31,4
DA:32,4
DA:33,4
DA:34,4
DA:35,4
DA:36,4
DA:37,4
DA:38,4
DA:39,4
DA:40,4
DA:41,4
DA:42,4
LF:42
LH:42
BRDA:3,0,0,4
BRF:1
BRH:1
end_of_record
TN:
SF:src/nodes/css/box.ts
FN:5,<static_initializer>
FN:21,NodeDefinition
FN:53,execute
FNF:3
FNH:3
FNDA:4,<static_initializer>
FNDA:1,NodeDefinition
FNDA:5,execute
DA:1,4
DA:2,4
DA:3,4
DA:4,4
DA:5,4
DA:6,4
DA:7,4
DA:8,4
DA:9,4
DA:10,4
DA:11,4
DA:12,4
DA:13,4
DA:14,4
DA:15,4
DA:16,4
DA:17,4
DA:18,4
DA:19,4
DA:20,4
DA:21,4
DA:22,1
DA:23,1
DA:24,1
DA:25,1
DA:26,1
DA:27,1
DA:28,1
DA:29,1
DA:30,1
DA:31,1
DA:32,1
DA:33,1
DA:34,1
DA:35,1
DA:36,1
DA:37,1
DA:38,1
DA:39,1
DA:40,1
DA:41,1
DA:42,1
DA:43,1
DA:44,1
DA:45,1
DA:46,1
DA:47,1
DA:48,1
DA:49,1
DA:50,1
DA:51,1
DA:52,4
DA:53,4
DA:54,5
DA:55,5
DA:56,5
DA:57,4
LF:57
LH:57
BRDA:5,0,0,4
BRDA:21,1,0,4
BRDA:53,2,0,8
BRF:3
BRH:3
end_of_record
TN:
SF:src/nodes/css/cssFunction.ts
FN:8,<static_initializer>
FN:22,NodeDefinition
FN:39,execute
FNF:3
FNH:1
FNDA:3,<static_initializer>
FNDA:0,NodeDefinition
FNDA:0,execute
DA:1,3
DA:2,3
DA:3,3
DA:4,3
DA:5,3
DA:6,3
DA:7,3
DA:8,3
DA:9,3
DA:10,3
DA:11,3
DA:12,3
DA:13,3
DA:14,3
DA:15,3
DA:16,3
DA:17,3
DA:18,3
DA:19,3
DA:20,3
DA:21,3
DA:22,3
DA:23,0
DA:24,0
DA:25,0
DA:26,0
DA:27,0
DA:28,0
DA:29,0
DA:30,0
DA:31,0
DA:32,0
DA:33,0
DA:34,0
DA:35,0
DA:36,0
DA:37,0
DA:38,3
DA:39,3
DA:40,0
DA:41,0
DA:42,0
DA:43,3
LF:43
LH:25
BRDA:8,0,0,3
BRF:1
BRH:1
end_of_record
TN:
SF:src/nodes/css/index.ts
FNF:0
FNH:0
DA:1,3
DA:2,3
DA:3,3
DA:4,3
DA:5,3
LF:5
LH:5
BRF:0
BRH:0
end_of_record
TN:
SF:src/nodes/css/map.ts
FN:13,<static_initializer>
FN:19,NodeDefinition
FN:29,execute
FNF:3
FNH:1
FNDA:3,<static_initializer>
FNDA:0,NodeDefinition
FNDA:0,execute
DA:1,3
DA:2,3
DA:3,3
DA:4,3
DA:5,3
DA:6,3
DA:7,3
DA:8,3
DA:9,3
DA:10,3
DA:11,3
DA:12,3
DA:13,3
DA:14,3
DA:15,3
DA:16,3
DA:17,3
DA:18,3
DA:19,3
DA:20,0
DA:21,0
DA:22,0
DA:23,0
DA:24,0
DA:25,0
DA:26,0
DA:27,0
DA:28,3
DA:29,3
DA:30,0
DA:31,0
DA:32,0
DA:33,0
DA:34,0
DA:35,0
DA:36,0
DA:37,0
DA:38,0
DA:39,0
DA:40,3
LF:40
LH:22
BRDA:13,0,0,3
BRF:1
BRH:1
end_of_record
TN:
SF:src/nodes/curves/bezier.ts
FN:6,<static_initializer>
FN:22,BezierCurveNode
FN:63,execute
FNF:3
FNH:1
FNDA:3,<static_initializer>
FNDA:0,BezierCurveNode
FNDA:0,execute
DA:1,3
DA:2,3
DA:3,3
DA:4,3
DA:5,3
DA:6,3
DA:7,3
DA:8,3
DA:9,3
DA:10,3
DA:11,3
DA:12,3
DA:13,3
DA:14,3
DA:15,3
DA:16,3
DA:17,3
DA:18,3
DA:19,3
DA:20,3
DA:21,3
DA:22,3
DA:23,0
DA:24,0
DA:25,0
DA:26,0
DA:27,0
DA:28,0
DA:29,0
DA:30,0
DA:31,0
DA:32,0
DA:33,0
DA:34,0
DA:35,0
DA:36,0
DA:37,0
DA:38,0
DA:39,0
DA:40,0
DA:41,0
DA:42,0
DA:43,0
DA:44,0
DA:45,0
DA:46,0
DA:47,0
DA:48,0
DA:49,0
DA:50,0
DA:51,0
DA:52,0
DA:53,0
DA:54,0
DA:55,0
DA:56,0
DA:57,0
DA:58,0
DA:59,0
DA:60,0
DA:61,0
DA:62,3
DA:63,3
DA:64,0
DA:65,0
DA:66,0
DA:67,0
DA:68,0
DA:69,0
DA:70,0
DA:71,0
DA:72,0
DA:73,0
DA:74,0
DA:75,0
DA:76,0
DA:77,0
DA:78,0
DA:79,0
DA:80,0
DA:81,0
DA:82,3
LF:82
LH:25
BRDA:6,0,0,3
BRF:1
BRH:1
end_of_record
TN:
SF:src/nodes/curves/index.ts
FNF:0
FNH:0
DA:1,3
DA:2,3
DA:3,3
DA:4,3
DA:5,3
LF:5
LH:5
BRF:0
BRH:0
end_of_record
TN:
SF:src/nodes/curves/presetBeziers.ts
FN:35,<static_initializer>
FN:48,BezierCurveNode
FN:64,execute
FNF:3
FNH:1
FNDA:3,<static_initializer>
FNDA:0,BezierCurveNode
FNDA:0,execute
DA:1,3
DA:2,3
DA:3,3
DA:4,3
DA:5,3
DA:6,3
DA:7,3
DA:8,3
DA:9,3
DA:10,3
DA:11,3
DA:12,3
DA:13,3
DA:14,3
DA:15,3
DA:16,3
DA:17,3
DA:18,3
DA:19,3
DA:20,3
DA:21,3
DA:22,3
DA:23,3
DA:24,3
DA:25,3
DA:26,3
DA:27,3
DA:28,3
DA:29,3
DA:30,3
DA:31,3
DA:32,3
DA:33,3
DA:34,3
DA:35,3
DA:36,3
DA:37,3
DA:38,3
DA:39,3
DA:40,3
DA:41,3
DA:42,3
DA:43,3
DA:44,3
DA:45,3
DA:46,3
DA:47,3
DA:48,3
DA:49,0
DA:50,0
DA:51,0
DA:52,0
DA:53,0
DA:54,0
DA:55,0
DA:56,0
DA:57,0
DA:58,0
DA:59,0
DA:60,0
DA:61,0
DA:62,0
DA:63,3
DA:64,3
DA:65,0
DA:66,0
DA:67,0
DA:68,0
DA:69,0
DA:70,0
DA:71,0
DA:72,0
DA:73,0
DA:74,0
DA:75,0
DA:76,0
DA:77,0
DA:78,0
DA:79,0
DA:80,0
DA:81,0
DA:82,0
DA:83,0
DA:84,0
DA:85,0
DA:86,0
DA:87,0
DA:88,0
DA:89,3
LF:89
LH:51
BRDA:35,0,0,3
BRF:1
BRH:1
end_of_record
TN:
SF:src/nodes/curves/sample.ts
FN:6,scaleVec
FN:7,addVec
FN:9,sampleBezier
FN:21,<static_initializer>
FN:44,NodeDefinition
FN:66,execute
FNF:6
FNH:1
FNDA:0,scaleVec
FNDA:0,addVec
FNDA:0,sampleBezier
FNDA:3,<static_initializer>
FNDA:0,NodeDefinition
FNDA:0,execute
DA:1,3
DA:2,3
DA:3,3
DA:4,3
DA:5,3
DA:6,3
DA:7,3
DA:8,3
DA:9,3
DA:10,0
DA:11,0
DA:12,0
DA:13,0
DA:14,0
DA:15,0
DA:16,0
DA:17,0
DA:18,0
DA:19,0
DA:20,3
DA:21,3
DA:22,3
DA:23,3
DA:24,3
DA:25,3
DA:26,3
DA:27,3
DA:28,3
DA:29,3
DA:30,3
DA:31,3
DA:32,3
DA:33,3
DA:34,3
DA:35,3
DA:36,3
DA:37,3
DA:38,3
DA:39,3
DA:40,3
DA:41,3
DA:42,3
DA:43,3
DA:44,3
DA:45,0
DA:46,0
DA:47,0
DA:48,0
DA:49,0
DA:50,0
DA:51,0
DA:52,0
DA:53,0
DA:54,0
DA:55,0
DA:56,0
DA:57,0
DA:58,0
DA:59,0
DA:60,0
DA:61,0
DA:62,0
DA:63,0
DA:64,0
DA:65,3
DA:66,3
DA:67,0
DA:68,0
DA:69,0
DA:70,0
DA:71,0
DA:72,0
DA:73,0
DA:74,0
DA:75,0
DA:76,0
DA:77,0
DA:78,0
DA:79,0
DA:80,0
DA:81,0
DA:82,0
DA:83,0
DA:84,3
LF:84
LH:37
BRDA:21,0,0,3
BRF:1
BRH:1
end_of_record
TN:
SF:src/nodes/generic/constant.ts
FN:11,<static_initializer>
FN:27,NodeDefinition
FN:38,execute
FNF:3
FNH:3
FNDA:3,<static_initializer>
FNDA:2,NodeDefinition
FNDA:4,execute
DA:1,3
DA:2,3
DA:3,3
DA:4,3
DA:5,3
DA:6,3
DA:7,3
DA:8,3
DA:9,3
DA:10,3
DA:11,3
DA:12,3
DA:13,3
DA:14,3
DA:15,3
DA:16,3
DA:17,3
DA:18,3
DA:19,3
DA:20,3
DA:21,3
DA:22,3
DA:23,3
DA:24,3
DA:25,3
DA:26,3
DA:27,3
DA:28,2
DA:29,2
DA:30,2
DA:31,2
DA:32,2
DA:33,2
DA:34,2
DA:35,2
DA:36,2
DA:37,3
DA:38,3
DA:39,4
DA:40,4
DA:41,4
DA:42,3
LF:42
LH:42
BRDA:11,0,0,3
BRDA:27,1,0,4
BRDA:38,2,0,6
BRF:3
BRH:3
end_of_record
TN:
SF:src/nodes/generic/delay.ts
FN:8,<static_initializer>
FNF:1
FNH:1
FNDA:3,<static_initializer>
DA:1,3
DA:2,3
DA:3,3
DA:4,3
DA:5,3
DA:6,3
DA:7,3
DA:8,3
DA:9,0
DA:10,0
DA:11,0
DA:12,0
DA:13,0
DA:14,0
DA:15,0
DA:16,0
DA:17,0
DA:18,0
DA:19,0
DA:20,0
DA:21,0
DA:22,0
DA:23,0
DA:24,0
DA:25,0
DA:26,0
DA:27,0
DA:28,0
DA:29,0
DA:30,0
DA:31,0
DA:32,0
DA:33,0
DA:34,0
DA:35,0
DA:36,0
DA:37,0
DA:38,0
DA:39,0
DA:40,0
DA:41,0
DA:42,0
DA:43,0
DA:44,0
DA:45,0
DA:46,0
DA:47,0
DA:48,0
DA:49,0
DA:50,0
DA:51,0
DA:52,0
DA:53,0
DA:54,0
LF:54
LH:8
BRDA:8,0,0,3
BRF:1
BRH:1
end_of_record
TN:
SF:src/nodes/generic/index.ts
FNF:0
FNH:0
DA:1,3
DA:2,3
DA:3,3
DA:4,3
DA:5,3
DA:6,3
DA:7,3
DA:8,3
DA:9,3
DA:10,3
DA:11,3
DA:12,3
DA:13,3
DA:14,3
DA:15,3
DA:16,3
DA:17,3
DA:18,3
DA:19,3
DA:20,3
DA:21,3
DA:22,3
DA:23,3
DA:24,3
DA:25,3
LF:25
LH:25
BRF:0
BRH:0
end_of_record
TN:
SF:src/nodes/generic/input.ts
FN:18,<static_initializer>
FN:25,NodeDefinition
FN:32,deserialize
FN:45,execute
FNF:4
FNH:4
FNDA:3,<static_initializer>
FNDA:3,NodeDefinition
FNDA:2,deserialize
FNDA:4,execute
DA:1,3
DA:2,3
DA:3,3
DA:4,3
DA:5,3
DA:6,3
DA:7,3
DA:8,3
DA:9,3
DA:10,3
DA:11,3
DA:12,3
DA:13,3
DA:14,3
DA:15,3
DA:16,3
DA:17,3
DA:18,3
DA:19,3
DA:20,3
DA:21,3
DA:22,3
DA:23,3
DA:24,3
DA:25,3
DA:26,3
DA:27,3
DA:28,3
DA:29,3
DA:30,3
DA:31,3
DA:32,3
DA:33,2
DA:34,2
DA:35,2
DA:36,2
DA:37,2
DA:38,2
DA:39,2
DA:40,2
DA:41,2
DA:42,2
DA:43,2
DA:44,3
DA:45,3
DA:46,4
DA:47,4
DA:48,4
DA:49,4
DA:50,4
DA:51,4
DA:52,4
DA:53,4
DA:54,1
DA:55,1
DA:56,1
DA:57,4
DA:58,3
DA:59,3
DA:60,4
DA:61,4
DA:62,4
DA:63,4
DA:64,4
DA:65,3
DA:66,0
DA:67,0
DA:68,4
DA:69,4
DA:70,3
LF:70
LH:68
BRDA:18,0,0,3
BRDA:25,1,0,4
BRDA:32,2,0,3
BRDA:35,3,0,3
BRDA:45,4,0,5
BRDA:50,5,0,5
BRDA:53,6,0,2
BRDA:64,7,0,4
BRDA:65,8,0,1
BRDA:57,9,0,4
BRF:10
BRH:10
end_of_record
TN:
SF:src/nodes/generic/note.ts
FN:10,<static_initializer>
FNF:1
FNH:1
FNDA:3,<static_initializer>
DA:1,3
DA:2,3
DA:3,3
DA:4,3
DA:5,3
DA:6,3
DA:7,3
DA:8,3
DA:9,3
DA:10,3
DA:11,3
DA:12,3
DA:13,3
DA:14,3
DA:15,3
LF:15
LH:15
BRDA:10,0,0,3
BRF:1
BRH:1
end_of_record
TN:
SF:src/nodes/generic/objectMerge.ts
FN:7,overwriteMerge
FN:9,combineMerge
FN:28,<static_initializer>
FN:42,NodeDefinition
FN:62,execute
FNF:5
FNH:1
FNDA:0,overwriteMerge
FNDA:0,combineMerge
FNDA:3,<static_initializer>
FNDA:0,NodeDefinition
FNDA:0,execute
DA:1,3
DA:2,3
DA:3,3
DA:4,3
DA:5,3
DA:6,3
DA:7,3
DA:8,3
DA:9,3
DA:10,0
DA:11,0
DA:12,0
DA:13,0
DA:14,0
DA:15,0
DA:16,0
DA:17,0
DA:18,0
DA:19,0
DA:20,0
DA:21,0
DA:22,0
DA:23,3
DA:24,3
DA:25,3
DA:26,3
DA:27,3
DA:28,3
DA:29,3
DA:30,3
DA:31,3
DA:32,3
DA:33,3
DA:34,3
DA:35,3
DA:36,3
DA:37,3
DA:38,3
DA:39,3
DA:40,3
DA:41,3
DA:42,3
DA:43,0
DA:44,0
DA:45,0
DA:46,0
DA:47,0
DA:48,0
DA:49,0
DA:50,0
DA:51,0
DA:52,0
DA:53,0
DA:54,0
DA:55,0
DA:56,0
DA:57,0
DA:58,0
DA:59,0
DA:60,0
DA:61,3
DA:62,3
DA:63,0
DA:64,0
DA:65,0
DA:66,0
DA:67,0
DA:68,0
DA:69,0
DA:70,0
DA:71,0
DA:72,0
DA:73,0
DA:74,0
DA:75,3
LF:75
LH:32
BRDA:28,0,0,3
BRF:1
BRH:1
end_of_record
TN:
SF:src/nodes/generic/objectify.ts
FN:7,<static_initializer>
FN:20,NodeDefinition
FN:30,execute
FNF:3
FNH:1
FNDA:3,<static_initializer>
FNDA:0,NodeDefinition
FNDA:0,execute
DA:1,3
DA:2,3
DA:3,3
DA:4,3
DA:5,3
DA:6,3
DA:7,3
DA:8,3
DA:9,3
DA:10,3
DA:11,3
DA:12,3
DA:13,3
DA:14,3
DA:15,3
DA:16,3
DA:17,3
DA:18,3
DA:19,3
DA:20,3
DA:21,0
DA:22,0
DA:23,0
DA:24,0
DA:25,0
DA:26,0
DA:27,0
DA:28,0
DA:29,3
DA:30,3
DA:31,0
DA:32,0
DA:33,0
DA:34,0
DA:35,0
DA:36,0
DA:37,0
DA:38,0
DA:39,0
DA:40,0
DA:41,0
DA:42,0
DA:43,0
DA:44,0
DA:45,0
DA:46,0
DA:47,0
DA:48,0
DA:49,3
LF:49
LH:23
BRDA:7,0,0,3
BRF:1
BRH:1
end_of_record
TN:
SF:src/nodes/generic/output.ts
FN:13,<static_initializer>
FN:26,NodeDefinition
FN:32,deserialize
FN:46,execute
FNF:4
FNH:4
FNDA:3,<static_initializer>
FNDA:4,NodeDefinition
FNDA:2,deserialize
FNDA:8,execute
DA:1,3
DA:2,3
DA:3,3
DA:4,3
DA:5,3
DA:6,3
DA:7,3
DA:8,3
DA:9,3
DA:10,3
DA:11,3
DA:12,3
DA:13,3
DA:14,3
DA:15,3
DA:16,3
DA:17,3
DA:18,3
DA:19,3
DA:20,3
DA:21,3
DA:22,3
DA:23,3
DA:24,3
DA:25,3
DA:26,3
DA:27,4
DA:28,4
DA:29,4
DA:30,4
DA:31,3
DA:32,3
DA:33,2
DA:34,2
DA:35,2
DA:36,2
DA:37,2
DA:38,2
DA:39,2
DA:40,2
DA:41,2
DA:42,2
DA:43,2
DA:44,2
DA:45,3
DA:46,3
DA:47,8
DA:48,8
DA:49,8
DA:50,8
DA:51,8
DA:52,8
DA:53,8
DA:54,8
DA:55,2
DA:56,2
DA:57,2
DA:58,2
DA:59,8
DA:60,8
DA:61,8
DA:62,8
DA:63,8
DA:64,6
DA:65,0
DA:66,0
DA:67,8
DA:68,8
DA:69,3
LF:69
LH:67
BRDA:13,0,0,3
BRDA:26,1,0,4
BRDA:32,2,0,3
BRDA:36,3,0,3
BRDA:46,4,0,8
BRDA:51,5,0,8
BRDA:54,6,0,2
BRDA:63,7,0,6
BRDA:64,8,0,0
BRF:9
BRH:8
end_of_record
TN:
SF:src/nodes/generic/panic.ts
FN:12,<static_initializer>
FN:22,NodeDefinition
FN:29,execute
FNF:3
FNH:1
FNDA:3,<static_initializer>
FNDA:0,NodeDefinition
FNDA:0,execute
DA:1,3
DA:2,3
DA:3,3
DA:4,3
DA:5,3
DA:6,3
DA:7,3
DA:8,3
DA:9,3
DA:10,3
DA:11,3
DA:12,3
DA:13,3
DA:14,3
DA:15,3
DA:16,3
DA:17,3
DA:18,3
DA:19,3
DA:20,3
DA:21,3
DA:22,3
DA:23,0
DA:24,0
DA:25,0
DA:26,0
DA:27,0
DA:28,3
DA:29,3
DA:30,0
DA:31,0
DA:32,0
DA:33,0
DA:34,0
DA:35,0
DA:36,3
LF:36
LH:25
BRDA:12,0,0,3
BRF:1
BRH:1
end_of_record
TN:
SF:src/nodes/generic/passthrough.ts
FN:8,<static_initializer>
FN:19,NodeDefinition
FN:29,execute
FNF:3
FNH:3
FNDA:5,<static_initializer>
FNDA:9,NodeDefinition
FNDA:9,execute
DA:1,5
DA:2,5
DA:3,5
DA:4,5
DA:5,5
DA:6,5
DA:7,5
DA:8,5
DA:9,5
DA:10,5
DA:11,5
DA:12,5
DA:13,5
DA:14,5
DA:15,5
DA:16,5
DA:17,5
DA:18,5
DA:19,5
DA:20,9
DA:21,9
DA:22,9
DA:23,9
DA:24,9
DA:25,9
DA:26,9
DA:27,9
DA:28,5
DA:29,5
DA:30,9
DA:31,9
DA:32,9
DA:33,5
LF:33
LH:33
BRDA:8,0,0,5
BRDA:19,1,0,12
BRDA:29,2,0,12
BRF:3
BRH:3
end_of_record
TN:
SF:src/nodes/generic/subgraph.ts
FN:20,<static_initializer>
FNF:1
FNH:1
FNDA:3,<static_initializer>
DA:1,3
DA:2,3
DA:3,3
DA:4,3
DA:5,3
DA:6,3
DA:7,3
DA:8,3
DA:9,3
DA:10,3
DA:11,3
DA:12,3
DA:13,3
DA:14,3
DA:15,3
DA:16,3
DA:17,3
DA:18,3
DA:19,3
DA:20,3
DA:21,0
DA:22,0
DA:23,0
DA:24,0
DA:25,0
DA:26,0
DA:27,0
DA:28,0
DA:29,0
DA:30,0
DA:31,0
DA:32,0
DA:33,0
DA:34,0
DA:35,0
DA:36,0
DA:37,0
DA:38,0
DA:39,0
DA:40,0
DA:41,0
DA:42,0
DA:43,0
DA:44,0
DA:45,0
DA:46,0
DA:47,0
DA:48,0
DA:49,0
DA:50,0
DA:51,0
DA:52,0
DA:53,0
DA:54,0
DA:55,0
DA:56,0
DA:57,0
DA:58,0
DA:59,0
DA:60,0
DA:61,0
DA:62,0
DA:63,0
DA:64,0
DA:65,0
DA:66,0
DA:67,0
DA:68,0
DA:69,0
DA:70,0
DA:71,0
DA:72,0
DA:73,0
DA:74,0
DA:75,0
DA:76,0
DA:77,0
DA:78,0
DA:79,0
DA:80,0
DA:81,0
DA:82,0
DA:83,0
DA:84,0
DA:85,0
DA:86,0
DA:87,0
DA:88,0
DA:89,0
DA:90,0
DA:91,0
DA:92,0
DA:93,0
DA:94,0
DA:95,0
DA:96,0
DA:97,0
DA:98,0
DA:99,0
DA:100,0
DA:101,0
DA:102,0
DA:103,0
DA:104,0
DA:105,0
DA:106,0
DA:107,0
DA:108,0
DA:109,0
DA:110,0
DA:111,0
DA:112,0
DA:113,0
DA:114,0
DA:115,0
DA:116,0
DA:117,0
DA:118,0
DA:119,0
DA:120,0
DA:121,0
DA:122,0
DA:123,0
DA:124,0
DA:125,0
DA:126,0
DA:127,0
DA:128,0
DA:129,0
DA:130,0
DA:131,0
LF:131
LH:20
BRDA:20,0,0,3
BRF:1
BRH:1
end_of_record
TN:
SF:src/nodes/generic/time.ts
FN:9,<static_initializer>
FNF:1
FNH:1
FNDA:3,<static_initializer>
DA:1,3
DA:2,3
DA:3,3
DA:4,3
DA:5,3
DA:6,3
DA:7,3
DA:8,3
DA:9,3
DA:10,0
DA:11,0
DA:12,0
DA:13,0
DA:14,0
DA:15,0
DA:16,0
DA:17,0
DA:18,0
DA:19,0
DA:20,0
DA:21,0
DA:22,0
DA:23,0
DA:24,0
DA:25,0
DA:26,0
DA:27,0
DA:28,0
DA:29,0
DA:30,0
DA:31,0
DA:32,0
DA:33,0
DA:34,0
DA:35,0
DA:36,0
DA:37,0
DA:38,0
DA:39,0
DA:40,0
DA:41,0
DA:42,0
DA:43,0
DA:44,0
LF:44
LH:9
BRDA:9,0,0,3
BRF:1
BRH:1
end_of_record
TN:
SF:src/nodes/gradient/gradientStop.ts
FN:9,<static_initializer>
FN:14,NodeDefinition
FN:27,execute
FNF:3
FNH:1
FNDA:3,<static_initializer>
FNDA:0,NodeDefinition
FNDA:0,execute
DA:1,3
DA:2,3
DA:3,3
DA:4,3
DA:5,3
DA:6,3
DA:7,3
DA:8,3
DA:9,3
DA:10,3
DA:11,3
DA:12,3
DA:13,3
DA:14,3
DA:15,0
DA:16,0
DA:17,0
DA:18,0
DA:19,0
DA:20,0
DA:21,0
DA:22,0
DA:23,0
DA:24,0
DA:25,0
DA:26,3
DA:27,3
DA:28,0
DA:29,0
DA:30,0
DA:31,3
LF:31
LH:17
BRDA:9,0,0,3
BRF:1
BRH:1
end_of_record
TN:
SF:src/nodes/gradient/index.ts
FNF:0
FNH:0
DA:1,3
DA:2,3
DA:3,3
LF:3
LH:3
BRF:0
BRH:0
end_of_record
TN:
SF:src/nodes/logic/and.ts
FN:9,<static_initializer>
FN:22,NodeDefinition
FN:36,execute
FNF:3
FNH:1
FNDA:3,<static_initializer>
FNDA:0,NodeDefinition
FNDA:0,execute
DA:1,3
DA:2,3
DA:3,3
DA:4,3
DA:5,3
DA:6,3
DA:7,3
DA:8,3
DA:9,3
DA:10,3
DA:11,3
DA:12,3
DA:13,3
DA:14,3
DA:15,3
DA:16,3
DA:17,3
DA:18,3
DA:19,3
DA:20,3
DA:21,3
DA:22,3
DA:23,0
DA:24,0
DA:25,0
DA:26,0
DA:27,0
DA:28,0
DA:29,0
DA:30,0
DA:31,0
DA:32,0
DA:33,0
DA:34,0
DA:35,3
DA:36,3
DA:37,0
DA:38,0
DA:39,0
DA:40,0
DA:41,3
LF:41
LH:25
BRDA:9,0,0,3
BRF:1
BRH:1
end_of_record
TN:
SF:src/nodes/logic/compare.ts
FN:14,<static_initializer>
FN:29,NodeDefinition
FN:50,execute
FNF:3
FNH:1
FNDA:3,<static_initializer>
FNDA:0,NodeDefinition
FNDA:0,execute
DA:1,3
DA:2,3
DA:3,3
DA:4,3
DA:5,3
DA:6,3
DA:7,3
DA:8,3
DA:9,3
DA:10,3
DA:11,3
DA:12,3
DA:13,3
DA:14,3
DA:15,3
DA:16,3
DA:17,3
DA:18,3
DA:19,3
DA:20,3
DA:21,3
DA:22,3
DA:23,3
DA:24,3
DA:25,3
DA:26,3
DA:27,3
DA:28,3
DA:29,3
DA:30,0
DA:31,0
DA:32,0
DA:33,0
DA:34,0
DA:35,0
DA:36,0
DA:37,0
DA:38,0
DA:39,0
DA:40,0
DA:41,0
DA:42,0
DA:43,0
DA:44,0
DA:45,0
DA:46,0
DA:47,0
DA:48,0
DA:49,3
DA:50,3
DA:51,0
DA:52,0
DA:53,0
DA:54,0
DA:55,0
DA:56,0
DA:57,0
DA:58,0
DA:59,0
DA:60,0
DA:61,0
DA:62,0
DA:63,0
DA:64,0
DA:65,0
DA:66,0
DA:67,0
DA:68,0
DA:69,0
DA:70,0
DA:71,0
DA:72,0
DA:73,0
DA:74,0
DA:75,0
DA:76,0
DA:77,3
LF:77
LH:32
BRDA:5,0,0,3
BRDA:14,1,0,3
BRF:2
BRH:2
end_of_record
TN:
SF:src/nodes/logic/if.ts
FN:5,<static_initializer>
FN:21,NodeDefinition
FN:37,execute
FNF:3
FNH:1
FNDA:3,<static_initializer>
FNDA:0,NodeDefinition
FNDA:0,execute
DA:1,3
DA:2,3
DA:3,3
DA:4,3
DA:5,3
DA:6,3
DA:7,3
DA:8,3
DA:9,3
DA:10,3
DA:11,3
DA:12,3
DA:13,3
DA:14,3
DA:15,3
DA:16,3
DA:17,3
DA:18,3
DA:19,3
DA:20,3
DA:21,3
DA:22,0
DA:23,0
DA:24,0
DA:25,0
DA:26,0
DA:27,0
DA:28,0
DA:29,0
DA:30,0
DA:31,0
DA:32,0
DA:33,0
DA:34,0
DA:35,0
DA:36,3
DA:37,3
DA:38,0
DA:39,0
DA:40,0
DA:41,0
DA:42,0
DA:43,0
DA:44,0
DA:45,0
DA:46,3
LF:46
LH:24
BRDA:5,0,0,3
BRF:1
BRH:1
end_of_record
TN:
SF:src/nodes/logic/index.ts
FNF:0
FNH:0
DA:1,3
DA:2,3
DA:3,3
DA:4,3
DA:5,3
DA:6,3
DA:7,3
DA:8,3
LF:8
LH:8
BRF:0
BRH:0
end_of_record
TN:
SF:src/nodes/logic/not.ts
FN:5,<static_initializer>
FN:18,NodeDefinition
FN:28,execute
FNF:3
FNH:1
FNDA:3,<static_initializer>
FNDA:0,NodeDefinition
FNDA:0,execute
DA:1,3
DA:2,3
DA:3,3
DA:4,3
DA:5,3
DA:6,3
DA:7,3
DA:8,3
DA:9,3
DA:10,3
DA:11,3
DA:12,3
DA:13,3
DA:14,3
DA:15,3
DA:16,3
DA:17,3
DA:18,3
DA:19,0
DA:20,0
DA:21,0
DA:22,0
DA:23,0
DA:24,0
DA:25,0
DA:26,0
DA:27,3
DA:28,3
DA:29,0
DA:30,0
DA:31,0
DA:32,0
DA:33,3
LF:33
LH:21
BRDA:5,0,0,3
BRF:1
BRH:1
end_of_record
TN:
SF:src/nodes/logic/or.ts
FN:9,<static_initializer>
FN:22,NodeDefinition
FN:36,execute
FNF:3
FNH:1
FNDA:3,<static_initializer>
FNDA:0,NodeDefinition
FNDA:0,execute
DA:1,3
DA:2,3
DA:3,3
DA:4,3
DA:5,3
DA:6,3
DA:7,3
DA:8,3
DA:9,3
DA:10,3
DA:11,3
DA:12,3
DA:13,3
DA:14,3
DA:15,3
DA:16,3
DA:17,3
DA:18,3
DA:19,3
DA:20,3
DA:21,3
DA:22,3
DA:23,0
DA:24,0
DA:25,0
DA:26,0
DA:27,0
DA:28,0
DA:29,0
DA:30,0
DA:31,0
DA:32,0
DA:33,0
DA:34,0
DA:35,3
DA:36,3
DA:37,0
DA:38,0
DA:39,0
DA:40,0
DA:41,3
LF:41
LH:25
BRDA:9,0,0,3
BRF:1
BRH:1
end_of_record
TN:
SF:src/nodes/logic/switch.ts
FN:25,<static_initializer>
FN:39,NodeDefinition
FN:57,execute
FNF:3
FNH:1
FNDA:3,<static_initializer>
FNDA:0,NodeDefinition
FNDA:0,execute
DA:1,3
DA:2,3
DA:3,3
DA:4,3
DA:5,3
DA:6,3
DA:7,3
DA:8,3
DA:9,3
DA:10,3
DA:11,3
DA:12,3
DA:13,3
DA:14,3
DA:15,3
DA:16,3
DA:17,3
DA:18,3
DA:19,3
DA:20,3
DA:21,3
DA:22,3
DA:23,3
DA:24,3
DA:25,3
DA:26,3
DA:27,3
DA:28,3
DA:29,3
DA:30,3
DA:31,3
DA:32,3
DA:33,3
DA:34,3
DA:35,3
DA:36,3
DA:37,3
DA:38,3
DA:39,3
DA:40,0
DA:41,0
DA:42,0
DA:43,0
DA:44,0
DA:45,0
DA:46,0
DA:47,0
DA:48,0
DA:49,0
DA:50,0
DA:51,0
DA:52,0
DA:53,0
DA:54,0
DA:55,0
DA:56,3
DA:57,3
DA:58,0
DA:59,0
DA:60,0
DA:61,0
DA:62,0
DA:63,0
DA:64,0
DA:65,0
DA:66,0
DA:67,0
DA:68,0
DA:69,0
DA:70,3
LF:70
LH:42
BRDA:25,0,0,3
BRF:1
BRH:1
end_of_record
TN:
SF:src/nodes/math/abs.ts
FN:12,<static_initializer>
FN:25,NodeDefinition
FN:35,execute
FNF:3
FNH:3
FNDA:4,<static_initializer>
FNDA:1,NodeDefinition
FNDA:2,execute
DA:1,4
DA:2,4
DA:3,4
DA:4,4
DA:5,4
DA:6,4
DA:7,4
DA:8,4
DA:9,4
DA:10,4
DA:11,4
DA:12,4
DA:13,4
DA:14,4
DA:15,4
DA:16,4
DA:17,4
DA:18,4
DA:19,4
DA:20,4
DA:21,4
DA:22,4
DA:23,4
DA:24,4
DA:25,4
DA:26,1
DA:27,1
DA:28,1
DA:29,1
DA:30,1
DA:31,1
DA:32,1
DA:33,1
DA:34,4
DA:35,4
DA:36,2
DA:37,2
DA:38,2
DA:39,4
LF:39
LH:39
BRDA:12,0,0,4
BRDA:25,1,0,4
BRDA:35,2,0,5
BRF:3
BRH:3
end_of_record
TN:
SF:src/nodes/math/add.ts
FN:12,<static_initializer>
FN:23,NodeDefinition
FN:36,execute
FNF:3
FNH:3
FNDA:4,<static_initializer>
FNDA:1,NodeDefinition
FNDA:3,execute
DA:1,4
DA:2,4
DA:3,4
DA:4,4
DA:5,4
DA:6,4
DA:7,4
DA:8,4
DA:9,4
DA:10,4
DA:11,4
DA:12,4
DA:13,4
DA:14,4
DA:15,4
DA:16,4
DA:17,4
DA:18,4
DA:19,4
DA:20,4
DA:21,4
DA:22,4
DA:23,4
DA:24,1
DA:25,1
DA:26,1
DA:27,1
DA:28,1
DA:29,1
DA:30,1
DA:31,1
DA:32,1
DA:33,1
DA:34,1
DA:35,4
DA:36,4
DA:37,3
DA:38,3
DA:39,3
DA:40,4
LF:40
LH:40
BRDA:12,0,0,4
BRDA:23,1,0,4
BRDA:36,2,0,6
BRF:3
BRH:3
end_of_record
TN:
SF:src/nodes/math/addVariadic.ts
FN:12,<static_initializer>
FN:24,NodeDefinition
FN:38,execute
FNF:3
FNH:3
FNDA:4,<static_initializer>
FNDA:2,NodeDefinition
FNDA:4,execute
DA:1,4
DA:2,4
DA:3,4
DA:4,4
DA:5,4
DA:6,4
DA:7,4
DA:8,4
DA:9,4
DA:10,4
DA:11,4
DA:12,4
DA:13,4
DA:14,4
DA:15,4
DA:16,4
DA:17,4
DA:18,4
DA:19,4
DA:20,4
DA:21,4
DA:22,4
DA:23,4
DA:24,4
DA:25,2
DA:26,2
DA:27,2
DA:28,2
DA:29,2
DA:30,2
DA:31,2
DA:32,2
DA:33,2
DA:34,2
DA:35,2
DA:36,2
DA:37,4
DA:38,4
DA:39,4
DA:40,4
DA:41,4
DA:42,4
DA:43,4
LF:43
LH:43
BRDA:12,0,0,4
BRDA:24,1,0,5
BRDA:38,2,0,7
BRDA:40,3,0,15
BRF:4
BRH:4
end_of_record
TN:
SF:src/nodes/math/ceil.ts
FN:5,<static_initializer>
FN:18,NodeDefinition
FN:29,execute
FNF:3
FNH:1
FNDA:3,<static_initializer>
FNDA:0,NodeDefinition
FNDA:0,execute
DA:1,3
DA:2,3
DA:3,3
DA:4,3
DA:5,3
DA:6,3
DA:7,3
DA:8,3
DA:9,3
DA:10,3
DA:11,3
DA:12,3
DA:13,3
DA:14,3
DA:15,3
DA:16,3
DA:17,3
DA:18,3
DA:19,0
DA:20,0
DA:21,0
DA:22,0
DA:23,0
DA:24,0
DA:25,0
DA:26,0
DA:27,0
DA:28,3
DA:29,3
DA:30,0
DA:31,0
DA:32,0
DA:33,0
DA:34,3
LF:34
LH:21
BRDA:5,0,0,3
BRF:1
BRH:1
end_of_record
TN:
SF:src/nodes/math/clamp.ts
FN:5,<static_initializer>
FN:20,NodeDefinition
FN:45,execute
FNF:3
FNH:1
FNDA:3,<static_initializer>
FNDA:0,NodeDefinition
FNDA:0,execute
DA:1,3
DA:2,3
DA:3,3
DA:4,3
DA:5,3
DA:6,3
DA:7,3
DA:8,3
DA:9,3
DA:10,3
DA:11,3
DA:12,3
DA:13,3
DA:14,3
DA:15,3
DA:16,3
DA:17,3
DA:18,3
DA:19,3
DA:20,3
DA:21,0
DA:22,0
DA:23,0
DA:24,0
DA:25,0
DA:26,0
DA:27,0
DA:28,0
DA:29,0
DA:30,0
DA:31,0
DA:32,0
DA:33,0
DA:34,0
DA:35,0
DA:36,0
DA:37,0
DA:38,0
DA:39,0
DA:40,0
DA:41,0
DA:42,0
DA:43,0
DA:44,3
DA:45,3
DA:46,0
DA:47,0
DA:48,0
DA:49,3
LF:49
LH:23
BRDA:5,0,0,3
BRF:1
BRH:1
end_of_record
TN:
SF:src/nodes/math/cos.ts
FN:5,<static_initializer>
FN:17,NodeDefinition
FN:30,execute
FNF:3
FNH:1
FNDA:3,<static_initializer>
FNDA:0,NodeDefinition
FNDA:0,execute
DA:1,3
DA:2,3
DA:3,3
DA:4,3
DA:5,3
DA:6,3
DA:7,3
DA:8,3
DA:9,3
DA:10,3
DA:11,3
DA:12,3
DA:13,3
DA:14,3
DA:15,3
DA:16,3
DA:17,3
DA:18,0
DA:19,0
DA:20,0
DA:21,0
DA:22,0
DA:23,0
DA:24,0
DA:25,0
DA:26,0
DA:27,0
DA:28,0
DA:29,3
DA:30,3
DA:31,0
DA:32,0
DA:33,0
DA:34,3
LF:34
LH:20
BRDA:5,0,0,3
BRF:1
BRH:1
end_of_record
TN:
SF:src/nodes/math/count.ts
FN:6,<static_initializer>
FN:18,NodeDefinition
FN:28,execute
FNF:3
FNH:1
FNDA:3,<static_initializer>
FNDA:0,NodeDefinition
FNDA:0,execute
DA:1,3
DA:2,3
DA:3,3
DA:4,3
DA:5,3
DA:6,3
DA:7,3
DA:8,3
DA:9,3
DA:10,3
DA:11,3
DA:12,3
DA:13,3
DA:14,3
DA:15,3
DA:16,3
DA:17,3
DA:18,3
DA:19,0
DA:20,0
DA:21,0
DA:22,0
DA:23,0
DA:24,0
DA:25,0
DA:26,0
DA:27,3
DA:28,3
DA:29,0
DA:30,0
DA:31,0
DA:32,3
LF:32
LH:21
BRDA:6,0,0,3
BRF:1
BRH:1
end_of_record
TN:
SF:src/nodes/math/divide.ts
FN:5,<static_initializer>
FN:16,NodeDefinition
FN:29,execute
FNF:3
FNH:1
FNDA:3,<static_initializer>
FNDA:0,NodeDefinition
FNDA:0,execute
DA:1,3
DA:2,3
DA:3,3
DA:4,3
DA:5,3
DA:6,3
DA:7,3
DA:8,3
DA:9,3
DA:10,3
DA:11,3
DA:12,3
DA:13,3
DA:14,3
DA:15,3
DA:16,3
DA:17,0
DA:18,0
DA:19,0
DA:20,0
DA:21,0
DA:22,0
DA:23,0
DA:24,0
DA:25,0
DA:26,0
DA:27,0
DA:28,3
DA:29,3
DA:30,0
DA:31,0
DA:32,0
DA:33,3
LF:33
LH:19
BRDA:5,0,0,3
BRF:1
BRH:1
end_of_record
TN:
SF:src/nodes/math/divideVariadic.ts
FN:5,<static_initializer>
FN:16,NodeDefinition
FN:30,execute
FNF:3
FNH:3
FNDA:4,<static_initializer>
FNDA:3,NodeDefinition
FNDA:6,execute
DA:1,4
DA:2,4
DA:3,4
DA:4,4
DA:5,4
DA:6,4
DA:7,4
DA:8,4
DA:9,4
DA:10,4
DA:11,4
DA:12,4
DA:13,4
DA:14,4
DA:15,4
DA:16,4
DA:17,3
DA:18,3
DA:19,3
DA:20,3
DA:21,3
DA:22,3
DA:23,3
DA:24,3
DA:25,3
DA:26,3
DA:27,3
DA:28,3
DA:29,4
DA:30,4
DA:31,6
DA:32,6
DA:33,6
DA:34,6
DA:35,6
DA:36,4
LF:36
LH:36
BRDA:5,0,0,4
BRDA:16,1,0,6
BRDA:30,2,0,9
BRDA:33,3,0,11
BRF:4
BRH:4
end_of_record
TN:
SF:src/nodes/math/eval.ts
FN:8,<static_initializer>
FN:24,NodeDefinition
FN:42,execute
FNF:3
FNH:1
FNDA:3,<static_initializer>
FNDA:0,NodeDefinition
FNDA:0,execute
DA:1,3
DA:2,3
DA:3,3
DA:4,3
DA:5,3
DA:6,3
DA:7,3
DA:8,3
DA:9,3
DA:10,3
DA:11,3
DA:12,3
DA:13,3
DA:14,3
DA:15,3
DA:16,3
DA:17,3
DA:18,3
DA:19,3
DA:20,3
DA:21,3
DA:22,3
DA:23,3
DA:24,3
DA:25,0
DA:26,0
DA:27,0
DA:28,0
DA:29,0
DA:30,0
DA:31,0
DA:32,0
DA:33,0
DA:34,0
DA:35,0
DA:36,0
DA:37,0
DA:38,0
DA:39,0
DA:40,0
DA:41,3
DA:42,3
DA:43,0
DA:44,0
DA:45,0
DA:46,0
DA:47,0
DA:48,0
DA:49,0
DA:50,0
DA:51,3
LF:51
LH:27
BRDA:8,0,0,3
BRF:1
BRH:1
end_of_record
TN:
SF:src/nodes/math/exp.ts
FN:5,<static_initializer>
FN:18,NodeDefinition
FN:28,execute
FNF:3
FNH:1
FNDA:3,<static_initializer>
FNDA:0,NodeDefinition
FNDA:0,execute
DA:1,3
DA:2,3
DA:3,3
DA:4,3
DA:5,3
DA:6,3
DA:7,3
DA:8,3
DA:9,3
DA:10,3
DA:11,3
DA:12,3
DA:13,3
DA:14,3
DA:15,3
DA:16,3
DA:17,3
DA:18,3
DA:19,0
DA:20,0
DA:21,0
DA:22,0
DA:23,0
DA:24,0
DA:25,0
DA:26,0
DA:27,3
DA:28,3
DA:29,0
DA:30,0
DA:31,0
DA:32,3
LF:32
LH:21
BRDA:5,0,0,3
BRF:1
BRH:1
end_of_record
TN:
SF:src/nodes/math/floor.ts
FN:6,<static_initializer>
FN:20,NodeDefinition
FN:31,execute
FNF:3
FNH:1
FNDA:3,<static_initializer>
FNDA:0,NodeDefinition
FNDA:0,execute
DA:1,3
DA:2,3
DA:3,3
DA:4,3
DA:5,3
DA:6,3
DA:7,3
DA:8,3
DA:9,3
DA:10,3
DA:11,3
DA:12,3
DA:13,3
DA:14,3
DA:15,3
DA:16,3
DA:17,3
DA:18,3
DA:19,3
DA:20,3
DA:21,0
DA:22,0
DA:23,0
DA:24,0
DA:25,0
DA:26,0
DA:27,0
DA:28,0
DA:29,0
DA:30,3
DA:31,3
DA:32,0
DA:33,0
DA:34,0
DA:35,0
DA:36,3
LF:36
LH:23
BRDA:6,0,0,3
BRF:1
BRH:1
end_of_record
TN:
SF:src/nodes/math/fluid.ts
FN:5,<static_initializer>
FN:22,NodeDefinition
FN:44,execute
FNF:3
FNH:1
FNDA:3,<static_initializer>
FNDA:0,NodeDefinition
FNDA:0,execute
DA:1,3
DA:2,3
DA:3,3
DA:4,3
DA:5,3
DA:6,3
DA:7,3
DA:8,3
DA:9,3
DA:10,3
DA:11,3
DA:12,3
DA:13,3
DA:14,3
DA:15,3
DA:16,3
DA:17,3
DA:18,3
DA:19,3
DA:20,3
DA:21,3
DA:22,3
DA:23,0
DA:24,0
DA:25,0
DA:26,0
DA:27,0
DA:28,0
DA:29,0
DA:30,0
DA:31,0
DA:32,0
DA:33,0
DA:34,0
DA:35,0
DA:36,0
DA:37,0
DA:38,0
DA:39,0
DA:40,0
DA:41,0
DA:42,0
DA:43,3
DA:44,3
DA:45,0
DA:46,0
DA:47,0
DA:48,0
DA:49,0
DA:50,0
DA:51,0
DA:52,0
DA:53,0
DA:54,0
DA:55,0
DA:56,3
LF:56
LH:25
BRDA:5,0,0,3
BRF:1
BRH:1
end_of_record
TN:
SF:src/nodes/math/index.ts
FNF:0
FNH:0
DA:1,3
DA:2,3
DA:3,3
DA:4,3
DA:5,3
DA:6,3
DA:7,3
DA:8,3
DA:9,3
DA:10,3
DA:11,3
DA:12,3
DA:13,3
DA:14,3
DA:15,3
DA:16,3
DA:17,3
DA:18,3
DA:19,3
DA:20,3
DA:21,3
DA:22,3
DA:23,3
DA:24,3
DA:25,3
DA:26,3
DA:27,3
DA:28,3
DA:29,3
DA:30,3
DA:31,3
DA:32,3
DA:33,3
DA:34,3
DA:35,3
DA:36,3
DA:37,3
DA:38,3
DA:39,3
DA:40,3
DA:41,3
DA:42,3
DA:43,3
DA:44,3
DA:45,3
DA:46,3
DA:47,3
DA:48,3
DA:49,3
DA:50,3
DA:51,3
DA:52,3
DA:53,3
LF:53
LH:53
BRF:0
BRH:0
end_of_record
TN:
SF:src/nodes/math/lerp.ts
FN:5,<static_initializer>
FN:21,NodeDefinition
FN:46,execute
FNF:3
FNH:1
FNDA:3,<static_initializer>
FNDA:0,NodeDefinition
FNDA:0,execute
DA:1,3
DA:2,3
DA:3,3
DA:4,3
DA:5,3
DA:6,3
DA:7,3
DA:8,3
DA:9,3
DA:10,3
DA:11,3
DA:12,3
DA:13,3
DA:14,3
DA:15,3
DA:16,3
DA:17,3
DA:18,3
DA:19,3
DA:20,3
DA:21,3
DA:22,0
DA:23,0
DA:24,0
DA:25,0
DA:26,0
DA:27,0
DA:28,0
DA:29,0
DA:30,0
DA:31,0
DA:32,0
DA:33,0
DA:34,0
DA:35,0
DA:36,0
DA:37,0
DA:38,0
DA:39,0
DA:40,0
DA:41,0
DA:42,0
DA:43,0
DA:44,0
DA:45,3
DA:46,3
DA:47,0
DA:48,0
DA:49,0
DA:50,3
LF:50
LH:24
BRDA:5,0,0,3
BRF:1
BRH:1
end_of_record
TN:
SF:src/nodes/math/mod.ts
FN:5,<static_initializer>
FN:18,NodeDefinition
FN:31,execute
FNF:3
FNH:1
FNDA:3,<static_initializer>
FNDA:0,NodeDefinition
FNDA:0,execute
DA:1,3
DA:2,3
DA:3,3
DA:4,3
DA:5,3
DA:6,3
DA:7,3
DA:8,3
DA:9,3
DA:10,3
DA:11,3
DA:12,3
DA:13,3
DA:14,3
DA:15,3
DA:16,3
DA:17,3
DA:18,3
DA:19,0
DA:20,0
DA:21,0
DA:22,0
DA:23,0
DA:24,0
DA:25,0
DA:26,0
DA:27,0
DA:28,0
DA:29,0
DA:30,3
DA:31,3
DA:32,0
DA:33,0
DA:34,0
DA:35,3
LF:35
LH:21
BRDA:5,0,0,3
BRF:1
BRH:1
end_of_record
TN:
SF:src/nodes/math/multiply.ts
FN:5,<static_initializer>
FN:17,NodeDefinition
FN:30,execute
FNF:3
FNH:3
FNDA:4,<static_initializer>
FNDA:1,NodeDefinition
FNDA:3,execute
DA:1,4
DA:2,4
DA:3,4
DA:4,4
DA:5,4
DA:6,4
DA:7,4
DA:8,4
DA:9,4
DA:10,4
DA:11,4
DA:12,4
DA:13,4
DA:14,4
DA:15,4
DA:16,4
DA:17,4
DA:18,1
DA:19,1
DA:20,1
DA:21,1
DA:22,1
DA:23,1
DA:24,1
DA:25,1
DA:26,1
DA:27,1
DA:28,1
DA:29,4
DA:30,4
DA:31,3
DA:32,3
DA:33,3
DA:34,4
LF:34
LH:34
BRDA:5,0,0,4
BRDA:17,1,0,4
BRDA:30,2,0,6
BRF:3
BRH:3
end_of_record
TN:
SF:src/nodes/math/multiplyVariadic.ts
FN:5,<static_initializer>
FN:17,NodeDefinition
FN:31,execute
FNF:3
FNH:3
FNDA:4,<static_initializer>
FNDA:2,NodeDefinition
FNDA:4,execute
DA:1,4
DA:2,4
DA:3,4
DA:4,4
DA:5,4
DA:6,4
DA:7,4
DA:8,4
DA:9,4
DA:10,4
DA:11,4
DA:12,4
DA:13,4
DA:14,4
DA:15,4
DA:16,4
DA:17,4
DA:18,2
DA:19,2
DA:20,2
DA:21,2
DA:22,2
DA:23,2
DA:24,2
DA:25,2
DA:26,2
DA:27,2
DA:28,2
DA:29,2
DA:30,4
DA:31,4
DA:32,4
DA:33,4
DA:34,4
DA:35,4
DA:36,4
LF:36
LH:36
BRDA:5,0,0,4
BRDA:17,1,0,5
BRDA:31,2,0,7
BRDA:33,3,0,13
BRF:4
BRH:4
end_of_record
TN:
SF:src/nodes/math/pow.ts
FN:5,<static_initializer>
FN:19,NodeDefinition
FN:35,execute
FNF:3
FNH:3
FNDA:4,<static_initializer>
FNDA:1,NodeDefinition
FNDA:3,execute
DA:1,4
DA:2,4
DA:3,4
DA:4,4
DA:5,4
DA:6,4
DA:7,4
DA:8,4
DA:9,4
DA:10,4
DA:11,4
DA:12,4
DA:13,4
DA:14,4
DA:15,4
DA:16,4
DA:17,4
DA:18,4
DA:19,4
DA:20,1
DA:21,1
DA:22,1
DA:23,1
DA:24,1
DA:25,1
DA:26,1
DA:27,1
DA:28,1
DA:29,1
DA:30,1
DA:31,1
DA:32,1
DA:33,1
DA:34,4
DA:35,4
DA:36,3
DA:37,3
DA:38,3
DA:39,4
LF:39
LH:39
BRDA:5,0,0,4
BRDA:19,1,0,4
BRDA:35,2,0,6
BRF:3
BRH:3
end_of_record
TN:
SF:src/nodes/math/random.ts
FN:5,<static_initializer>
FN:15,NodeDefinition
FN:25,execute
FNF:3
FNH:1
FNDA:3,<static_initializer>
FNDA:0,NodeDefinition
FNDA:0,execute
DA:1,3
DA:2,3
DA:3,3
DA:4,3
DA:5,3
DA:6,3
DA:7,3
DA:8,3
DA:9,3
DA:10,3
DA:11,3
DA:12,3
DA:13,3
DA:14,3
DA:15,3
DA:16,0
DA:17,0
DA:18,0
DA:19,0
DA:20,0
DA:21,0
DA:22,0
DA:23,0
DA:24,3
DA:25,3
DA:26,0
DA:27,0
DA:28,3
LF:28
LH:18
BRDA:5,0,0,3
BRF:1
BRH:1
end_of_record
TN:
SF:src/nodes/math/round.ts
FN:6,<static_initializer>
FN:20,NodeDefinition
FN:40,execute
FNF:3
FNH:1
FNDA:3,<static_initializer>
FNDA:0,NodeDefinition
FNDA:0,execute
DA:1,3
DA:2,3
DA:3,3
DA:4,3
DA:5,3
DA:6,3
DA:7,3
DA:8,3
DA:9,3
DA:10,3
DA:11,3
DA:12,3
DA:13,3
DA:14,3
DA:15,3
DA:16,3
DA:17,3
DA:18,3
DA:19,3
DA:20,3
DA:21,0
DA:22,0
DA:23,0
DA:24,0
DA:25,0
DA:26,0
DA:27,0
DA:28,0
DA:29,0
DA:30,0
DA:31,0
DA:32,0
DA:33,0
DA:34,0
DA:35,0
DA:36,0
DA:37,0
DA:38,0
DA:39,3
DA:40,3
DA:41,0
DA:42,0
DA:43,0
DA:44,3
LF:44
LH:23
BRDA:6,0,0,3
BRF:1
BRH:1
end_of_record
TN:
SF:src/nodes/math/sin.ts
FN:5,<static_initializer>
FN:17,NodeDefinition
FN:30,execute
FNF:3
FNH:1
FNDA:3,<static_initializer>
FNDA:0,NodeDefinition
FNDA:0,execute
DA:1,3
DA:2,3
DA:3,3
DA:4,3
DA:5,3
DA:6,3
DA:7,3
DA:8,3
DA:9,3
DA:10,3
DA:11,3
DA:12,3
DA:13,3
DA:14,3
DA:15,3
DA:16,3
DA:17,3
DA:18,0
DA:19,0
DA:20,0
DA:21,0
DA:22,0
DA:23,0
DA:24,0
DA:25,0
DA:26,0
DA:27,0
DA:28,0
DA:29,3
DA:30,3
DA:31,0
DA:32,0
DA:33,0
DA:34,3
LF:34
LH:20
BRDA:5,0,0,3
BRF:1
BRH:1
end_of_record
TN:
SF:src/nodes/math/sqrt.ts
FN:5,<static_initializer>
FN:18,NodeDefinition
FN:28,execute
FNF:3
FNH:1
FNDA:3,<static_initializer>
FNDA:0,NodeDefinition
FNDA:0,execute
DA:1,3
DA:2,3
DA:3,3
DA:4,3
DA:5,3
DA:6,3
DA:7,3
DA:8,3
DA:9,3
DA:10,3
DA:11,3
DA:12,3
DA:13,3
DA:14,3
DA:15,3
DA:16,3
DA:17,3
DA:18,3
DA:19,0
DA:20,0
DA:21,0
DA:22,0
DA:23,0
DA:24,0
DA:25,0
DA:26,0
DA:27,3
DA:28,3
DA:29,0
DA:30,0
DA:31,0
DA:32,3
LF:32
LH:21
BRDA:5,0,0,3
BRF:1
BRH:1
end_of_record
TN:
SF:src/nodes/math/subtract.ts
FN:5,<static_initializer>
FN:17,NodeDefinition
FN:30,execute
FNF:3
FNH:3
FNDA:4,<static_initializer>
FNDA:1,NodeDefinition
FNDA:3,execute
DA:1,4
DA:2,4
DA:3,4
DA:4,4
DA:5,4
DA:6,4
DA:7,4
DA:8,4
DA:9,4
DA:10,4
DA:11,4
DA:12,4
DA:13,4
DA:14,4
DA:15,4
DA:16,4
DA:17,4
DA:18,1
DA:19,1
DA:20,1
DA:21,1
DA:22,1
DA:23,1
DA:24,1
DA:25,1
DA:26,1
DA:27,1
DA:28,1
DA:29,4
DA:30,4
DA:31,3
DA:32,3
DA:33,3
DA:34,4
LF:34
LH:34
BRDA:5,0,0,4
BRDA:17,1,0,4
BRDA:30,2,0,6
BRF:3
BRH:3
end_of_record
TN:
SF:src/nodes/math/subtractVariadic.ts
FN:5,<static_initializer>
FN:17,NodeDefinition
FN:31,execute
FNF:3
FNH:3
FNDA:4,<static_initializer>
FNDA:3,NodeDefinition
FNDA:11,execute
DA:1,4
DA:2,4
DA:3,4
DA:4,4
DA:5,4
DA:6,4
DA:7,4
DA:8,4
DA:9,4
DA:10,4
DA:11,4
DA:12,4
DA:13,4
DA:14,4
DA:15,4
DA:16,4
DA:17,4
DA:18,3
DA:19,3
DA:20,3
DA:21,3
DA:22,3
DA:23,3
DA:24,3
DA:25,3
DA:26,3
DA:27,3
DA:28,3
DA:29,3
DA:30,4
DA:31,4
DA:32,11
DA:33,11
DA:34,11
DA:35,11
DA:36,11
DA:37,4
LF:37
LH:37
BRDA:5,0,0,4
BRDA:17,1,0,5
BRDA:31,2,0,13
BRDA:34,3,0,15
BRF:4
BRH:4
end_of_record
TN:
SF:src/nodes/math/tan.ts
FN:5,<static_initializer>
FN:16,NodeDefinition
FN:29,execute
FNF:3
FNH:1
FNDA:3,<static_initializer>
FNDA:0,NodeDefinition
FNDA:0,execute
DA:1,3
DA:2,3
DA:3,3
DA:4,3
DA:5,3
DA:6,3
DA:7,3
DA:8,3
DA:9,3
DA:10,3
DA:11,3
DA:12,3
DA:13,3
DA:14,3
DA:15,3
DA:16,3
DA:17,0
DA:18,0
DA:19,0
DA:20,0
DA:21,0
DA:22,0
DA:23,0
DA:24,0
DA:25,0
DA:26,0
DA:27,0
DA:28,3
DA:29,3
DA:30,0
DA:31,0
DA:32,0
DA:33,3
LF:33
LH:19
BRDA:5,0,0,3
BRF:1
BRH:1
end_of_record
TN:
SF:src/nodes/preview/colorCompare.ts
FN:4,<static_initializer>
FN:10,NodeDefinition
FNF:2
FNH:1
FNDA:3,<static_initializer>
FNDA:0,NodeDefinition
DA:1,3
DA:2,3
DA:3,3
DA:4,3
DA:5,3
DA:6,3
DA:7,3
DA:8,3
DA:9,3
DA:10,3
DA:11,0
DA:12,0
DA:13,0
DA:14,0
DA:15,0
DA:16,0
DA:17,0
DA:18,0
DA:19,0
DA:20,0
DA:21,3
LF:21
LH:11
BRDA:4,0,0,3
BRF:1
BRH:1
end_of_record
TN:
SF:src/nodes/preview/colorScale.ts
FN:5,<static_initializer>
FN:11,NodeDefinition
FNF:2
FNH:1
FNDA:3,<static_initializer>
FNDA:0,NodeDefinition
DA:1,3
DA:2,3
DA:3,3
DA:4,3
DA:5,3
DA:6,3
DA:7,3
DA:8,3
DA:9,3
DA:10,3
DA:11,3
DA:12,0
DA:13,0
DA:14,0
DA:15,0
DA:16,0
DA:17,0
DA:18,3
LF:18
LH:12
BRDA:5,0,0,3
BRF:1
BRH:1
end_of_record
TN:
SF:src/nodes/preview/curve.ts
FN:4,<static_initializer>
FN:10,NodeDefinition
FNF:2
FNH:1
FNDA:3,<static_initializer>
FNDA:0,NodeDefinition
DA:1,3
DA:2,3
DA:3,3
DA:4,3
DA:5,3
DA:6,3
DA:7,3
DA:8,3
DA:9,3
DA:10,3
DA:11,0
DA:12,0
DA:13,0
DA:14,0
DA:15,0
DA:16,0
DA:17,3
LF:17
LH:11
BRDA:4,0,0,3
BRF:1
BRH:1
end_of_record
TN:
SF:src/nodes/preview/index.ts
FNF:0
FNH:0
DA:1,3
DA:2,3
DA:3,3
DA:4,3
DA:5,3
DA:6,3
DA:7,3
DA:8,3
DA:9,3
DA:10,3
DA:11,3
DA:12,3
DA:13,3
DA:14,3
DA:15,3
LF:15
LH:15
BRF:0
BRH:0
end_of_record
TN:
SF:src/nodes/preview/mathExpression.ts
FN:4,<static_initializer>
FN:10,NodeDefinition
FNF:2
FNH:1
FNDA:3,<static_initializer>
FNDA:0,NodeDefinition
DA:1,3
DA:2,3
DA:3,3
DA:4,3
DA:5,3
DA:6,3
DA:7,3
DA:8,3
DA:9,3
DA:10,3
DA:11,0
DA:12,0
DA:13,0
DA:14,0
DA:15,0
DA:16,0
DA:17,3
LF:17
LH:11
BRDA:4,0,0,3
BRF:1
BRH:1
end_of_record
TN:
SF:src/nodes/preview/number.ts
FN:4,<static_initializer>
FN:10,NodeDefinition
FNF:2
FNH:1
FNDA:3,<static_initializer>
FNDA:0,NodeDefinition
DA:1,3
DA:2,3
DA:3,3
DA:4,3
DA:5,3
DA:6,3
DA:7,3
DA:8,3
DA:9,3
DA:10,3
DA:11,0
DA:12,0
DA:13,0
DA:14,0
DA:15,0
DA:16,0
DA:17,0
DA:18,0
DA:19,0
DA:20,0
DA:21,3
LF:21
LH:11
BRDA:4,0,0,3
BRF:1
BRH:1
end_of_record
TN:
SF:src/nodes/preview/swatch.ts
FN:4,<static_initializer>
FN:10,NodeDefinition
FNF:2
FNH:1
FNDA:3,<static_initializer>
FNDA:0,NodeDefinition
DA:1,3
DA:2,3
DA:3,3
DA:4,3
DA:5,3
DA:6,3
DA:7,3
DA:8,3
DA:9,3
DA:10,3
DA:11,0
DA:12,0
DA:13,0
DA:14,0
DA:15,0
DA:16,0
DA:17,3
LF:17
LH:11
BRDA:4,0,0,3
BRF:1
BRH:1
end_of_record
TN:
SF:src/nodes/series/arithmetic.ts
FN:12,<static_initializer>
FN:31,NodeDefinition
FN:88,execute
FNF:3
FNH:3
FNDA:4,<static_initializer>
FNDA:1,NodeDefinition
FNDA:6,execute
DA:1,4
DA:2,4
DA:3,4
DA:4,4
DA:5,4
DA:6,4
DA:7,4
DA:8,4
DA:9,4
DA:10,4
DA:11,4
DA:12,4
DA:13,4
DA:14,4
DA:15,4
DA:16,4
DA:17,4
DA:18,4
DA:19,4
DA:20,4
DA:21,4
DA:22,4
DA:23,4
DA:24,4
DA:25,4
DA:26,4
DA:27,4
DA:28,4
DA:29,4
DA:30,4
DA:31,4
DA:32,1
DA:33,1
DA:34,1
DA:35,1
DA:36,1
DA:37,1
DA:38,1
DA:39,1
DA:40,1
DA:41,1
DA:42,1
DA:43,1
DA:44,1
DA:45,1
DA:46,1
DA:47,1
DA:48,1
DA:49,1
DA:50,1
DA:51,1
DA:52,1
DA:53,1
DA:54,1
DA:55,1
DA:56,1
DA:57,1
DA:58,1
DA:59,1
DA:60,1
DA:61,1
DA:62,1
DA:63,1
DA:64,1
DA:65,1
DA:66,1
DA:67,1
DA:68,1
DA:69,1
DA:70,1
DA:71,1
DA:72,1
DA:73,1
DA:74,1
DA:75,1
DA:76,1
DA:77,1
DA:78,1
DA:79,1
DA:80,1
DA:81,1
DA:82,1
DA:83,1
DA:84,1
DA:85,1
DA:86,1
DA:87,4
DA:88,4
DA:89,6
DA:90,6
DA:91,6
DA:92,6
DA:93,6
DA:94,6
DA:95,5
DA:96,5
DA:97,5
DA:98,5
DA:99,5
DA:100,5
DA:101,6
DA:102,6
DA:103,6
DA:104,6
DA:105,6
DA:106,6
DA:107,6
DA:108,6
DA:109,6
DA:110,6
DA:111,6
DA:112,6
DA:113,6
DA:114,6
DA:115,6
DA:116,6
DA:117,6
DA:118,6
DA:119,6
DA:120,4
LF:120
LH:120
BRDA:12,0,0,4
BRDA:31,1,0,4
BRDA:88,2,0,9
BRDA:94,3,0,8
BRDA:116,4,0,20
BRF:5
BRH:5
end_of_record
TN:
SF:src/nodes/series/geometric.ts
FN:12,<static_initializer>
FN:31,NodeDefinition
FN:85,execute
FNF:3
FNH:3
FNDA:4,<static_initializer>
FNDA:1,NodeDefinition
FNDA:6,execute
DA:1,4
DA:2,4
DA:3,4
DA:4,4
DA:5,4
DA:6,4
DA:7,4
DA:8,4
DA:9,4
DA:10,4
DA:11,4
DA:12,4
DA:13,4
DA:14,4
DA:15,4
DA:16,4
DA:17,4
DA:18,4
DA:19,4
DA:20,4
DA:21,4
DA:22,4
DA:23,4
DA:24,4
DA:25,4
DA:26,4
DA:27,4
DA:28,4
DA:29,4
DA:30,4
DA:31,4
DA:32,1
DA:33,1
DA:34,1
DA:35,1
DA:36,1
DA:37,1
DA:38,1
DA:39,1
DA:40,1
DA:41,1
DA:42,1
DA:43,1
DA:44,1
DA:45,1
DA:46,1
DA:47,1
DA:48,1
DA:49,1
DA:50,1
DA:51,1
DA:52,1
DA:53,1
DA:54,1
DA:55,1
DA:56,1
DA:57,1
DA:58,1
DA:59,1
DA:60,1
DA:61,1
DA:62,1
DA:63,1
DA:64,1
DA:65,1
DA:66,1
DA:67,1
DA:68,1
DA:69,1
DA:70,1
DA:71,1
DA:72,1
DA:73,1
DA:74,1
DA:75,1
DA:76,1
DA:77,1
DA:78,1
DA:79,1
DA:80,1
DA:81,1
DA:82,1
DA:83,1
DA:84,4
DA:85,4
DA:86,6
DA:87,6
DA:88,6
DA:89,6
DA:90,6
DA:91,17
DA:92,17
DA:93,17
DA:94,17
DA:95,17
DA:96,17
DA:97,6
DA:98,6
DA:99,6
DA:100,6
DA:101,6
DA:102,6
DA:103,6
DA:104,4
LF:104
LH:104
BRDA:12,0,0,4
BRDA:31,1,0,4
BRDA:85,2,0,9
BRDA:90,3,0,20
BRDA:100,4,0,20
BRF:5
BRH:5
end_of_record
TN:
SF:src/nodes/series/harmonic.ts
FN:12,<static_initializer>
FN:32,NodeDefinition
FN:93,execute
FNF:3
FNH:3
FNDA:4,<static_initializer>
FNDA:1,NodeDefinition
FNDA:7,execute
DA:1,4
DA:2,4
DA:3,4
DA:4,4
DA:5,4
DA:6,4
DA:7,4
DA:8,4
DA:9,4
DA:10,4
DA:11,4
DA:12,4
DA:13,4
DA:14,4
DA:15,4
DA:16,4
DA:17,4
DA:18,4
DA:19,4
DA:20,4
DA:21,4
DA:22,4
DA:23,4
DA:24,4
DA:25,4
DA:26,4
DA:27,4
DA:28,4
DA:29,4
DA:30,4
DA:31,4
DA:32,4
DA:33,1
DA:34,1
DA:35,1
DA:36,1
DA:37,1
DA:38,1
DA:39,1
DA:40,1
DA:41,1
DA:42,1
DA:43,1
DA:44,1
DA:45,1
DA:46,1
DA:47,1
DA:48,1
DA:49,1
DA:50,1
DA:51,1
DA:52,1
DA:53,1
DA:54,1
DA:55,1
DA:56,1
DA:57,1
[...]
TN:
SF:src/nodes/string/stringify.ts
FN:5,<static_initializer>
FN:17,NodeDefinition
FN:27,execute
FNF:3
FNH:1
FNDA:3,<static_initializer>
FNDA:0,NodeDefinition
FNDA:0,execute
DA:1,3
DA:2,3
DA:3,3
DA:4,3
DA:5,3
DA:6,3
DA:7,3
DA:8,3
DA:9,3
DA:10,3
DA:11,3
DA:12,3
DA:13,3
DA:14,3
DA:15,3
DA:16,3
DA:17,3
DA:18,0
DA:19,0
DA:20,0
DA:21,0
DA:22,0
DA:23,0
DA:24,0
DA:25,0
DA:26,3
DA:27,3
DA:28,0
DA:29,0
DA:30,0
DA:31,3
LF:31
LH:20
BRDA:5,0,0,3
BRF:1
BRH:1
end_of_record
TN:
SF:src/nodes/string/uppercase.ts
FN:5,<static_initializer>
FN:17,NodeDefinition
FN:27,execute
FNF:3
FNH:3
FNDA:4,<static_initializer>
FNDA:1,NodeDefinition
FNDA:2,execute
DA:1,4
DA:2,4
DA:3,4
DA:4,4
DA:5,4
DA:6,4
DA:7,4
DA:8,4
DA:9,4
DA:10,4
DA:11,4
DA:12,4
DA:13,4
DA:14,4
DA:15,4
DA:16,4
DA:17,4
DA:18,1
DA:19,1
DA:20,1
DA:21,1
DA:22,1
DA:23,1
DA:24,1
DA:25,1
DA:26,4
DA:27,4
DA:28,2
DA:29,2
DA:30,2
DA:31,4
LF:31
LH:31
BRDA:5,0,0,4
BRDA:17,1,0,4
BRDA:27,2,0,5
BRF:3
BRH:3
end_of_record
TN:
SF:src/nodes/typing/index.ts
FNF:0
FNH:0
DA:1,3
DA:2,3
DA:3,3
DA:4,3
LF:4
LH:4
BRF:0
BRH:0
end_of_record
TN:
SF:src/nodes/typing/parseUnit.ts
FN:6,<static_initializer>
FN:22,NodeDefinition
FN:35,execute
FNF:3
FNH:1
FNDA:3,<static_initializer>
FNDA:0,NodeDefinition
FNDA:0,execute
DA:1,3
DA:2,3
DA:3,3
DA:4,3
DA:5,3
DA:6,3
DA:7,3
DA:8,3
DA:9,3
DA:10,3
DA:11,3
DA:12,3
DA:13,3
DA:14,3
DA:15,3
DA:16,3
DA:17,3
DA:18,3
DA:19,3
DA:20,3
DA:21,3
DA:22,3
DA:23,0
DA:24,0
DA:25,0
DA:26,0
DA:27,0
DA:28,0
DA:29,0
DA:30,0
DA:31,0
DA:32,0
DA:33,0
DA:34,3
DA:35,3
DA:36,0
DA:37,0
DA:38,0
DA:39,0
DA:40,0
DA:41,0
DA:42,0
DA:43,0
DA:44,0
DA:45,0
DA:46,0
DA:47,0
DA:48,3
LF:48
LH:25
BRDA:6,0,0,3
BRF:1
BRH:1
end_of_record
TN:
SF:src/nodes/typing/passUnit.ts
FN:8,<static_initializer>
FN:19,NodeDefinition
FN:35,execute
FNF:3
FNH:3
FNDA:4,<static_initializer>
FNDA:3,NodeDefinition
FNDA:9,execute
DA:1,4
DA:2,4
DA:3,4
DA:4,4
DA:5,4
DA:6,4
DA:7,4
DA:8,4
DA:9,4
DA:10,4
DA:11,4
DA:12,4
DA:13,4
DA:14,4
DA:15,4
DA:16,4
DA:17,4
DA:18,4
DA:19,4
DA:20,3
DA:21,3
DA:22,3
DA:23,3
DA:24,3
DA:25,3
DA:26,3
DA:27,3
DA:28,3
DA:29,3
DA:30,3
DA:31,3
DA:32,3
DA:33,3
DA:34,4
DA:35,4
DA:36,9
DA:37,9
DA:38,9
DA:39,9
DA:40,0
DA:41,0
DA:42,9
DA:43,9
DA:44,3
DA:45,9
DA:46,6
DA:47,6
DA:48,9
DA:49,4
LF:49
LH:47
BRDA:8,0,0,4
BRDA:19,1,0,6
BRDA:35,2,0,12
BRDA:39,3,0,3
BRDA:43,4,0,6
BRDA:45,5,0,9
BRDA:46,6,0,3
BRF:7
BRH:7
end_of_record
TN:
SF:src/nodes/typography/baseFontSize.ts
FN:6,<static_initializer>
FN:30,NodeDefinition
FN:91,execute
FNF:3
FNH:1
FNDA:3,<static_initializer>
FNDA:0,NodeDefinition
FNDA:0,execute
DA:1,3
DA:2,3
DA:3,3
DA:4,3
DA:5,3
DA:6,3
DA:7,3
DA:8,3
DA:9,3
DA:10,3
DA:11,3
DA:12,3
DA:13,3
DA:14,3
DA:15,3
DA:16,3
DA:17,3
DA:18,3
DA:19,3
DA:20,3
DA:21,3
DA:22,3
DA:23,3
DA:24,3
DA:25,3
DA:26,3
DA:27,3
DA:28,3
DA:29,3
DA:30,3
DA:31,0
DA:32,0
DA:33,0
DA:34,0
DA:35,0
DA:36,0
DA:37,0
DA:38,0
DA:39,0
DA:40,0
DA:41,0
DA:42,0
DA:43,0
DA:44,0
DA:45,0
DA:46,0
DA:47,0
DA:48,0
DA:49,0
DA:50,0
DA:51,0
DA:52,0
DA:53,0
DA:54,0
DA:55,0
DA:56,0
DA:57,0
DA:58,0
DA:59,0
DA:60,0
DA:61,0
DA:62,0
DA:63,0
DA:64,0
DA:65,0
DA:66,0
DA:67,0
DA:68,0
DA:69,0
DA:70,0
DA:71,0
DA:72,0
DA:73,0
DA:74,0
DA:75,0
DA:76,0
DA:77,0
DA:78,0
DA:79,0
DA:80,0
DA:81,0
DA:82,0
DA:83,0
DA:84,0
DA:85,0
DA:86,0
DA:87,0
DA:88,0
DA:89,0
DA:90,3
DA:91,3
DA:92,0
DA:93,0
DA:94,0
DA:95,0
DA:96,0
DA:97,0
DA:98,0
DA:99,0
DA:100,0
DA:101,0
DA:102,0
DA:103,0
DA:104,0
DA:105,0
DA:106,0
DA:107,0
DA:108,0
DA:109,0
DA:110,0
DA:111,0
DA:112,3
LF:112
LH:33
BRDA:6,0,0,3
BRF:1
BRH:1
end_of_record
TN:
SF:src/nodes/typography/index.ts
FNF:0
FNH:0
DA:1,3
DA:2,3
DA:3,3
LF:3
LH:3
BRF:0
BRH:0
end_of_record
TN:
SF:src/nodes/vector2/create.ts
FN:6,<static_initializer>
FN:20,NodeDefinition
FN:34,execute
FNF:3
FNH:1
FNDA:3,<static_initializer>
FNDA:0,NodeDefinition
FNDA:0,execute
DA:1,3
DA:2,3
DA:3,3
DA:4,3
DA:5,3
DA:6,3
DA:7,3
DA:8,3
DA:9,3
DA:10,3
DA:11,3
DA:12,3
DA:13,3
DA:14,3
DA:15,3
DA:16,3
DA:17,3
DA:18,3
DA:19,3
DA:20,3
DA:21,0
DA:22,0
DA:23,0
DA:24,0
DA:25,0
DA:26,0
DA:27,0
DA:28,0
DA:29,0
DA:30,0
DA:31,0
DA:32,0
DA:33,3
DA:34,3
DA:35,0
DA:36,0
DA:37,0
DA:38,3
LF:38
LH:23
BRDA:6,0,0,3
BRF:1
BRH:1
end_of_record
TN:
SF:src/nodes/vector2/destructure.ts
FN:6,<static_initializer>
FN:21,NodeDefinition
FN:34,execute
FNF:3
FNH:1
FNDA:3,<static_initializer>
FNDA:0,NodeDefinition
FNDA:0,execute
DA:1,3
DA:2,3
DA:3,3
DA:4,3
DA:5,3
DA:6,3
DA:7,3
DA:8,3
DA:9,3
DA:10,3
DA:11,3
DA:12,3
DA:13,3
DA:14,3
DA:15,3
DA:16,3
DA:17,3
DA:18,3
DA:19,3
DA:20,3
DA:21,3
DA:22,0
DA:23,0
DA:24,0
DA:25,0
DA:26,0
DA:27,0
DA:28,0
DA:29,0
DA:30,0
DA:31,0
DA:32,0
DA:33,3
DA:34,3
DA:35,0
DA:36,0
DA:37,0
DA:38,0
DA:39,0
DA:40,3
LF:40
LH:24
BRDA:6,0,0,3
BRF:1
BRH:1
end_of_record
TN:
SF:src/nodes/vector2/index.ts
FNF:0
FNH:0
DA:1,3
DA:2,3
DA:3,3
DA:4,3
LF:4
LH:4
BRF:0
BRH:0
end_of_record
TN:
SF:src/programmatic/edge.ts
FN:23,<instance_members_initializer>
FN:31,Edge
FN:44,serialize
FN:57,deserialize
FNF:4
FNH:4
FNDA:13,<instance_members_initializer>
FNDA:13,Edge
FNDA:1,serialize
FNDA:2,deserialize
DA:1,34
DA:2,34
DA:3,34
DA:4,34
DA:5,34
DA:6,34
DA:7,34
DA:8,34
DA:9,34
DA:10,34
DA:11,34
DA:12,34
DA:13,34
DA:14,34
DA:15,34
DA:16,34
DA:17,34
DA:18,34
DA:19,34
DA:20,34
DA:21,34
DA:22,34
DA:23,34
DA:24,13
DA:25,13
DA:26,13
DA:27,13
DA:28,13
DA:29,13
DA:30,13
DA:31,13
DA:32,13
DA:33,13
DA:34,13
DA:35,13
DA:36,13
DA:37,13
DA:38,13
DA:39,13
DA:40,13
DA:41,13
DA:42,13
DA:43,13
DA:44,13
DA:45,1
DA:46,1
DA:47,1
DA:48,1
DA:49,1
DA:50,1
DA:51,1
DA:52,1
DA:53,0
DA:54,0
DA:55,1
DA:56,1
DA:57,13
DA:58,2
DA:59,2
DA:60,2
DA:61,2
DA:62,2
DA:63,2
DA:64,2
DA:65,2
DA:66,2
DA:67,13
LF:67
LH:65
BRDA:23,0,0,13
BRDA:31,1,0,13
BRDA:32,2,0,0
BRDA:37,3,0,6
BRDA:57,4,0,12
BRDA:44,5,0,12
BRDA:52,6,0,11
BRF:7
BRH:6
end_of_record
TN:
SF:src/programmatic/index.ts
FNF:0
FNH:0
DA:1,3
DA:2,3
DA:3,3
DA:4,3
DA:5,3
LF:5
LH:5
BRF:0
BRH:0
end_of_record
TN:
SF:src/programmatic/input.ts
FN:28,<instance_members_initializer>
FN:35,Input
FN:51,setValue
FN:104,reset
FN:110,fullType
FN:118,serialize
FN:145,deserialize
FNF:7
FNH:5
FNDA:161,<instance_members_initializer>
FNDA:161,Input
FNDA:159,setValue
FNDA:0,reset
FNDA:2,fullType
FNDA:2,serialize
FNDA:0,deserialize
DA:1,34
DA:2,34
DA:3,34
DA:4,34
DA:5,34
DA:6,34
DA:7,34
DA:8,34
DA:9,34
DA:10,34
DA:11,34
DA:12,34
DA:13,34
DA:14,34
DA:15,34
DA:16,34
DA:17,34
DA:18,34
DA:19,34
DA:20,34
DA:21,34
DA:22,34
DA:23,34
DA:24,34
DA:25,34
DA:26,34
DA:27,34
DA:28,34
DA:29,161
DA:30,161
DA:31,161
DA:32,161
DA:33,161
DA:34,161
DA:35,161
DA:36,161
DA:37,161
DA:38,161
DA:39,161
DA:40,161
DA:41,161
DA:42,161
DA:43,161
DA:44,161
DA:45,161
DA:46,161
DA:47,161
DA:48,161
DA:49,161
DA:50,161
DA:51,161
DA:52,159
DA:53,159
DA:54,159
DA:55,23
DA:56,19
DA:57,2
DA:58,2
DA:59,19
DA:60,4
DA:61,4
DA:62,4
DA:63,4
DA:64,4
DA:65,4
DA:66,4
DA:67,4
DA:68,3
DA:69,4
DA:70,0
DA:71,0
DA:72,0
DA:73,0
DA:74,0
DA:75,0
DA:76,0
DA:77,0
DA:78,0
DA:79,0
DA:80,0
DA:81,0
DA:82,0
DA:83,0
DA:84,0
DA:85,0
DA:86,0
DA:87,0
DA:88,0
DA:89,0
DA:90,0
DA:91,4
DA:92,4
DA:93,4
DA:94,4
DA:95,23
DA:96,159
DA:97,135
DA:98,135
DA:99,159
DA:100,161
DA:101,161
DA:102,161
DA:103,161
DA:104,161
DA:105,0
DA:106,0
DA:107,0
DA:108,0
DA:109,161
DA:110,161
DA:111,2
DA:112,2
DA:113,2
DA:114,2
DA:115,2
DA:116,2
DA:117,161
DA:118,161
DA:119,2
DA:120,2
DA:121,2
DA:122,2
DA:123,2
DA:124,2
DA:125,2
DA:126,2
DA:127,0
DA:128,0
DA:129,2
DA:130,2
DA:131,2
DA:132,0
DA:133,0
DA:134,2
DA:135,2
DA:136,2
DA:137,2
DA:138,2
DA:139,0
DA:140,0
DA:141,2
DA:142,2
DA:143,2
DA:144,161
DA:145,161
DA:146,0
DA:147,0
DA:148,0
DA:149,0
DA:150,0
DA:151,161
DA:152,34
DA:153,34
DA:154,34
DA:155,34
DA:156,34
DA:157,34
DA:158,34
DA:159,34
DA:160,34
DA:161,34
DA:162,34
DA:163,34
DA:164,34
DA:165,34
DA:166,34
LF:166
LH:130
BRDA:28,0,0,161
BRDA:35,1,0,161
BRDA:51,2,0,159
BRDA:56,3,0,2
BRDA:59,4,0,4
BRDA:96,5,0,135
BRDA:39,6,0,151
BRDA:54,7,0,23
BRDA:55,8,0,19
BRDA:67,9,0,3
BRDA:69,10,0,0
BRDA:110,11,0,159
BRDA:118,12,0,159
BRDA:126,13,0,157
BRDA:131,14,0,157
BRDA:138,15,0,157
BRDA:54,16,0,28
BRDA:96,17,0,28
BRF:18
BRH:17
end_of_record
TN:
SF:src/programmatic/node.ts
FN:35,<instance_members_initializer>
FN:63,Node
FN:93,addInput
FN:104,addOutput
FN:116,setAnnotation
FN:123,removeInput
FN:140,removeOutput
FN:158,execute
FN:163,run
FN:198,load
FN:202,get isRunning
FN:209,clearOutputs
FN:213,setGraph
FN:217,getGraph
FN:225,nodeType
FN:233,get factory
FN:242,serialize
FN:260,deserialize
FN:293,getType
FN:298,getAllInputs
FN:305,getAllOutputs
FN:328,dispose
FN:340,setOutput
FN:344,getInput
FN:347,getRawInput
FN:354,getOutput
FN:364,onStart
FN:365,onStop
FN:369,onPause
FN:375,onResume
FNF:30
FNH:15
FNDA:69,<instance_members_initializer>
FNDA:69,Node
FNDA:157,addInput
FNDA:103,addOutput
FNDA:0,setAnnotation
FNDA:0,removeInput
FNDA:0,removeOutput
FNDA:0,execute
FNDA:166,run
FNDA:0,load
FNDA:0,get isRunning
FNDA:0,clearOutputs
FNDA:0,setGraph
FNDA:789,getGraph
FNDA:2,nodeType
FNDA:165,get factory
FNDA:2,serialize
FNDA:4,deserialize
FNDA:0,getType
FNDA:168,getAllInputs
FNDA:12,getAllOutputs
FNDA:0,dispose
FNDA:316,setOutput
FNDA:27,getInput
FNDA:57,getRawInput
FNDA:0,getOutput
FNDA:0,onStart
FNDA:0,onStop
FNDA:0,onPause
FNDA:0,onResume
DA:1,34
DA:2,34
DA:3,34
DA:4,34
DA:5,34
DA:6,34
DA:7,34
DA:8,34
DA:9,34
DA:10,34
DA:11,34
DA:12,34
DA:13,34
DA:14,34
DA:15,34
DA:16,34
DA:17,34
DA:18,34
DA:19,34
DA:20,34
DA:21,34
DA:22,34
DA:23,34
DA:24,34
DA:25,34
DA:26,34
DA:27,34
DA:28,34
DA:29,34
DA:30,34
DA:31,34
DA:32,34
DA:33,34
DA:34,34
DA:35,34
DA:36,34
DA:37,34
DA:38,34
DA:39,34
DA:40,34
DA:41,34
DA:42,34
DA:43,34
DA:44,34
DA:45,34
DA:46,34
DA:47,34
DA:48,34
DA:49,34
DA:50,34
DA:51,34
DA:52,34
DA:53,34
DA:54,34
DA:55,34
DA:56,34
DA:57,34
DA:58,34
DA:59,34
DA:60,34
DA:61,34
DA:62,34
DA:63,34
DA:64,69
DA:65,69
DA:66,69
DA:67,69
DA:68,69
DA:69,69
DA:70,69
DA:71,69
DA:72,69
DA:73,69
DA:74,69
DA:75,69
DA:76,69
DA:77,69
DA:78,69
DA:79,69
DA:80,69
DA:81,69
DA:82,69
DA:83,69
DA:84,69
DA:85,69
DA:86,69
DA:87,34
DA:88,34
DA:89,34
DA:90,34
DA:91,34
DA:92,34
DA:93,34
DA:94,157
DA:95,157
DA:96,157
DA:97,157
DA:98,157
DA:99,157
DA:100,157
DA:101,157
DA:102,157
DA:103,157
DA:104,34
DA:105,103
DA:106,103
DA:107,103
DA:108,103
DA:109,103
DA:110,103
DA:111,103
DA:112,103
DA:113,103
DA:114,103
DA:115,34
DA:116,34
DA:117,0
DA:118,0
DA:119,34
DA:120,34
DA:121,34
DA:122,34
DA:123,34
DA:124,0
DA:125,0
DA:126,0
DA:127,0
DA:128,0
DA:129,0
DA:130,0
DA:131,0
DA:132,0
DA:133,0
DA:134,0
DA:135,0
DA:136,0
DA:137,0
DA:138,0
DA:139,34
DA:140,34
DA:141,0
DA:142,0
DA:143,0
DA:144,0
DA:145,0
DA:146,0
DA:147,0
DA:148,0
DA:149,0
DA:150,0
DA:151,0
DA:152,34
DA:153,34
DA:154,34
DA:155,34
DA:156,34
DA:157,34
DA:158,34
DA:159,34
DA:160,34
DA:161,34
DA:162,34
DA:163,34
DA:164,166
DA:165,166
DA:166,166
DA:167,166
DA:168,166
DA:169,166
DA:170,166
DA:171,166
DA:172,161
DA:173,161
DA:174,5
DA:175,5
DA:176,166
DA:177,166
DA:178,166
DA:179,166
DA:180,166
DA:181,166
DA:182,166
DA:183,166
DA:184,166
DA:185,166
DA:186,166
DA:187,166
DA:188,166
DA:189,166
DA:190,166
DA:191,34
DA:192,34
DA:193,34
DA:194,34
DA:195,34
DA:196,34
DA:197,34
DA:198,34
DA:199,0
DA:200,0
DA:201,34
DA:202,34
DA:203,0
DA:204,0
DA:205,34
DA:206,34
DA:207,34
DA:208,34
DA:209,34
DA:210,0
DA:211,0
DA:212,34
DA:213,34
DA:214,0
DA:215,0
DA:216,34
DA:217,34
DA:218,789
DA:219,789
DA:220,34
DA:221,34
DA:222,34
DA:223,34
DA:224,34
DA:225,34
DA:226,2
DA:227,2
DA:228,2
DA:229,34
DA:230,34
DA:231,34
DA:232,34
DA:233,34
DA:234,165
DA:235,165
DA:236,165
DA:237,34
DA:238,34
DA:239,34
DA:240,34
DA:241,34
DA:242,34
DA:243,2
DA:244,2
DA:245,2
DA:246,2
DA:247,2
DA:248,2
DA:249,2
DA:250,2
DA:251,2
DA:252,2
DA:253,2
DA:254,34
DA:255,34
DA:256,34
DA:257,34
DA:258,34
DA:259,34
DA:260,34
DA:261,4
DA:262,4
DA:263,4
DA:264,4
DA:265,4
DA:266,4
DA:267,4
DA:268,4
DA:269,4
DA:270,4
DA:271,4
DA:272,4
DA:273,4
DA:274,4
DA:275,4
DA:276,4
DA:277,4
DA:278,4
DA:279,4
DA:280,4
DA:281,4
DA:282,4
DA:283,4
DA:284,4
DA:285,0
DA:286,0
DA:287,0
DA:288,4
DA:289,4
DA:290,4
DA:291,4
DA:292,34
DA:293,34
DA:294,0
DA:295,0
DA:296,34
DA:297,34
DA:298,34
DA:299,168
DA:300,168
DA:301,168
DA:302,168
DA:303,34
DA:304,34
DA:305,34
DA:306,12
DA:307,12
DA:308,12
DA:309,12
DA:310,34
DA:311,34
DA:312,34
DA:313,34
DA:314,34
DA:315,34
DA:316,34
DA:317,34
DA:318,34
DA:319,34
DA:320,34
DA:321,34
DA:322,34
DA:323,34
DA:324,34
DA:325,34
DA:326,34
DA:327,34
DA:328,34
DA:329,0
DA:330,0
DA:331,0
DA:332,34
DA:333,34
DA:334,34
DA:335,34
DA:336,34
DA:337,34
DA:338,34
DA:339,34
DA:340,34
DA:341,316
DA:342,316
DA:343,34
DA:344,34
DA:345,27
DA:346,27
DA:347,34
DA:348,57
DA:349,57
DA:350,34
DA:351,34
DA:352,34
DA:353,34
DA:354,34
DA:355,0
DA:356,0
DA:357,0
DA:358,0
DA:359,34
DA:360,34
DA:361,34
DA:362,34
DA:363,34
DA:364,34
DA:365,34
DA:366,34
DA:367,34
DA:368,34
DA:369,34
DA:370,0
DA:371,0
DA:372,34
DA:373,34
DA:374,34
DA:375,34
DA:376,0
DA:377,0
DA:378,34
LF:378
LH:326
BRDA:35,0,0,69
BRDA:63,1,0,69
BRDA:64,2,0,50
BRDA:104,3,0,103
BRDA:109,4,0,3
BRDA:163,5,0,166
BRDA:173,6,0,5
BRDA:217,7,0,789
BRDA:233,8,0,165
BRDA:260,9,0,67
BRDA:269,10,0,67
BRDA:284,11,0,63
BRDA:298,12,0,189
BRDA:300,13,0,646
BRDA:305,14,0,71
BRDA:307,15,0,68
BRDA:340,16,0,316
BRDA:347,17,0,99
BRDA:93,18,0,159
BRDA:98,19,0,7
BRDA:98,20,0,154
BRDA:344,21,0,82
BRDA:225,22,0,67
BRDA:242,23,0,67
BRDA:247,24,0,67
BRDA:266,25,0,65
BRDA:171,26,0,161
BRDA:109,27,0,100
BRF:28
BRH:28
end_of_record
TN:
SF:src/programmatic/output.ts
FN:23,Output
FN:30,set
FN:37,connect
FNF:3
FNH:3
FNDA:103,Output
FNDA:316,set
FNDA:6,connect
DA:1,34
DA:2,34
DA:3,34
DA:4,34
DA:5,34
DA:6,34
DA:7,34
DA:8,34
DA:9,34
DA:10,34
DA:11,34
DA:12,34
DA:13,34
DA:14,34
DA:15,34
DA:16,34
DA:17,34
DA:18,34
DA:19,34
DA:20,34
DA:21,34
DA:22,34
DA:23,34
DA:24,103
DA:25,103
DA:26,103
DA:27,103
DA:28,103
DA:29,34
DA:30,34
DA:31,316
DA:32,316
DA:33,316
DA:34,316
DA:35,316
DA:36,34
DA:37,34
DA:38,6
DA:39,6
DA:40,0
DA:41,0
DA:42,0
DA:43,0
DA:44,6
DA:45,6
DA:46,6
DA:47,34
DA:48,34
DA:49,34
DA:50,34
DA:51,34
DA:52,34
DA:53,34
DA:54,34
DA:55,34
DA:56,34
DA:57,34
DA:58,34
DA:59,34
DA:60,34
DA:61,34
DA:62,34
LF:62
LH:58
BRDA:23,0,0,103
BRDA:30,1,0,316
BRDA:37,2,0,6
BRDA:39,3,0,0
BRF:4
BRH:3
end_of_record
TN:
SF:src/programmatic/port.ts
FN:15,<instance_members_initializer>
FN:33,Port
FN:57,get isConnected
FN:61,get dynamicType
FN:64,get value
FN:72,get type
FN:76,setVisible
FN:80,setNode
FNF:8
FNH:4
FNDA:264,<instance_members_initializer>
FNDA:264,Port
FNDA:0,get isConnected
FNDA:0,get dynamicType
FNDA:816,get value
FNDA:82,get type
FNDA:0,setVisible
FNDA:0,setNode
DA:1,34
DA:2,34
DA:3,34
DA:4,34
DA:5,34
DA:6,34
DA:7,34
DA:8,34
DA:9,34
DA:10,34
DA:11,34
DA:12,34
DA:13,34
DA:14,34
DA:15,34
DA:16,264
DA:17,264
DA:18,264
DA:19,264
DA:20,264
DA:21,264
DA:22,264
DA:23,264
DA:24,264
DA:25,264
DA:26,264
DA:27,264
DA:28,264
DA:29,264
DA:30,264
DA:31,264
DA:32,264
DA:33,264
DA:34,264
DA:35,264
DA:36,264
DA:37,264
DA:38,264
DA:39,264
DA:40,264
DA:41,264
DA:42,264
DA:43,264
DA:44,264
DA:45,264
DA:46,264
DA:47,264
DA:48,264
DA:49,264
DA:50,264
DA:51,264
DA:52,264
DA:53,264
DA:54,264
DA:55,264
DA:56,264
DA:57,264
DA:58,0
DA:59,0
DA:60,264
DA:61,264
DA:62,0
DA:63,0
DA:64,264
DA:65,816
DA:66,816
DA:67,264
DA:68,264
DA:69,264
DA:70,264
DA:71,264
DA:72,264
DA:73,82
DA:74,82
DA:75,264
DA:76,264
DA:77,0
DA:78,0
DA:79,264
DA:80,264
DA:81,0
DA:82,0
DA:83,264
LF:83
LH:75
BRDA:15,0,0,264
BRDA:33,1,0,264
BRDA:35,2,0,2
BRDA:64,3,0,816
BRDA:72,4,0,282
BRDA:73,5,0,263
BRF:6
BRH:6
end_of_record
TN:
SF:src/schemas/index.ts
FN:1,variadicId
FN:7,createVariadicSchema
FN:253,canConvertSchemaTypes
FN:304,convertSchemaType
FNF:4
FNH:1
FNDA:0,variadicId
FNDA:10,createVariadicSchema
FNDA:0,canConvertSchemaTypes
FNDA:0,convertSchemaType
DA:1,35
DA:2,35
DA:3,35
DA:4,35
DA:5,35
DA:6,35
DA:7,35
DA:8,10
DA:9,10
DA:10,10
DA:11,10
DA:12,10
DA:13,10
DA:14,10
DA:15,35
DA:16,35
DA:17,35
DA:18,35
DA:19,35
DA:20,35
DA:21,35
DA:22,35
DA:23,35
DA:24,35
DA:25,35
DA:26,35
DA:27,35
DA:28,35
DA:29,35
DA:30,35
DA:31,35
DA:32,35
DA:33,35
DA:34,35
DA:35,35
DA:36,35
DA:37,35
DA:38,35
DA:39,35
DA:40,35
DA:41,35
DA:42,35
DA:43,35
DA:44,35
DA:45,35
DA:46,35
DA:47,35
DA:48,35
DA:49,35
DA:50,35
DA:51,35
DA:52,35
DA:53,35
DA:54,35
DA:55,35
DA:56,35
DA:57,35
DA:58,35
DA:59,35
DA:60,35
DA:61,35
DA:62,35
DA:63,35
DA:64,35
DA:65,35
DA:66,35
DA:67,35
DA:68,35
DA:69,35
DA:70,35
DA:71,35
DA:72,35
DA:73,35
DA:74,35
DA:75,35
DA:76,35
DA:77,35
DA:78,35
DA:79,35
DA:80,35
DA:81,35
DA:82,35
DA:83,35
DA:84,35
DA:85,35
DA:86,35
DA:87,35
DA:88,35
DA:89,35
DA:90,35
DA:91,35
DA:92,35
DA:93,35
DA:94,35
DA:95,35
DA:96,35
DA:97,35
DA:98,35
DA:99,35
DA:100,35
DA:101,35
DA:102,35
DA:103,35
DA:104,35
DA:105,35
DA:106,35
DA:107,35
DA:108,35
DA:109,35
DA:110,35
DA:111,35
DA:112,35
DA:113,35
DA:114,35
DA:115,35
DA:116,35
DA:117,35
DA:118,35
DA:119,35
DA:120,35
DA:121,35
DA:122,35
DA:123,35
DA:124,35
DA:125,35
DA:126,35
DA:127,35
DA:128,35
DA:129,35
DA:130,35
DA:131,35
DA:132,35
DA:133,35
DA:134,35
DA:135,35
DA:136,35
DA:137,35
DA:138,35
DA:139,35
DA:140,35
DA:141,35
DA:142,35
DA:143,35
DA:144,35
DA:145,35
DA:146,35
DA:147,35
DA:148,35
DA:149,35
DA:150,35
DA:151,35
DA:152,35
DA:153,35
DA:154,35
DA:155,35
DA:156,35
DA:157,35
DA:158,35
DA:159,35
DA:160,35
DA:161,35
DA:162,35
DA:163,35
DA:164,35
DA:165,35
DA:166,35
DA:167,35
DA:168,35
DA:169,35
DA:170,35
DA:171,35
DA:172,35
DA:173,35
DA:174,35
DA:175,35
DA:176,35
DA:177,35
DA:178,35
DA:179,35
DA:180,35
DA:181,35
DA:182,35
DA:183,35
DA:184,35
DA:185,35
DA:186,35
DA:187,35
DA:188,35
DA:189,35
DA:190,35
DA:191,35
DA:192,35
DA:193,35
DA:194,35
DA:195,35
DA:196,35
DA:197,35
DA:198,35
DA:199,35
DA:200,35
DA:201,35
DA:202,35
DA:203,35
DA:204,35
DA:205,35
DA:206,35
DA:207,35
DA:208,35
DA:209,35
DA:210,35
DA:211,35
DA:212,35
DA:213,35
DA:214,35
DA:215,35
DA:216,35
DA:217,35
DA:218,35
DA:219,35
DA:220,35
DA:221,35
DA:222,35
DA:223,35
DA:224,35
DA:225,35
DA:226,35
DA:227,35
DA:228,35
DA:229,35
DA:230,35
DA:231,35
DA:232,35
DA:233,35
DA:234,35
DA:235,35
DA:236,35
DA:237,35
DA:238,35
DA:239,35
DA:240,35
DA:241,35
DA:242,35
DA:243,35
DA:244,35
DA:245,35
DA:246,35
DA:247,35
DA:248,35
DA:249,35
DA:250,35
DA:251,35
DA:252,35
DA:253,35
DA:254,0
DA:255,0
DA:256,0
DA:257,0
DA:258,0
DA:259,0
DA:260,0
DA:261,0
DA:262,0
DA:263,0
DA:264,0
DA:265,0
DA:266,0
DA:267,0
DA:268,0
DA:269,0
DA:270,0
DA:271,0
DA:272,0
DA:273,0
DA:274,0
DA:275,0
DA:276,0
DA:277,0
DA:278,0
DA:279,0
DA:280,0
DA:281,0
DA:282,0
DA:283,0
DA:284,0
DA:285,0
DA:286,0
DA:287,0
DA:288,0
DA:289,0
DA:290,0
DA:291,0
DA:292,0
DA:293,0
DA:294,0
DA:295,35
DA:296,35
DA:297,35
DA:298,35
DA:299,35
DA:300,35
DA:301,35
DA:302,35
DA:303,35
DA:304,35
DA:305,0
DA:306,0
DA:307,0
DA:308,0
DA:309,0
DA:310,0
DA:311,0
DA:312,0
DA:313,0
DA:314,0
DA:315,0
DA:316,0
DA:317,0
DA:318,0
DA:319,0
DA:320,0
DA:321,0
DA:322,0
DA:323,0
DA:324,0
DA:325,0
DA:326,0
DA:327,35
DA:328,35
DA:329,35
DA:330,35
DA:331,35
DA:332,35
DA:333,35
DA:334,35
DA:335,35
DA:336,35
DA:337,35
DA:338,35
DA:339,35
DA:340,35
DA:341,35
LF:341
LH:278
BRDA:7,0,0,10
BRF:1
BRH:1
end_of_record
TN:
SF:src/schemas/utils.ts
FN:1,extractArray
FN:8,arrayOf
FNF:2
FNH:1
FNDA:0,extractArray
FNDA:19,arrayOf
DA:1,8
DA:2,0
DA:3,0
DA:4,0
DA:5,0
DA:6,0
DA:7,8
DA:8,8
DA:9,19
DA:10,19
DA:11,19
DA:12,19
DA:13,19
LF:13
LH:8
BRDA:8,0,0,19
BRF:1
BRH:1
end_of_record
TN:
SF:src/types/index.ts
FNF:0
FNH:0
DA:1,4
DA:2,4
DA:3,4
DA:4,4
DA:5,4
DA:6,4
DA:7,4
DA:8,4
LF:8
LH:8
BRDA:1,0,0,4
BRF:1
BRH:1
end_of_record
TN:
SF:src/utils/precision.ts
FN:1,setToPrecision
FNF:1
FNH:1
FNDA:73,setToPrecision
DA:1,6
DA:2,73
DA:3,73
DA:4,73
LF:4
LH:4
BRDA:1,0,0,73
BRF:1
BRH:1
end_of_record
TN:
SF:tests/data/processed/basic.ts
FNF:0
FNH:0
DA:1,1
DA:2,1
DA:3,1
DA:4,1
DA:5,1
DA:6,1
DA:7,1
DA:8,1
DA:9,1
DA:10,1
DA:11,1
DA:12,1
DA:13,1
DA:14,1
DA:15,1
DA:16,1
DA:17,1
DA:18,1
DA:19,1
DA:20,1
DA:21,1
DA:22,1
DA:23,1
DA:24,1
DA:25,1
DA:26,1
DA:27,1
DA:28,1
DA:29,1
DA:30,1
DA:31,1
DA:32,1
DA:33,1
DA:34,1
DA:35,1
DA:36,1
DA:37,1
DA:38,1
DA:39,1
DA:40,1
LF:40
LH:40
BRF:0
BRH:0
end_of_record
TN:
SF:tests/suites/nodes/utils.ts
FN:3,getAllOutputs
FNF:1
FNH:1
FNDA:8,getAllOutputs
DA:1,2
DA:2,2
DA:3,2
DA:4,8
DA:5,8
DA:6,39
DA:7,8
DA:8,8
DA:9,8
LF:9
LH:9
BRDA:3,0,0,8
BRDA:5,1,0,39
BRF:2
BRH:2
end_of_record
