TN:
SF:src/constants.ts
FNF:0
FNH:0
DA:1,35
DA:2,35
DA:3,35
DA:4,35
DA:5,35
LF:5
LH:5
BRF:0
BRH:0
end_of_record
TN:
SF:src/index.ts
FNF:0
FNH:0
DA:1,3
DA:2,3
DA:3,3
DA:4,3
DA:5,3
DA:6,3
DA:7,3
LF:7
LH:7
BRF:0
BRH:0
end_of_record
TN:
SF:src/types.ts
FNF:0
FNH:0
DA:1,3
DA:2,3
DA:3,3
DA:4,3
DA:5,3
DA:6,3
DA:7,3
DA:8,3
DA:9,3
DA:10,3
DA:11,3
DA:12,3
DA:13,3
DA:14,3
DA:15,3
DA:16,3
DA:17,3
DA:18,3
DA:19,3
DA:20,3
DA:21,3
DA:22,3
DA:23,3
DA:24,3
DA:25,3
DA:26,3
DA:27,3
DA:28,3
DA:29,3
DA:30,3
DA:31,3
DA:32,3
DA:33,3
DA:34,3
DA:35,3
DA:36,3
DA:37,3
DA:38,3
DA:39,3
DA:40,3
DA:41,3
DA:42,3
LF:42
LH:42
BRF:0
BRH:0
end_of_record
TN:
SF:src/annotations/index.ts
FNF:0
FNH:0
DA:1,35
DA:2,35
DA:3,35
DA:4,35
DA:5,35
DA:6,35
DA:7,35
DA:8,35
DA:9,35
DA:10,35
DA:11,35
DA:12,35
DA:13,35
DA:14,35
DA:15,35
DA:16,35
DA:17,35
DA:18,35
DA:19,35
DA:20,35
DA:21,35
DA:22,35
DA:23,35
DA:24,35
DA:25,35
DA:26,35
DA:27,35
DA:28,35
DA:29,35
DA:30,35
DA:31,35
DA:32,35
DA:33,35
DA:34,35
DA:35,35
DA:36,35
DA:37,35
DA:38,35
DA:39,35
LF:39
LH:39
BRF:0
BRH:0
end_of_record
TN:
SF:src/graph/graph.ts
FN:64,dedup
FN:158,<instance_members_initializer>
FN:181,Graph
FN:200,loadResource
FN:221,connect
FN:262,hasConnectedInput
FN:271,clear
FN:276,addNode
FN:294,removeNode
FN:316,removeEdge
FN:374,getNodeIds
FN:383,update
FN:407,serialize
FN:431,extractTypes
FN:435,checkCapabilitites
FN:451,deserialize
FN:526,registerCapability
FN:537,start
FN:546,stop
FN:553,pause
FN:559,resume
FN:573,trigger
FN:588,execute
FN:684,successors
FN:695,predecessors
FN:717,ripple
FN:775,propagate
FN:838,createEdge
FN:886,inEdges
FN:902,outEdges
FN:919,getNode
FN:928,getEdge
FN:932,emit
FN:939,on
FN:949,onFinalize
FNF:35
FNH:19
FNDA:339,dedup
FNDA:58,<instance_members_initializer>
FNDA:58,Graph
FNDA:0,loadResource
FNDA:6,connect
FNDA:0,hasConnectedInput
FNDA:0,clear
FNDA:79,addNode
FNDA:0,removeNode
FNDA:0,removeEdge
FNDA:5,getNodeIds
FNDA:155,update
FNDA:1,serialize
FNDA:0,extractTypes
FNDA:81,checkCapabilitites
FNDA:2,deserialize
FNDA:0,registerCapability
FNDA:0,start
FNDA:0,stop
FNDA:0,pause
FNDA:0,resume
FNDA:0,trigger
FNDA:4,execute
FNDA:16,successors
FNDA:0,predecessors
FNDA:312,ripple
FNDA:21,propagate
FNDA:11,createEdge
FNDA:2,inEdges
FNDA:37,outEdges
FNDA:83,getNode
FNDA:0,getEdge
FNDA:740,emit
FNDA:0,on
FNDA:0,onFinalize
DA:1,35
DA:2,35
DA:3,35
DA:4,35
DA:5,35
DA:6,35
DA:7,35
DA:8,35
DA:9,35
DA:10,35
DA:11,35
DA:12,35
DA:13,35
DA:14,35
DA:15,35
DA:16,35
DA:17,35
DA:18,35
DA:19,35
DA:20,35
DA:21,35
DA:22,35
DA:23,35
DA:24,35
DA:25,35
DA:26,35
DA:27,35
DA:28,35
DA:29,35
DA:30,35
DA:31,35
DA:32,35
DA:33,35
DA:34,35
DA:35,35
DA:36,35
DA:37,35
DA:38,35
DA:39,35
DA:40,35
DA:41,35
DA:42,35
DA:43,35
DA:44,35
DA:45,35
DA:46,35
DA:47,35
DA:48,35
DA:49,35
DA:50,35
DA:51,35
DA:52,35
DA:53,35
DA:54,35
DA:55,35
DA:56,35
DA:57,35
DA:58,35
DA:59,35
DA:60,35
DA:61,35
DA:62,35
DA:63,35
DA:64,35
DA:65,35
DA:66,35
DA:67,35
DA:68,35
DA:69,35
DA:70,35
DA:71,35
DA:72,35
DA:73,35
DA:74,35
DA:75,35
DA:76,35
DA:77,35
DA:78,35
DA:79,35
DA:80,35
DA:81,35
DA:82,35
DA:83,35
DA:84,35
DA:85,35
DA:86,35
DA:87,35
DA:88,35
DA:89,35
DA:90,35
DA:91,35
DA:92,35
DA:93,35
DA:94,35
DA:95,35
DA:96,35
DA:97,35
DA:98,35
DA:99,35
DA:100,35
DA:101,35
DA:102,35
DA:103,35
DA:104,35
DA:105,35
DA:106,35
DA:107,35
DA:108,35
DA:109,35
DA:110,35
DA:111,35
DA:112,35
DA:113,35
DA:114,35
DA:115,35
DA:116,35
DA:117,35
DA:118,35
DA:119,35
DA:120,35
DA:121,35
DA:122,35
DA:123,35
DA:124,35
DA:125,35
DA:126,35
DA:127,35
DA:128,35
DA:129,35
DA:130,35
DA:131,35
DA:132,35
DA:133,35
DA:134,35
DA:135,35
DA:136,35
DA:137,35
DA:138,35
DA:139,35
DA:140,35
DA:141,35
DA:142,35
DA:143,35
DA:144,35
DA:145,35
DA:146,35
DA:147,35
DA:148,35
DA:149,35
DA:150,35
DA:151,35
DA:152,35
DA:153,35
DA:154,35
DA:155,35
DA:156,35
DA:157,35
DA:158,35
DA:159,58
DA:160,58
DA:161,58
DA:162,58
DA:163,58
DA:164,58
DA:165,58
DA:166,58
DA:167,58
DA:168,58
DA:169,58
DA:170,58
DA:171,58
DA:172,58
DA:173,58
DA:174,58
DA:175,58
DA:176,58
DA:177,58
DA:178,58
DA:179,58
DA:180,58
DA:181,58
DA:182,58
DA:183,58
DA:184,58
DA:185,58
DA:186,58
DA:187,58
DA:188,58
DA:189,58
DA:190,58
DA:191,58
DA:192,58
DA:193,58
DA:194,58
DA:195,58
DA:196,58
DA:197,58
DA:198,58
DA:199,58
DA:200,58
DA:201,0
DA:202,0
DA:203,0
DA:204,0
DA:205,0
DA:206,0
DA:207,0
DA:208,0
DA:209,0
DA:210,0
DA:211,58
DA:212,58
DA:213,58
DA:214,58
DA:215,58
DA:216,58
DA:217,58
DA:218,58
DA:219,58
DA:220,58
DA:221,58
DA:222,6
DA:223,6
DA:224,6
DA:225,6
DA:226,6
DA:227,6
DA:228,6
DA:229,6
DA:230,6
DA:231,2
DA:232,2
DA:233,2
DA:234,2
DA:235,2
DA:236,2
DA:237,2
DA:238,6
DA:239,6
DA:240,1
DA:241,1
DA:242,1
DA:243,1
DA:244,5
DA:245,5
DA:246,5
DA:247,5
DA:248,5
DA:249,5
DA:250,5
DA:251,5
DA:252,5
DA:253,5
DA:254,6
DA:255,58
DA:256,58
DA:257,58
DA:258,58
DA:259,58
DA:260,58
DA:261,58
DA:262,58
DA:263,0
DA:264,0
DA:265,0
DA:266,0
DA:267,58
DA:268,58
DA:269,58
DA:270,58
DA:271,58
DA:272,0
DA:273,0
DA:274,0
DA:275,58
DA:276,58
DA:277,79
DA:278,79
DA:279,79
DA:280,79
DA:281,79
DA:282,79
DA:283,79
DA:284,79
DA:285,79
DA:286,0
DA:287,0
DA:288,79
DA:289,58
DA:290,58
DA:291,58
DA:292,58
DA:293,58
DA:294,58
DA:295,0
DA:296,0
DA:297,0
DA:298,0
DA:299,0
DA:300,0
DA:301,0
DA:302,0
DA:303,0
DA:304,0
DA:305,0
DA:306,0
DA:307,0
DA:308,0
DA:309,0
DA:310,0
DA:311,0
DA:312,0
DA:313,0
DA:314,0
DA:315,58
DA:316,58
DA:317,0
DA:318,0
DA:319,0
DA:320,0
DA:321,0
DA:322,0
DA:323,0
DA:324,0
DA:325,0
DA:326,0
DA:327,0
DA:328,0
DA:329,0
DA:330,0
DA:331,0
DA:332,0
DA:333,0
DA:334,0
DA:335,0
DA:336,0
DA:337,0
DA:338,0
DA:339,0
DA:340,0
DA:341,0
DA:342,0
DA:343,0
DA:344,0
DA:345,0
DA:346,0
DA:347,0
DA:348,0
DA:349,0
DA:350,0
DA:351,0
DA:352,0
DA:353,0
DA:354,0
DA:355,0
DA:356,0
DA:357,0
DA:358,0
DA:359,0
DA:360,0
DA:361,0
DA:362,0
DA:363,0
DA:364,0
DA:365,0
DA:366,0
DA:367,0
DA:368,0
DA:369,0
DA:370,58
DA:371,58
DA:372,58
DA:373,58
DA:374,58
DA:375,5
DA:376,5
DA:377,58
DA:378,58
DA:379,58
DA:380,58
DA:381,58
DA:382,58
DA:383,58
DA:384,155
DA:385,155
DA:386,155
DA:387,155
DA:388,0
DA:389,0
DA:390,155
DA:391,155
DA:392,155
DA:393,155
DA:394,8
DA:395,8
DA:396,147
DA:397,155
DA:398,0
DA:399,0
DA:400,155
DA:401,155
DA:402,155
DA:403,58
DA:404,58
DA:405,58
DA:406,58
DA:407,58
DA:408,1
DA:409,1
DA:410,1
DA:411,1
DA:412,1
DA:413,1
DA:414,1
DA:415,1
DA:416,1
DA:417,1
DA:418,1
DA:419,1
DA:420,1
DA:421,1
DA:422,1
DA:423,1
DA:424,1
DA:425,1
DA:426,58
DA:427,58
DA:428,58
DA:429,58
DA:430,58
DA:431,58
DA:432,0
DA:433,0
DA:434,58
DA:435,58
DA:436,81
DA:437,3
DA:438,0
DA:439,0
DA:440,0
DA:441,0
DA:442,0
DA:443,81
DA:444,81
DA:445,58
DA:446,58
DA:447,58
DA:448,58
DA:449,58
DA:450,58
DA:451,58
DA:452,2
DA:453,2
DA:454,2
DA:455,2
DA:456,2
DA:457,0
DA:458,2
DA:459,2
DA:460,2
DA:461,0
DA:462,0
DA:463,0
DA:464,0
DA:465,2
DA:466,2
DA:467,2
DA:468,2
DA:469,2
DA:470,2
DA:471,2
DA:472,2
DA:473,2
DA:474,2
DA:475,2
DA:476,2
DA:477,2
DA:478,2
DA:479,2
DA:480,4
DA:481,4
DA:482,4
DA:483,4
DA:484,4
DA:485,4
DA:486,2
DA:487,2
DA:488,2
DA:489,2
DA:490,2
DA:491,2
DA:492,2
DA:493,2
DA:494,2
DA:495,2
DA:496,2
DA:497,2
DA:498,2
DA:499,0
DA:500,0
DA:501,2
DA:502,0
DA:503,0
DA:504,2
DA:505,2
DA:506,0
DA:507,0
DA:508,0
DA:509,0
DA:510,0
DA:511,2
DA:512,0
DA:513,0
DA:514,0
DA:515,0
DA:516,2
DA:517,2
DA:518,2
DA:519,2
DA:520,2
DA:521,2
DA:522,2
DA:523,2
DA:524,2
DA:525,58
DA:526,58
DA:527,0
DA:528,0
DA:529,0
DA:530,0
DA:531,0
DA:532,0
DA:533,58
DA:534,58
DA:535,58
DA:536,58
DA:537,58
DA:538,0
DA:539,0
DA:540,0
DA:541,0
DA:542,0
DA:543,58
DA:544,58
DA:545,58
DA:546,58
DA:547,0
DA:548,0
DA:549,0
DA:550,0
DA:551,0
DA:552,58
DA:553,58
DA:554,0
DA:555,0
DA:556,0
DA:557,0
DA:558,0
DA:559,58
DA:560,0
DA:561,0
DA:562,0
DA:563,0
DA:564,0
DA:565,58
DA:566,58
DA:567,58
DA:568,58
DA:569,58
DA:570,58
DA:571,58
DA:572,58
DA:573,58
DA:574,0
DA:575,0
DA:576,0
DA:577,0
DA:578,0
DA:579,0
DA:580,0
DA:581,58
DA:582,58
DA:583,58
DA:584,58
DA:585,58
DA:586,58
DA:587,58
DA:588,58
DA:589,4
DA:590,4
DA:591,4
DA:592,4
DA:593,4
DA:594,4
DA:595,1
DA:596,1
DA:597,1
DA:598,1
DA:599,0
DA:600,0
DA:601,1
DA:602,1
DA:603,1
DA:604,1
DA:605,1
DA:606,1
DA:607,1
DA:608,1
DA:609,1
DA:610,0
DA:611,0
DA:612,1
DA:613,1
DA:614,1
DA:615,1
DA:616,1
DA:617,4
DA:618,4
DA:619,4
DA:620,4
DA:621,4
DA:622,4
DA:623,10
DA:624,10
DA:625,10
DA:626,10
DA:627,10
DA:628,10
DA:629,0
DA:630,0
DA:631,10
DA:632,10
DA:633,10
DA:634,0
DA:635,0
DA:636,0
DA:637,0
DA:638,10
DA:639,10
DA:640,0
DA:641,0
DA:642,10
DA:643,10
DA:644,10
DA:645,10
DA:646,4
DA:647,4
DA:648,4
DA:649,4
DA:650,4
DA:651,4
DA:652,4
DA:653,4
DA:654,4
DA:655,4
DA:656,4
DA:657,4
DA:658,4
DA:659,4
DA:660,4
DA:661,4
DA:662,4
DA:663,4
DA:664,4
DA:665,4
DA:666,4
DA:667,4
DA:668,4
DA:669,4
DA:670,4
DA:671,4
DA:672,4
DA:673,4
DA:674,4
DA:675,4
DA:676,4
DA:677,4
DA:678,58
DA:679,58
DA:680,58
DA:681,58
DA:682,58
DA:683,58
DA:684,58
DA:685,16
DA:686,16
DA:687,16
DA:688,16
DA:689,58
DA:690,58
DA:691,58
DA:692,58
DA:693,58
DA:694,58
DA:695,58
DA:696,0
DA:697,0
DA:698,0
DA:699,0
DA:700,0
DA:701,0
DA:702,0
DA:703,0
DA:704,0
DA:705,0
DA:706,0
DA:707,0
DA:708,0
DA:709,0
DA:710,0
DA:711,0
DA:712,0
DA:713,58
DA:714,58
DA:715,58
DA:716,58
DA:717,58
DA:718,312
DA:719,312
DA:720,312
DA:721,312
DA:722,11
DA:723,11
DA:724,0
DA:725,0
DA:726,11
DA:727,11
DA:728,11
DA:729,0
DA:730,0
DA:731,11
DA:732,11
DA:733,11
DA:734,11
DA:735,7
DA:736,7
DA:737,4
DA:738,8
DA:739,2
DA:740,2
DA:741,2
DA:742,2
DA:743,2
DA:744,2
DA:745,2
DA:746,2
DA:747,2
DA:748,2
DA:749,2
DA:750,2
DA:751,2
DA:752,11
DA:753,2
DA:754,2
DA:755,2
DA:756,2
DA:757,2
DA:758,2
DA:759,4
DA:760,4
DA:761,312
DA:762,312
DA:763,312
DA:764,312
DA:765,312
DA:766,312
DA:767,312
DA:768,58
DA:769,58
DA:770,58
DA:771,58
DA:772,58
DA:773,58
DA:774,58
DA:775,58
DA:776,21
DA:777,21
DA:778,0
DA:779,0
DA:780,21
DA:781,21
DA:782,21
DA:783,21
DA:784,21
DA:785,21
DA:786,21
DA:787,19
DA:788,19
DA:789,19
DA:790,19
DA:791,0
DA:792,0
DA:793,19
DA:794,19
DA:795,19
DA:796,19
DA:797,0
DA:798,0
DA:799,19
DA:800,19
DA:801,0
DA:802,0
DA:803,19
DA:804,19
DA:805,4
DA:806,4
DA:807,4
DA:808,4
DA:809,4
DA:810,4
DA:811,4
DA:812,4
DA:813,19
DA:814,15
DA:815,15
DA:816,15
DA:817,15
DA:818,15
DA:819,15
DA:820,19
DA:821,19
DA:822,21
DA:823,21
DA:824,21
DA:825,21
DA:826,21
DA:827,11
DA:828,11
DA:829,11
DA:830,11
DA:831,21
DA:832,58
DA:833,58
DA:834,58
DA:835,58
DA:836,58
DA:837,58
DA:838,58
DA:839,11
DA:840,11
DA:841,11
DA:842,11
DA:843,11
DA:844,11
DA:845,11
DA:846,11
DA:847,0
DA:848,0
DA:849,11
DA:850,0
DA:851,0
DA:852,11
DA:853,11
DA:854,11
DA:855,11
DA:856,11
DA:857,11
DA:858,11
DA:859,11
DA:860,11
DA:861,11
DA:862,11
DA:863,11
DA:864,11
DA:865,11
DA:866,2
DA:867,2
DA:868,2
DA:869,2
DA:870,2
DA:871,2
DA:872,2
DA:873,2
DA:874,2
DA:875,2
DA:876,11
DA:877,11
DA:878,11
DA:879,11
DA:880,11
DA:881,11
DA:882,58
DA:883,58
DA:884,58
DA:885,58
DA:886,58
DA:887,2
DA:888,1
DA:889,0
DA:890,0
DA:891,1
DA:892,1
DA:893,1
DA:894,0
DA:895,2
DA:896,2
DA:897,58
DA:898,58
DA:899,58
DA:900,58
DA:901,58
DA:902,58
DA:903,37
DA:904,101
DA:905,70
DA:906,70
DA:907,101
DA:908,0
DA:909,0
DA:910,31
DA:911,37
DA:912,37
DA:913,58
DA:914,58
DA:915,58
DA:916,58
DA:917,58
DA:918,58
DA:919,58
DA:920,83
DA:921,83
DA:922,58
DA:923,58
DA:924,58
DA:925,58
DA:926,58
DA:927,58
DA:928,58
DA:929,0
DA:930,0
DA:931,58
DA:932,58
DA:933,740
DA:934,740
DA:935,740
DA:936,740
DA:937,740
DA:938,58
DA:939,58
DA:940,0
DA:941,0
DA:942,0
DA:943,0
DA:944,0
DA:945,0
DA:946,0
DA:947,0
DA:948,58
DA:949,58
DA:950,0
DA:951,0
DA:952,0
DA:953,0
DA:954,0
DA:955,0
DA:956,0
DA:957,0
DA:958,58
LF:958
LH:736
BRDA:64,0,0,339
BRDA:158,1,0,58
BRDA:181,2,0,58
BRDA:182,3,0,0
BRDA:276,4,0,79
BRDA:285,5,0,0
BRDA:374,6,0,58
BRDA:383,7,0,155
BRDA:387,8,0,0
BRDA:393,9,0,8
BRDA:397,10,0,0
BRDA:435,11,0,81
BRDA:436,12,0,74
BRDA:437,13,0,71
BRDA:451,14,0,57
BRDA:456,15,0,55
BRDA:460,16,0,55
BRDA:460,17,0,55
BRDA:479,18,0,59
BRDA:488,19,0,57
BRDA:498,20,0,55
BRDA:501,21,0,55
BRDA:505,22,0,55
BRDA:511,23,0,55
BRDA:588,24,0,58
BRDA:594,25,0,55
BRDA:622,26,0,64
BRDA:628,27,0,54
BRDA:633,28,0,54
BRDA:639,29,0,54
BRDA:651,30,0,64
BRDA:657,31,0,58
BRDA:684,32,0,69
BRDA:687,33,0,65
BRDA:687,34,0,65
BRDA:717,35,0,312
BRDA:721,36,0,297
BRDA:723,37,0,286
BRDA:728,38,0,286
BRDA:734,39,0,296
BRDA:738,40,0,288
BRDA:752,41,0,293
BRDA:766,42,0,290
BRDA:766,43,0,290
BRDA:775,44,0,73
BRDA:777,45,0,52
BRDA:826,46,0,63
BRDA:786,47,0,71
BRDA:790,48,0,52
BRDA:796,49,0,52
BRDA:800,50,0,52
BRDA:804,51,0,56
BRDA:902,52,0,89
BRDA:903,53,0,153
BRDA:904,54,0,151
BRDA:907,55,0,52
BRDA:909,56,0,83
BRDA:919,57,0,135
BRDA:932,58,0,740
BRDA:221,59,0,60
BRDA:230,60,0,56
BRDA:235,61,0,54
BRDA:239,62,0,56
BRDA:239,63,0,55
BRDA:734,64,0,293
BRDA:736,65,0,294
BRDA:740,66,0,286
BRDA:752,67,0,288
BRDA:758,68,0,290
BRDA:806,69,0,52
BRDA:813,70,0,67
BRDA:829,71,0,65
BRDA:838,72,0,64
BRDA:846,73,0,53
BRDA:849,74,0,53
BRDA:865,75,0,55
BRDA:867,76,0,53
BRDA:886,77,0,59
BRDA:887,78,0,58
BRDA:888,79,0,57
BRDA:893,80,0,57
BRDA:904,81,0,122
BRDA:906,82,0,83
BRDA:407,83,0,57
BRDA:417,84,0,58
BRDA:418,85,0,57
BRDA:589,86,0,57
BRDA:598,87,0,54
BRDA:596,88,0,55
BRDA:603,89,0,55
BRDA:609,90,0,54
BRDA:736,91,0,290
BRDA:239,92,0,59
BRDA:854,93,0,62
BRDA:395,94,0,147
BRDA:393,95,0,150
BRF:96
BRH:92
end_of_record
TN:
SF:src/graph/index.ts
FNF:0
FNH:0
DA:1,4
DA:2,4
DA:3,4
DA:4,4
LF:4
LH:4
BRF:0
BRH:0
end_of_record
TN:
SF:src/graph/terminals.ts
FN:9,findTerminals
FNF:1
FNH:0
FNDA:0,findTerminals
DA:1,4
DA:2,4
DA:3,4
DA:4,4
DA:5,4
DA:6,4
DA:7,4
DA:8,4
DA:9,4
DA:10,0
DA:11,0
DA:12,0
DA:13,0
DA:14,0
DA:15,0
DA:16,0
DA:17,0
DA:18,0
DA:19,0
DA:20,0
DA:21,0
DA:22,0
DA:23,0
DA:24,0
DA:25,0
DA:26,0
LF:26
LH:9
BRF:0
BRH:0
end_of_record
TN:
SF:src/graph/topologicSort.ts
FN:13,topologicalSort
FN:17,dfs
FNF:2
FNH:2
FNDA:5,topologicalSort
FNDA:16,dfs
DA:1,35
DA:2,35
DA:3,35
DA:4,35
DA:5,35
DA:6,35
DA:7,35
DA:8,35
DA:9,35
DA:10,35
DA:11,35
DA:12,35
DA:13,35
DA:14,5
DA:15,5
DA:16,5
DA:17,5
DA:18,16
DA:19,16
DA:20,16
DA:21,16
DA:22,12
DA:23,7
DA:24,7
DA:25,12
DA:26,16
DA:27,16
DA:28,5
DA:29,5
DA:30,5
DA:31,5
DA:32,5
DA:33,5
DA:34,16
DA:35,9
DA:36,9
DA:37,5
DA:38,5
DA:39,5
DA:40,5
LF:40
LH:40
BRDA:13,0,0,5
BRDA:17,1,0,16
BRDA:21,2,0,12
BRDA:22,3,0,7
BRDA:33,4,0,16
BRDA:34,5,0,9
BRF:6
BRH:6
end_of_record
TN:
SF:src/graph/types.ts
FNF:0
FNH:0
DA:1,4
DA:2,4
DA:3,4
DA:4,4
DA:5,4
DA:6,4
DA:7,4
DA:8,4
DA:9,4
DA:10,4
DA:11,4
DA:12,4
DA:13,4
DA:14,4
DA:15,4
DA:16,4
DA:17,4
DA:18,4
DA:19,4
DA:20,4
DA:21,4
DA:22,4
DA:23,4
DA:24,4
DA:25,4
DA:26,4
DA:27,4
DA:28,4
DA:29,4
DA:30,4
DA:31,4
DA:32,4
DA:33,4
DA:34,4
DA:35,4
DA:36,4
DA:37,4
DA:38,4
DA:39,4
DA:40,4
DA:41,4
DA:42,4
DA:43,4
LF:43
LH:43
BRF:0
BRH:0
end_of_record
TN:
SF:src/nodes/index.ts
FNF:0
FNH:0
DA:1,3
DA:2,3
DA:3,3
DA:4,3
DA:5,3
DA:6,3
DA:7,3
DA:8,3
DA:9,3
DA:10,3
DA:11,3
DA:12,3
DA:13,3
DA:14,3
DA:15,3
DA:16,3
DA:17,3
DA:18,3
DA:19,3
DA:20,3
DA:21,3
DA:22,3
DA:23,3
DA:24,3
DA:25,3
DA:26,3
DA:27,3
DA:28,3
DA:29,3
DA:30,3
DA:31,3
DA:32,3
DA:33,3
DA:34,3
DA:35,3
DA:36,3
DA:37,3
DA:38,3
DA:39,3
DA:40,3
DA:41,3
DA:42,267
DA:43,267
DA:44,267
DA:45,3
DA:46,3
LF:46
LH:46
BRDA:41,0,0,267
BRF:1
BRH:1
end_of_record
TN:
SF:src/nodes/accessibility/baseFontSize.ts
FN:5,<static_initializer>
FN:29,NodeDefinition
FN:86,execute
FNF:3
FNH:1
FNDA:3,<static_initializer>
FNDA:0,NodeDefinition
FNDA:0,execute
DA:1,3
DA:2,3
DA:3,3
DA:4,3
DA:5,3
DA:6,3
DA:7,3
DA:8,3
DA:9,3
DA:10,3
DA:11,3
DA:12,3
DA:13,3
DA:14,3
DA:15,3
DA:16,3
DA:17,3
DA:18,3
DA:19,3
DA:20,3
DA:21,3
DA:22,3
DA:23,3
DA:24,3
DA:25,3
DA:26,3
DA:27,3
DA:28,3
DA:29,3
DA:30,0
DA:31,0
DA:32,0
DA:33,0
DA:34,0
DA:35,0
DA:36,0
DA:37,0
DA:38,0
DA:39,0
DA:40,0
DA:41,0
DA:42,0
DA:43,0
DA:44,0
DA:45,0
DA:46,0
DA:47,0
DA:48,0
DA:49,0
DA:50,0
DA:51,0
DA:52,0
DA:53,0
DA:54,0
DA:55,0
DA:56,0
DA:57,0
DA:58,0
DA:59,0
DA:60,0
DA:61,0
DA:62,0
DA:63,0
DA:64,0
DA:65,0
DA:66,0
DA:67,0
DA:68,0
DA:69,0
DA:70,0
DA:71,0
DA:72,0
DA:73,0
DA:74,0
DA:75,0
DA:76,0
DA:77,0
DA:78,0
DA:79,0
DA:80,0
DA:81,0
DA:82,0
DA:83,0
DA:84,0
DA:85,3
DA:86,3
DA:87,0
DA:88,0
DA:89,0
DA:90,0
DA:91,0
DA:92,0
DA:93,0
DA:94,0
DA:95,0
DA:96,0
DA:97,0
DA:98,0
DA:99,0
DA:100,0
DA:101,0
DA:102,0
DA:103,0
DA:104,0
DA:105,0
DA:106,3
LF:106
LH:32
BRDA:5,0,0,3
BRF:1
BRH:1
end_of_record
TN:
SF:src/nodes/accessibility/colorBlindness.ts
FN:24,<static_initializer>
FN:42,NodeDefinition
FN:62,execute
FNF:3
FNH:1
FNDA:3,<static_initializer>
FNDA:0,NodeDefinition
FNDA:0,execute
DA:1,3
DA:2,3
DA:3,3
DA:4,3
DA:5,3
DA:6,3
DA:7,3
DA:8,3
DA:9,3
DA:10,3
DA:11,3
DA:12,3
DA:13,3
DA:14,3
DA:15,3
DA:16,3
DA:17,3
DA:18,3
DA:19,3
DA:20,3
DA:21,3
DA:22,3
DA:23,3
DA:24,3
DA:25,3
DA:26,3
DA:27,3
DA:28,3
DA:29,3
DA:30,3
DA:31,3
DA:32,3
DA:33,3
DA:34,3
DA:35,3
DA:36,3
DA:37,3
DA:38,3
DA:39,3
DA:40,3
DA:41,3
DA:42,3
DA:43,0
DA:44,0
DA:45,0
DA:46,0
DA:47,0
DA:48,0
DA:49,0
DA:50,0
DA:51,0
DA:52,0
DA:53,0
DA:54,0
DA:55,0
DA:56,0
DA:57,0
DA:58,0
DA:59,0
DA:60,0
DA:61,3
DA:62,3
DA:63,0
DA:64,0
DA:65,0
DA:66,0
DA:67,0
DA:68,0
DA:69,0
DA:70,0
DA:71,0
DA:72,0
DA:73,0
DA:74,0
DA:75,0
DA:76,0
DA:77,0
DA:78,0
DA:79,0
DA:80,0
DA:81,0
DA:82,0
DA:83,0
DA:84,0
DA:85,0
DA:86,0
DA:87,0
DA:88,0
DA:89,0
DA:90,0
DA:91,0
DA:92,0
DA:93,0
DA:94,0
DA:95,0
DA:96,0
DA:97,3
LF:97
LH:45
BRDA:10,0,0,3
BRDA:24,1,0,3
BRF:2
BRH:2
end_of_record
TN:
SF:src/nodes/accessibility/contrast.ts
FN:10,<static_initializer>
FN:14,NodeDefinition
FN:44,execute
FNF:3
FNH:1
FNDA:3,<static_initializer>
FNDA:0,NodeDefinition
FNDA:0,execute
DA:1,3
DA:2,3
DA:3,3
DA:4,3
DA:5,3
DA:6,3
DA:7,3
DA:8,3
DA:9,3
DA:10,3
DA:11,3
DA:12,3
DA:13,3
DA:14,3
DA:15,0
DA:16,0
DA:17,0
DA:18,0
DA:19,0
DA:20,0
DA:21,0
DA:22,0
DA:23,0
DA:24,0
DA:25,0
DA:26,0
DA:27,0
DA:28,0
DA:29,0
DA:30,0
DA:31,0
DA:32,0
DA:33,0
DA:34,0
DA:35,0
DA:36,0
DA:37,0
DA:38,0
DA:39,0
DA:40,0
DA:41,0
DA:42,0
DA:43,3
DA:44,3
DA:45,0
DA:46,0
DA:47,0
DA:48,0
DA:49,0
DA:50,0
DA:51,3
LF:51
LH:17
BRDA:10,0,0,3
BRF:1
BRH:1
end_of_record
TN:
SF:src/nodes/accessibility/index.ts
FNF:0
FNH:0
DA:1,3
DA:2,3
DA:3,3
DA:4,3
DA:5,3
LF:5
LH:5
BRF:0
BRH:0
end_of_record
TN:
SF:src/nodes/array/arraySubgraph.ts
FN:24,<static_initializer>
FNF:1
FNH:1
FNDA:3,<static_initializer>
DA:1,3
DA:2,3
DA:3,3
DA:4,3
DA:5,3
DA:6,3
DA:7,3
DA:8,3
DA:9,3
DA:10,3
DA:11,3
DA:12,3
DA:13,3
DA:14,3
DA:15,3
DA:16,3
DA:17,3
DA:18,3
DA:19,3
DA:20,3
DA:21,3
DA:22,3
DA:23,3
DA:24,3
DA:25,0
DA:26,0
DA:27,0
DA:28,0
DA:29,0
DA:30,0
DA:31,0
DA:32,0
DA:33,0
DA:34,0
DA:35,0
DA:36,0
DA:37,0
DA:38,0
DA:39,0
DA:40,0
DA:41,0
DA:42,0
DA:43,0
DA:44,0
DA:45,0
DA:46,0
DA:47,0
DA:48,0
DA:49,0
DA:50,0
DA:51,0
DA:52,0
DA:53,0
DA:54,0
DA:55,0
DA:56,0
DA:57,0
DA:58,0
DA:59,0
DA:60,0
DA:61,0
DA:62,0
DA:63,0
DA:64,0
DA:65,0
DA:66,0
DA:67,0
DA:68,0
DA:69,0
DA:70,0
DA:71,0
DA:72,0
DA:73,0
DA:74,0
DA:75,0
DA:76,0
DA:77,0
DA:78,0
DA:79,0
DA:80,0
DA:81,0
DA:82,0
DA:83,0
DA:84,0
DA:85,0
DA:86,0
DA:87,0
DA:88,0
DA:89,0
DA:90,0
DA:91,0
DA:92,0
DA:93,0
DA:94,0
DA:95,0
DA:96,0
DA:97,0
DA:98,0
DA:99,0
DA:100,0
DA:101,0
DA:102,0
DA:103,0
DA:104,0
DA:105,0
DA:106,0
DA:107,0
DA:108,0
DA:109,0
DA:110,0
DA:111,0
DA:112,0
DA:113,0
DA:114,0
DA:115,0
DA:116,0
DA:117,0
DA:118,0
DA:119,0
DA:120,0
DA:121,0
DA:122,0
DA:123,0
DA:124,0
DA:125,0
DA:126,0
DA:127,0
DA:128,0
DA:129,0
DA:130,0
DA:131,0
DA:132,0
DA:133,0
DA:134,0
DA:135,0
DA:136,0
DA:137,0
DA:138,0
DA:139,0
DA:140,0
DA:141,0
DA:142,0
DA:143,0
DA:144,0
DA:145,0
DA:146,0
DA:147,0
DA:148,0
DA:149,0
DA:150,0
DA:151,0
DA:152,0
DA:153,0
DA:154,0
DA:155,0
DA:156,0
DA:157,0
DA:158,0
DA:159,0
DA:160,0
DA:161,0
DA:162,0
DA:163,0
DA:164,0
DA:165,0
DA:166,0
DA:167,0
DA:168,0
DA:169,0
DA:170,0
DA:171,0
DA:172,0
DA:173,0
DA:174,0
DA:175,0
DA:176,0
DA:177,0
DA:178,0
DA:179,0
DA:180,0
DA:181,0
DA:182,0
DA:183,0
DA:184,0
DA:185,0
DA:186,0
DA:187,0
DA:188,0
DA:189,0
DA:190,0
DA:191,0
DA:192,0
DA:193,0
DA:194,0
DA:195,0
DA:196,0
DA:197,0
DA:198,0
DA:199,0
DA:200,0
DA:201,0
DA:202,0
DA:203,0
DA:204,0
DA:205,0
DA:206,0
DA:207,0
DA:208,0
DA:209,0
DA:210,0
DA:211,0
DA:212,0
DA:213,0
DA:214,0
DA:215,0
DA:216,0
DA:217,0
DA:218,0
DA:219,0
DA:220,0
DA:221,0
DA:222,0
DA:223,0
DA:224,0
DA:225,0
DA:226,0
DA:227,0
DA:228,0
DA:229,0
DA:230,0
DA:231,0
DA:232,0
DA:233,0
DA:234,0
DA:235,0
DA:236,0
DA:237,0
LF:237
LH:24
BRDA:24,0,0,3
BRF:1
BRH:1
end_of_record
TN:
SF:src/nodes/array/arrify.ts
FN:8,<static_initializer>
FN:20,NodeDefinition
FN:36,execute
FNF:3
FNH:1
FNDA:3,<static_initializer>
FNDA:0,NodeDefinition
FNDA:0,execute
DA:1,3
DA:2,3
DA:3,3
DA:4,3
DA:5,3
DA:6,3
DA:7,3
DA:8,3
DA:9,3
DA:10,3
DA:11,3
DA:12,3
DA:13,3
DA:14,3
DA:15,3
DA:16,3
DA:17,3
DA:18,3
DA:19,3
DA:20,3
DA:21,0
DA:22,0
DA:23,0
DA:24,0
DA:25,0
DA:26,0
DA:27,0
DA:28,0
DA:29,0
DA:30,0
DA:31,0
DA:32,0
DA:33,0
DA:34,0
DA:35,3
DA:36,3
DA:37,0
DA:38,0
DA:39,0
DA:40,3
LF:40
LH:23
BRDA:8,0,0,3
BRF:1
BRH:1
end_of_record
TN:
SF:src/nodes/array/concat.ts
FN:4,<static_initializer>
FN:17,NodeDefinition
FN:33,execute
FNF:3
FNH:3
FNDA:4,<static_initializer>
FNDA:1,NodeDefinition
FNDA:3,execute
DA:1,4
DA:2,4
DA:3,4
DA:4,4
DA:5,4
DA:6,4
DA:7,4
DA:8,4
DA:9,4
DA:10,4
DA:11,4
DA:12,4
DA:13,4
DA:14,4
DA:15,4
DA:16,4
DA:17,4
DA:18,1
DA:19,1
DA:20,1
DA:21,1
DA:22,1
DA:23,1
DA:24,1
DA:25,1
DA:26,1
DA:27,1
DA:28,1
DA:29,1
DA:30,1
DA:31,1
DA:32,4
DA:33,4
DA:34,3
DA:35,3
DA:36,3
DA:37,3
DA:38,3
DA:39,3
DA:40,3
DA:41,3
DA:42,3
DA:43,4
LF:43
LH:43
BRDA:4,0,0,4
BRDA:17,1,0,4
BRDA:33,2,0,6
BRDA:38,3,0,3
BRF:4
BRH:4
end_of_record
TN:
SF:src/nodes/array/index.ts
FNF:0
FNH:0
DA:1,3
DA:2,3
DA:3,3
DA:4,3
DA:5,3
DA:6,3
DA:7,3
DA:8,3
DA:9,3
DA:10,3
DA:11,3
DA:12,3
DA:13,3
DA:14,3
DA:15,3
DA:16,3
DA:17,3
DA:18,3
DA:19,3
DA:20,3
DA:21,3
LF:21
LH:21
BRF:0
BRH:0
end_of_record
TN:
SF:src/nodes/array/indexArray.ts
FN:8,<static_initializer>
FN:31,NodeDefinition
FN:50,execute
FNF:3
FNH:3
FNDA:4,<static_initializer>
FNDA:2,NodeDefinition
FNDA:6,execute
DA:1,4
DA:2,4
DA:3,4
DA:4,4
DA:5,4
DA:6,4
DA:7,4
DA:8,4
DA:9,4
DA:10,4
DA:11,4
DA:12,4
DA:13,4
DA:14,4
DA:15,4
DA:16,4
DA:17,4
DA:18,4
DA:19,4
DA:20,4
DA:21,4
DA:22,4
DA:23,4
DA:24,4
DA:25,4
DA:26,4
DA:27,4
DA:28,4
DA:29,4
DA:30,4
DA:31,4
DA:32,2
DA:33,2
DA:34,2
DA:35,2
DA:36,2
DA:37,2
DA:38,2
DA:39,2
DA:40,2
DA:41,2
DA:42,2
DA:43,2
DA:44,2
DA:45,2
DA:46,2
DA:47,2
DA:48,2
DA:49,4
DA:50,4
DA:51,6
DA:52,6
DA:53,6
DA:54,6
DA:55,6
DA:56,6
DA:57,6
DA:58,6
DA:59,6
DA:60,6
DA:61,4
LF:61
LH:61
BRDA:8,0,0,4
BRDA:31,1,0,5
BRDA:50,2,0,9
BRF:3
BRH:3
end_of_record
TN:
SF:src/nodes/array/join.ts
FN:4,<static_initializer>
FN:19,NodeDefinition
FN:38,execute
FNF:3
FNH:3
FNDA:4,<static_initializer>
FNDA:2,NodeDefinition
FNDA:5,execute
DA:1,4
DA:2,4
DA:3,4
DA:4,4
DA:5,4
DA:6,4
DA:7,4
DA:8,4
DA:9,4
DA:10,4
DA:11,4
DA:12,4
DA:13,4
DA:14,4
DA:15,4
DA:16,4
DA:17,4
DA:18,4
DA:19,4
DA:20,2
DA:21,2
DA:22,2
DA:23,2
DA:24,2
DA:25,2
DA:26,2
DA:27,2
DA:28,2
DA:29,2
DA:30,2
DA:31,2
DA:32,2
DA:33,2
DA:34,2
DA:35,2
DA:36,2
DA:37,4
DA:38,4
DA:39,5
DA:40,5
DA:41,5
DA:42,4
LF:42
LH:42
BRDA:4,0,0,4
BRDA:19,1,0,5
BRDA:38,2,0,8
BRF:3
BRH:3
end_of_record
TN:
SF:src/nodes/array/push.ts
FN:4,<static_initializer>
FN:26,NodeDefinition
FN:42,execute
FNF:3
FNH:3
FNDA:4,<static_initializer>
FNDA:1,NodeDefinition
FNDA:3,execute
DA:1,4
DA:2,4
DA:3,4
DA:4,4
DA:5,4
DA:6,4
DA:7,4
DA:8,4
DA:9,4
DA:10,4
DA:11,4
DA:12,4
DA:13,4
DA:14,4
DA:15,4
DA:16,4
DA:17,4
DA:18,4
DA:19,4
DA:20,4
DA:21,4
DA:22,4
DA:23,4
DA:24,4
DA:25,4
DA:26,4
DA:27,1
DA:28,1
DA:29,1
DA:30,1
DA:31,1
DA:32,1
DA:33,1
DA:34,1
DA:35,1
DA:36,1
DA:37,1
DA:38,1
DA:39,1
DA:40,1
DA:41,4
DA:42,4
DA:43,3
DA:44,3
DA:45,3
DA:46,3
DA:47,3
DA:48,3
DA:49,4
LF:49
LH:49
BRDA:4,0,0,4
BRDA:26,1,0,4
BRDA:42,2,0,6
BRF:3
BRH:3
end_of_record
TN:
SF:src/nodes/array/reverse.ts
FN:4,<static_initializer>
FN:16,NodeDefinition
FN:28,execute
FNF:3
FNH:3
FNDA:4,<static_initializer>
FNDA:1,NodeDefinition
FNDA:2,execute
DA:1,4
DA:2,4
DA:3,4
DA:4,4
DA:5,4
DA:6,4
DA:7,4
DA:8,4
DA:9,4
DA:10,4
DA:11,4
DA:12,4
DA:13,4
DA:14,4
DA:15,4
DA:16,4
DA:17,1
DA:18,1
DA:19,1
DA:20,1
DA:21,1
DA:22,1
DA:23,1
DA:24,1
DA:25,1
DA:26,1
DA:27,4
DA:28,4
DA:29,2
DA:30,2
DA:31,2
DA:32,2
DA:33,2
DA:34,2
DA:35,4
LF:35
LH:35
BRDA:4,0,0,4
BRDA:16,1,0,4
BRDA:28,2,0,5
BRF:3
BRH:3
end_of_record
TN:
SF:src/nodes/array/slice.ts
FN:4,<static_initializer>
FN:17,NodeDefinition
FN:37,execute
FNF:3
FNH:3
FNDA:4,<static_initializer>
FNDA:1,NodeDefinition
FNDA:4,execute
DA:1,4
DA:2,4
DA:3,4
DA:4,4
DA:5,4
DA:6,4
DA:7,4
DA:8,4
DA:9,4
DA:10,4
DA:11,4
DA:12,4
DA:13,4
DA:14,4
DA:15,4
DA:16,4
DA:17,4
DA:18,1
DA:19,1
DA:20,1
DA:21,1
DA:22,1
DA:23,1
DA:24,1
DA:25,1
DA:26,1
DA:27,1
DA:28,1
DA:29,1
DA:30,1
DA:31,1
DA:32,1
DA:33,1
DA:34,1
DA:35,1
DA:36,4
DA:37,4
DA:38,4
DA:39,4
DA:40,4
DA:41,4
DA:42,4
DA:43,4
DA:44,4
LF:44
LH:44
BRDA:4,0,0,4
BRDA:17,1,0,4
BRDA:37,2,0,7
BRF:3
BRH:3
end_of_record
TN:
SF:src/nodes/array/sort.ts
FN:20,<static_initializer>
FN:35,NodeDefinition
FN:58,execute
FNF:3
FNH:3
FNDA:4,<static_initializer>
FNDA:2,NodeDefinition
FNDA:7,execute
DA:1,4
DA:2,4
DA:3,4
DA:4,4
DA:5,4
DA:6,4
DA:7,4
DA:8,4
DA:9,4
DA:10,4
DA:11,4
DA:12,4
DA:13,4
DA:14,4
DA:15,4
DA:16,4
DA:17,4
DA:18,4
DA:19,4
DA:20,4
DA:21,4
DA:22,4
DA:23,4
DA:24,4
DA:25,4
DA:26,4
DA:27,4
DA:28,4
DA:29,4
DA:30,4
DA:31,4
DA:32,4
DA:33,4
DA:34,4
DA:35,4
DA:36,2
DA:37,2
DA:38,2
DA:39,2
DA:40,2
DA:41,2
DA:42,2
DA:43,2
DA:44,2
DA:45,2
DA:46,2
DA:47,2
DA:48,2
DA:49,2
DA:50,2
DA:51,2
DA:52,2
DA:53,2
DA:54,2
DA:55,2
DA:56,2
DA:57,4
DA:58,4
DA:59,7
DA:60,7
DA:61,7
DA:62,7
DA:63,7
DA:64,7
DA:65,4
LF:65
LH:65
BRDA:6,0,0,4
BRDA:20,1,0,4
BRDA:35,2,0,5
BRDA:58,3,0,10
BRF:4
BRH:4
end_of_record
TN:
SF:src/nodes/color/blend.ts
FN:19,convertModifiedColorToHex
FN:26,<static_initializer>
FN:43,NodeDefinition
FN:85,execute
FNF:4
FNH:4
FNDA:10,convertModifiedColorToHex
FNDA:4,<static_initializer>
FNDA:2,NodeDefinition
FNDA:10,execute
DA:1,4
DA:2,4
DA:3,4
DA:4,4
DA:5,4
DA:6,4
DA:7,4
DA:8,4
DA:9,4
DA:10,4
DA:11,4
DA:12,4
DA:13,4
DA:14,4
DA:15,4
DA:16,4
DA:17,4
DA:18,4
DA:19,10
DA:20,10
DA:21,10
DA:22,10
DA:23,10
DA:24,10
DA:25,4
DA:26,4
DA:27,4
DA:28,4
DA:29,4
DA:30,4
DA:31,4
DA:32,4
DA:33,4
DA:34,4
DA:35,4
DA:36,4
DA:37,4
DA:38,4
DA:39,4
DA:40,4
DA:41,4
DA:42,4
DA:43,4
DA:44,2
DA:45,2
DA:46,2
DA:47,2
DA:48,2
DA:49,2
DA:50,2
DA:51,2
DA:52,2
DA:53,2
DA:54,2
DA:55,2
DA:56,2
DA:57,2
DA:58,2
DA:59,2
DA:60,2
DA:61,2
DA:62,2
DA:63,2
DA:64,2
DA:65,2
DA:66,2
DA:67,2
DA:68,2
DA:69,2
DA:70,2
DA:71,2
DA:72,2
DA:73,2
DA:74,2
DA:75,2
DA:76,2
DA:77,2
DA:78,2
DA:79,2
DA:80,2
DA:81,2
DA:82,2
DA:83,2
DA:84,4
DA:85,4
DA:86,10
DA:87,10
DA:88,10
DA:89,10
DA:90,10
DA:91,10
DA:92,10
DA:93,10
DA:94,10
DA:95,10
DA:96,4
LF:96
LH:96
BRDA:26,0,0,4
BRDA:19,1,0,10
BRDA:43,2,0,5
BRDA:85,3,0,13
BRF:4
BRH:4
end_of_record
TN:
SF:src/nodes/color/contrasting.ts
FN:19,<static_initializer>
FN:37,NodeDefinition
FN:90,execute
FNF:3
FNH:3
FNDA:4,<static_initializer>
FNDA:3,NodeDefinition
FNDA:18,execute
DA:1,4
DA:2,4
DA:3,4
DA:4,4
DA:5,4
DA:6,4
DA:7,4
DA:8,4
DA:9,4
DA:10,4
DA:11,4
DA:12,4
DA:13,4
DA:14,4
DA:15,4
DA:16,4
DA:17,4
DA:18,4
DA:19,4
DA:20,4
DA:21,4
DA:22,4
DA:23,4
DA:24,4
DA:25,4
DA:26,4
DA:27,4
DA:28,4
DA:29,4
DA:30,4
DA:31,4
DA:32,4
DA:33,4
DA:34,4
DA:35,4
DA:36,4
DA:37,4
DA:38,3
DA:39,3
DA:40,3
DA:41,3
DA:42,3
DA:43,3
DA:44,3
DA:45,3
DA:46,3
DA:47,3
DA:48,3
DA:49,3
DA:50,3
DA:51,3
DA:52,3
DA:53,3
DA:54,3
DA:55,3
DA:56,3
DA:57,3
DA:58,3
DA:59,3
DA:60,3
DA:61,3
DA:62,3
DA:63,3
DA:64,3
DA:65,3
DA:66,3
DA:67,3
DA:68,3
DA:69,3
DA:70,3
DA:71,3
DA:72,3
DA:73,3
DA:74,3
DA:75,3
DA:76,3
DA:77,3
DA:78,3
DA:79,3
DA:80,3
DA:81,3
DA:82,3
DA:83,3
DA:84,3
DA:85,3
DA:86,3
DA:87,3
DA:88,3
DA:89,4
DA:90,4
DA:91,18
DA:92,18
DA:93,18
DA:94,18
DA:95,18
DA:96,18
DA:97,18
DA:98,18
DA:99,3
DA:100,3
DA:101,18
DA:102,12
DA:103,12
DA:104,12
DA:105,15
DA:106,18
DA:107,6
DA:108,6
DA:109,6
DA:110,18
DA:111,9
DA:112,9
DA:113,9
DA:114,9
DA:115,18
DA:116,4
LF:116
LH:116
BRDA:11,0,0,4
BRDA:19,1,0,4
BRDA:37,2,0,6
BRDA:90,3,0,21
BRDA:98,4,0,6
BRDA:101,5,0,15
BRDA:104,6,0,18
BRDA:106,7,0,9
BRDA:110,8,0,12
BRF:9
BRH:9
end_of_record
TN:
SF:src/nodes/color/contrastingAlpha.ts
FN:21,contrastCheck
FN:33,<static_initializer>
FN:51,NodeDefinition
FN:105,execute
FNF:4
FNH:1
FNDA:0,contrastCheck
FNDA:3,<static_initializer>
FNDA:0,NodeDefinition
FNDA:0,execute
DA:1,3
DA:2,3
DA:3,3
DA:4,3
DA:5,3
DA:6,3
DA:7,3
DA:8,3
DA:9,3
DA:10,3
DA:11,3
DA:12,3
DA:13,3
DA:14,3
DA:15,3
DA:16,3
DA:17,3
DA:18,3
DA:19,3
DA:20,3
DA:21,3
DA:22,0
DA:23,0
DA:24,0
DA:25,0
DA:26,0
DA:27,0
DA:28,0
DA:29,0
DA:30,0
DA:31,0
DA:32,3
DA:33,3
DA:34,3
DA:35,3
DA:36,3
DA:37,3
DA:38,3
DA:39,3
DA:40,3
DA:41,3
DA:42,3
DA:43,3
DA:44,3
DA:45,3
DA:46,3
DA:47,3
DA:48,3
DA:49,3
DA:50,3
DA:51,3
DA:52,0
DA:53,0
DA:54,0
DA:55,0
DA:56,0
DA:57,0
DA:58,0
DA:59,0
DA:60,0
DA:61,0
DA:62,0
DA:63,0
DA:64,0
DA:65,0
DA:66,0
DA:67,0
DA:68,0
DA:69,0
DA:70,0
DA:71,0
DA:72,0
DA:73,0
DA:74,0
DA:75,0
DA:76,0
DA:77,0
DA:78,0
DA:79,0
DA:80,0
DA:81,0
DA:82,0
DA:83,0
DA:84,0
DA:85,0
DA:86,0
DA:87,0
DA:88,0
DA:89,0
DA:90,0
DA:91,0
DA:92,0
DA:93,0
DA:94,0
DA:95,0
DA:96,0
DA:97,0
DA:98,0
DA:99,0
DA:100,0
DA:101,0
DA:102,0
DA:103,0
DA:104,3
DA:105,3
DA:106,0
DA:107,0
DA:108,0
DA:109,0
DA:110,0
DA:111,0
DA:112,0
DA:113,0
DA:114,0
DA:115,0
DA:116,0
DA:117,0
DA:118,0
DA:119,0
DA:120,0
DA:121,0
DA:122,0
DA:123,0
DA:124,0
DA:125,0
DA:126,0
DA:127,0
DA:128,0
DA:129,0
DA:130,0
DA:131,0
DA:132,0
DA:133,0
DA:134,0
DA:135,0
DA:136,0
DA:137,0
DA:138,0
DA:139,0
DA:140,0
DA:141,0
DA:142,0
DA:143,0
DA:144,0
DA:145,0
DA:146,0
DA:147,0
DA:148,0
DA:149,0
DA:150,0
DA:151,0
DA:152,0
DA:153,0
DA:154,0
DA:155,0
DA:156,0
DA:157,0
DA:158,0
DA:159,0
DA:160,0
DA:161,0
DA:162,0
DA:163,0
DA:164,0
DA:165,0
DA:166,0
DA:167,0
DA:168,0
DA:169,0
DA:170,0
DA:171,0
DA:172,0
DA:173,0
DA:174,0
DA:175,0
DA:176,0
DA:177,0
DA:178,0
DA:179,0
DA:180,0
DA:181,0
DA:182,0
DA:183,0
DA:184,0
DA:185,0
DA:186,0
DA:187,0
DA:188,3
LF:188
LH:44
BRDA:16,0,0,3
BRDA:33,1,0,3
BRF:2
BRH:2
end_of_record
TN:
SF:src/nodes/color/convert.ts
FN:38,<static_initializer>
FN:73,NodeDefinition
FN:109,execute
FNF:3
FNH:3
FNDA:4,<static_initializer>
FNDA:5,NodeDefinition
FNDA:15,execute
DA:1,4
DA:2,4
DA:3,4
DA:4,4
DA:5,4
DA:6,4
DA:7,4
DA:8,4
DA:9,4
DA:10,4
DA:11,4
DA:12,4
DA:13,4
DA:14,4
DA:15,4
DA:16,4
DA:17,4
DA:18,4
DA:19,4
DA:20,4
DA:21,4
DA:22,4
DA:23,4
DA:24,4
DA:25,4
DA:26,4
DA:27,4
DA:28,4
DA:29,4
DA:30,4
DA:31,4
DA:32,4
DA:33,4
DA:34,4
DA:35,4
DA:36,4
DA:37,4
DA:38,4
DA:39,4
DA:40,4
DA:41,4
DA:42,4
DA:43,4
DA:44,4
DA:45,4
DA:46,4
DA:47,4
DA:48,4
DA:49,4
DA:50,4
DA:51,4
DA:52,4
DA:53,4
DA:54,4
DA:55,4
DA:56,4
DA:57,4
DA:58,4
DA:59,4
DA:60,4
DA:61,4
DA:62,4
DA:63,4
DA:64,4
DA:65,4
DA:66,4
DA:67,4
DA:68,4
DA:69,4
DA:70,4
DA:71,4
DA:72,4
DA:73,4
DA:74,5
DA:75,5
DA:76,5
DA:77,5
DA:78,5
DA:79,5
DA:80,5
DA:81,5
DA:82,5
DA:83,5
DA:84,5
DA:85,5
DA:86,5
DA:87,5
DA:88,5
DA:89,5
DA:90,5
DA:91,5
DA:92,5
DA:93,5
DA:94,5
DA:95,5
DA:96,5
DA:97,5
DA:98,5
DA:99,5
DA:100,5
DA:101,5
DA:102,5
DA:103,5
DA:104,5
DA:105,5
DA:106,5
DA:107,5
DA:108,4
DA:109,4
DA:110,15
DA:111,15
DA:112,15
DA:113,15
DA:114,15
DA:115,5
DA:116,5
DA:117,10
DA:118,15
DA:119,2
DA:120,2
DA:121,2
DA:122,10
DA:123,10
DA:124,10
DA:125,10
DA:126,10
DA:127,10
DA:128,10
DA:129,10
DA:130,10
DA:131,10
DA:132,10
DA:133,10
DA:134,10
DA:135,10
DA:136,15
DA:137,15
DA:138,15
DA:139,15
DA:140,15
DA:141,15
DA:142,6
DA:143,6
DA:144,6
DA:145,6
DA:146,6
DA:147,4
DA:148,4
DA:149,4
DA:150,4
DA:151,6
DA:152,6
DA:153,6
DA:154,6
DA:155,6
DA:156,6
DA:157,6
DA:158,6
DA:159,6
DA:160,6
DA:161,15
DA:162,15
DA:163,15
DA:164,2
DA:165,2
DA:166,2
DA:167,2
DA:168,2
DA:169,2
DA:170,2
DA:171,2
DA:172,2
DA:173,2
DA:174,2
DA:175,2
DA:176,15
DA:177,15
DA:178,15
DA:179,15
DA:180,15
DA:181,2
DA:182,2
DA:183,2
DA:184,2
DA:185,2
DA:186,2
DA:187,2
DA:188,2
DA:189,2
DA:190,2
DA:191,2
DA:192,2
DA:193,15
DA:194,0
DA:195,0
DA:196,0
DA:197,0
DA:198,0
DA:199,0
DA:200,0
DA:201,0
DA:202,0
DA:203,0
DA:204,0
DA:205,0
DA:206,15
DA:207,0
DA:208,15
DA:209,10
DA:210,10
DA:211,10
DA:212,10
DA:213,10
DA:214,10
DA:215,10
DA:216,15
DA:217,4
LF:217
LH:204
BRDA:38,0,0,4
BRDA:73,1,0,8
BRDA:109,2,0,18
BRDA:114,3,0,8
BRDA:116,4,0,13
BRDA:118,5,0,5
BRDA:121,6,0,13
BRDA:136,7,0,3
BRDA:137,8,0,5
BRDA:138,9,0,5
BRDA:139,10,0,5
BRDA:140,11,0,5
BRDA:141,12,0,9
BRDA:146,13,0,7
BRDA:161,14,0,5
BRDA:162,15,0,5
BRDA:163,16,0,5
BRDA:177,17,0,5
BRDA:178,18,0,5
BRDA:179,19,0,5
BRDA:180,20,0,5
BRDA:193,21,0,3
BRDA:206,22,0,3
BRDA:208,23,0,13
BRF:24
BRH:24
end_of_record
TN:
SF:src/nodes/color/create.ts
FN:60,<static_initializer>
FN:92,NodeDefinition
FN:124,execute
FNF:3
FNH:3
FNDA:4,<static_initializer>
FNDA:4,NodeDefinition
FNDA:22,execute
DA:1,4
DA:2,4
DA:3,4
DA:4,4
DA:5,4
DA:6,4
DA:7,4
DA:8,4
DA:9,4
DA:10,4
DA:11,4
DA:12,4
DA:13,4
DA:14,4
DA:15,4
DA:16,4
DA:17,4
DA:18,4
DA:19,4
DA:20,4
DA:21,4
DA:22,4
DA:23,4
DA:24,4
DA:25,4
DA:26,4
DA:27,4
DA:28,4
DA:29,4
DA:30,4
DA:31,4
DA:32,4
DA:33,4
DA:34,4
DA:35,4
DA:36,4
DA:37,4
DA:38,4
DA:39,4
DA:40,4
DA:41,4
DA:42,4
DA:43,4
DA:44,4
DA:45,4
DA:46,4
DA:47,4
DA:48,4
DA:49,4
DA:50,4
DA:51,4
DA:52,4
DA:53,4
DA:54,4
DA:55,4
DA:56,4
DA:57,4
DA:58,4
DA:59,4
DA:60,4
DA:61,4
DA:62,4
DA:63,4
DA:64,4
DA:65,4
DA:66,4
DA:67,4
DA:68,4
DA:69,4
DA:70,4
DA:71,4
DA:72,4
DA:73,4
DA:74,4
DA:75,4
DA:76,4
DA:77,4
DA:78,4
DA:79,4
DA:80,4
DA:81,4
DA:82,4
DA:83,4
DA:84,4
DA:85,4
DA:86,4
DA:87,4
DA:88,4
DA:89,4
DA:90,4
DA:91,4
DA:92,4
DA:93,4
DA:94,4
DA:95,4
DA:96,4
DA:97,4
DA:98,4
DA:99,4
DA:100,4
DA:101,4
DA:102,4
DA:103,4
DA:104,4
DA:105,4
DA:106,4
DA:107,4
DA:108,4
DA:109,4
DA:110,4
DA:111,4
DA:112,4
DA:113,4
DA:114,4
DA:115,4
DA:116,4
DA:117,4
DA:118,4
DA:119,4
DA:120,4
DA:121,4
DA:122,4
DA:123,4
DA:124,4
DA:125,22
DA:126,22
DA:127,22
DA:128,22
DA:129,22
DA:130,22
DA:131,22
DA:132,22
DA:133,22
DA:134,22
DA:135,88
DA:136,88
DA:137,22
DA:138,22
DA:139,22
DA:140,22
DA:141,22
DA:142,4
LF:142
LH:142
BRDA:60,0,0,4
BRDA:92,1,0,7
BRDA:124,2,0,25
BRDA:134,3,0,91
BRF:4
BRH:4
end_of_record
TN:
SF:src/nodes/color/distance.ts
FN:7,<static_initializer>
FN:21,NodeDefinition
FN:37,execute
FNF:3
FNH:1
FNDA:3,<static_initializer>
FNDA:0,NodeDefinition
FNDA:0,execute
DA:1,3
DA:2,3
DA:3,3
DA:4,3
DA:5,3
DA:6,3
DA:7,3
DA:8,3
DA:9,3
DA:10,3
DA:11,3
DA:12,3
DA:13,3
DA:14,3
DA:15,3
DA:16,3
DA:17,3
DA:18,3
DA:19,3
DA:20,3
DA:21,3
DA:22,0
DA:23,0
DA:24,0
DA:25,0
DA:26,0
DA:27,0
DA:28,0
DA:29,0
DA:30,0
DA:31,0
DA:32,0
DA:33,0
DA:34,0
DA:35,0
DA:36,3
DA:37,3
DA:38,0
DA:39,0
DA:40,0
DA:41,0
DA:42,0
DA:43,0
DA:44,0
DA:45,0
DA:46,0
DA:47,0
DA:48,0
DA:49,0
DA:50,0
DA:51,0
DA:52,0
DA:53,3
LF:53
LH:24
BRDA:7,0,0,3
BRF:1
BRH:1
end_of_record
TN:
SF:src/nodes/color/flattenAlpha.ts
FN:7,<static_initializer>
FN:12,NodeDefinition
FN:34,execute
FNF:3
FNH:1
FNDA:3,<static_initializer>
FNDA:0,NodeDefinition
FNDA:0,execute
DA:1,3
DA:2,3
DA:3,3
DA:4,3
DA:5,3
DA:6,3
DA:7,3
DA:8,3
DA:9,3
DA:10,3
DA:11,3
DA:12,3
DA:13,0
DA:14,0
DA:15,0
DA:16,0
DA:17,0
DA:18,0
DA:19,0
DA:20,0
DA:21,0
DA:22,0
DA:23,0
DA:24,0
DA:25,0
DA:26,0
DA:27,0
DA:28,0
DA:29,0
DA:30,0
DA:31,0
DA:32,0
DA:33,3
DA:34,3
DA:35,0
DA:36,0
DA:37,0
DA:38,0
DA:39,0
DA:40,0
DA:41,0
DA:42,0
DA:43,0
DA:44,3
LF:44
LH:15
BRDA:7,0,0,3
BRF:1
BRH:1
end_of_record
TN:
SF:src/nodes/color/index.ts
FNF:0
FNH:0
DA:1,3
DA:2,3
DA:3,3
DA:4,3
DA:5,3
DA:6,3
DA:7,3
DA:8,3
DA:9,3
DA:10,3
DA:11,3
DA:12,3
DA:13,3
DA:14,3
DA:15,3
DA:16,3
DA:17,3
DA:18,3
DA:19,3
DA:20,3
DA:21,3
DA:22,3
DA:23,3
DA:24,3
DA:25,3
LF:25
LH:25
BRF:0
BRH:0
end_of_record
TN:
SF:src/nodes/color/name.ts
FN:162,<static_initializer>
FN:166,NodeDefinition
FN:178,execute
FNF:3
FNH:1
FNDA:3,<static_initializer>
FNDA:0,NodeDefinition
FNDA:0,execute
DA:1,3
DA:2,3
DA:3,3
DA:4,3
DA:5,3
DA:6,3
DA:7,3
DA:8,3
DA:9,3
DA:10,3
DA:11,3
DA:12,3
DA:13,3
DA:14,3
DA:15,3
DA:16,3
DA:17,3
DA:18,3
DA:19,3
DA:20,3
DA:21,3
DA:22,3
DA:23,3
DA:24,3
DA:25,3
DA:26,3
DA:27,3
DA:28,3
DA:29,3
DA:30,3
DA:31,3
DA:32,3
DA:33,3
DA:34,3
DA:35,3
DA:36,3
DA:37,3
DA:38,3
DA:39,3
DA:40,3
DA:41,3
DA:42,3
DA:43,3
DA:44,3
DA:45,3
DA:46,3
DA:47,3
DA:48,3
DA:49,3
DA:50,3
DA:51,3
DA:52,3
DA:53,3
DA:54,3
DA:55,3
DA:56,3
DA:57,3
DA:58,3
DA:59,3
DA:60,3
DA:61,3
DA:62,3
DA:63,3
DA:64,3
DA:65,3
DA:66,3
DA:67,3
DA:68,3
DA:69,3
DA:70,3
DA:71,3
DA:72,3
DA:73,3
DA:74,3
DA:75,3
DA:76,3
DA:77,3
DA:78,3
DA:79,3
DA:80,3
DA:81,3
DA:82,3
DA:83,3
DA:84,3
DA:85,3
DA:86,3
DA:87,3
DA:88,3
DA:89,3
DA:90,3
DA:91,3
DA:92,3
DA:93,3
DA:94,3
DA:95,3
DA:96,3
DA:97,3
DA:98,3
DA:99,3
DA:100,3
DA:101,3
DA:102,3
DA:103,3
DA:104,3
DA:105,3
DA:106,3
DA:107,3
DA:108,3
DA:109,3
DA:110,3
DA:111,3
DA:112,3
DA:113,3
DA:114,3
DA:115,3
DA:116,3
DA:117,3
DA:118,3
DA:119,3
DA:120,3
DA:121,3
DA:122,3
DA:123,3
DA:124,3
DA:125,3
DA:126,3
DA:127,3
DA:128,3
DA:129,3
DA:130,3
DA:131,3
DA:132,3
DA:133,3
DA:134,3
DA:135,3
DA:136,3
DA:137,3
DA:138,3
DA:139,3
DA:140,3
DA:141,3
DA:142,3
DA:143,3
DA:144,3
DA:145,3
DA:146,3
DA:147,3
DA:148,3
DA:149,3
DA:150,3
DA:151,3
DA:152,3
DA:153,3
DA:154,3
DA:155,3
DA:156,3
DA:157,3
DA:158,3
DA:159,3
DA:160,3
DA:161,3
DA:162,3
DA:163,3
DA:164,3
DA:165,3
DA:166,3
DA:167,0
DA:168,0
DA:169,0
DA:170,0
DA:171,0
DA:172,0
DA:173,0
DA:174,0
DA:175,0
DA:176,0
DA:177,3
DA:178,3
DA:179,0
DA:180,0
DA:181,0
DA:182,0
DA:183,0
DA:184,0
DA:185,0
DA:186,0
DA:187,0
DA:188,0
DA:189,0
DA:190,0
DA:191,0
DA:192,0
DA:193,3
LF:193
LH:169
BRDA:162,0,0,3
BRF:1
BRH:1
end_of_record
TN:
SF:src/nodes/color/poline.ts
FN:24,convertHexToHsl
FN:32,<static_initializer>
FN:36,NodeDefinition
FN:80,execute
FNF:4
FNH:4
FNDA:32,convertHexToHsl
FNDA:4,<static_initializer>
FNDA:3,NodeDefinition
FNDA:16,execute
DA:1,4
DA:2,4
DA:3,4
DA:4,4
DA:5,4
DA:6,4
DA:7,4
DA:8,4
DA:9,4
DA:10,4
DA:11,4
DA:12,4
DA:13,4
DA:14,4
DA:15,4
DA:16,4
DA:17,4
DA:18,4
DA:19,4
DA:20,4
DA:21,4
DA:22,4
DA:23,4
DA:24,4
DA:25,32
DA:26,32
DA:27,32
DA:28,32
DA:29,32
DA:30,32
DA:31,4
DA:32,4
DA:33,4
DA:34,4
DA:35,4
DA:36,4
DA:37,3
DA:38,3
DA:39,3
DA:40,3
DA:41,3
DA:42,3
DA:43,3
DA:44,3
DA:45,3
DA:46,3
DA:47,3
DA:48,3
DA:49,3
DA:50,3
DA:51,3
DA:52,3
DA:53,3
DA:54,3
DA:55,3
DA:56,3
DA:57,3
DA:58,3
DA:59,3
DA:60,3
DA:61,3
DA:62,3
DA:63,3
DA:64,3
DA:65,3
DA:66,3
DA:67,3
DA:68,3
DA:69,3
DA:70,3
DA:71,3
DA:72,3
DA:73,3
DA:74,3
DA:75,3
DA:76,3
DA:77,3
DA:78,3
DA:79,4
DA:80,4
DA:81,16
DA:82,16
DA:83,16
DA:84,16
DA:85,16
DA:86,16
DA:87,16
DA:88,16
DA:89,16
DA:90,16
DA:91,16
DA:92,0
DA:93,0
DA:94,16
DA:95,32
DA:96,32
DA:97,32
DA:98,32
DA:99,0
DA:100,0
DA:101,16
DA:102,16
DA:103,16
DA:104,16
DA:105,16
DA:106,16
DA:107,16
DA:108,16
DA:109,16
DA:110,16
DA:111,16
DA:112,16
DA:113,16
DA:114,16
DA:115,16
DA:116,16
DA:117,9
DA:118,9
DA:119,16
DA:120,16
DA:121,16
DA:122,16
DA:123,16
DA:124,4
LF:124
LH:120
BRDA:32,0,0,4
BRDA:24,1,0,32
BRDA:29,2,0,0
BRDA:36,3,0,6
BRDA:80,4,0,19
BRDA:91,5,0,3
BRDA:108,6,0,7
BRDA:108,7,0,15
BRDA:110,8,0,5
BRDA:110,9,0,17
BRDA:112,10,0,3
BRDA:116,11,0,12
BRDA:94,12,0,35
BRDA:98,13,0,3
BRDA:106,14,0,35
BRDA:120,15,0,93
BRF:16
BRH:15
end_of_record
TN:
SF:src/nodes/color/scale.ts
FN:8,<static_initializer>
FN:22,NodeDefinition
FN:40,execute
FNF:3
FNH:1
FNDA:3,<static_initializer>
FNDA:0,NodeDefinition
FNDA:0,execute
DA:1,3
DA:2,3
DA:3,3
DA:4,3
DA:5,3
DA:6,3
DA:7,3
DA:8,3
DA:9,3
DA:10,3
DA:11,3
DA:12,3
DA:13,3
DA:14,3
DA:15,3
DA:16,3
DA:17,3
DA:18,3
DA:19,3
DA:20,3
DA:21,3
DA:22,3
DA:23,0
DA:24,0
DA:25,0
DA:26,0
DA:27,0
DA:28,0
DA:29,0
DA:30,0
DA:31,0
DA:32,0
DA:33,0
DA:34,0
DA:35,0
DA:36,0
DA:37,0
DA:38,0
DA:39,3
DA:40,3
DA:41,0
DA:42,0
DA:43,0
DA:44,0
DA:45,0
DA:46,0
DA:47,0
DA:48,0
DA:49,0
DA:50,0
DA:51,0
DA:52,0
DA:53,0
DA:54,0
DA:55,0
DA:56,0
DA:57,0
DA:58,0
DA:59,3
LF:59
LH:25
BRDA:8,0,0,3
BRF:1
BRH:1
end_of_record
TN:
SF:src/nodes/color/wheel.ts
FN:7,<static_initializer>
FN:12,NodeDefinition
FN:57,execute
FNF:3
FNH:1
FNDA:3,<static_initializer>
FNDA:0,NodeDefinition
FNDA:0,execute
DA:1,3
DA:2,3
DA:3,3
DA:4,3
DA:5,3
DA:6,3
DA:7,3
DA:8,3
DA:9,3
DA:10,3
DA:11,3
DA:12,3
DA:13,0
DA:14,0
DA:15,0
DA:16,0
DA:17,0
DA:18,0
DA:19,0
DA:20,0
DA:21,0
DA:22,0
DA:23,0
DA:24,0
DA:25,0
DA:26,0
DA:27,0
DA:28,0
DA:29,0
DA:30,0
DA:31,0
DA:32,0
DA:33,0
DA:34,0
DA:35,0
DA:36,0
DA:37,0
DA:38,0
DA:39,0
DA:40,0
DA:41,0
DA:42,0
DA:43,0
DA:44,0
DA:45,0
DA:46,0
DA:47,0
DA:48,0
DA:49,0
DA:50,0
DA:51,0
DA:52,0
DA:53,0
DA:54,0
DA:55,0
DA:56,3
DA:57,3
DA:58,0
DA:59,0
DA:60,0
DA:61,0
DA:62,0
DA:63,0
DA:64,0
DA:65,0
DA:66,0
DA:67,0
DA:68,0
DA:69,0
DA:70,0
DA:71,0
DA:72,0
DA:73,0
DA:74,0
DA:75,0
DA:76,0
DA:77,3
LF:77
LH:15
BRDA:7,0,0,3
BRF:1
BRH:1
end_of_record
TN:
SF:src/nodes/color/lib/darken.ts
FN:4,darken
FNF:1
FNH:1
FNDA:7,darken
DA:1,4
DA:2,4
DA:3,4
DA:4,4
DA:5,7
DA:6,7
DA:7,7
DA:8,7
DA:9,7
DA:10,7
DA:11,0
DA:12,0
DA:13,0
DA:14,0
DA:15,0
DA:16,0
DA:17,0
DA:18,0
DA:19,7
DA:20,0
DA:21,0
DA:22,0
DA:23,0
DA:24,0
DA:25,0
DA:26,0
DA:27,0
DA:28,7
DA:29,7
DA:30,0
DA:31,0
DA:32,0
DA:33,0
DA:34,0
DA:35,0
DA:36,7
DA:37,7
DA:38,0
DA:39,0
DA:40,0
DA:41,0
DA:42,0
DA:43,0
DA:44,7
DA:45,0
DA:46,0
DA:47,0
DA:48,0
DA:49,0
DA:50,0
DA:51,0
DA:52,0
DA:53,0
DA:54,7
DA:55,7
DA:56,7
DA:57,7
DA:58,7
DA:59,7
DA:60,7
DA:61,7
DA:62,7
DA:63,7
DA:64,7
DA:65,7
DA:66,0
DA:67,0
DA:68,7
DA:69,7
LF:69
LH:30
BRDA:4,0,0,7
BRDA:10,1,0,0
BRDA:19,2,0,0
BRDA:29,3,0,0
BRDA:37,4,0,0
BRDA:44,5,0,0
BRDA:65,6,0,0
BRF:7
BRH:1
end_of_record
TN:
SF:src/nodes/color/lib/flattenAlpha.ts
FN:3,flattenAlpha
FNF:1
FNH:0
FNDA:0,flattenAlpha
DA:1,3
DA:2,3
DA:3,3
DA:4,0
DA:5,0
DA:6,0
DA:7,0
DA:8,0
DA:9,0
DA:10,0
DA:11,0
DA:12,0
DA:13,0
DA:14,0
DA:15,0
DA:16,0
DA:17,0
DA:18,0
DA:19,0
DA:20,0
DA:21,0
DA:22,0
DA:23,0
DA:24,0
DA:25,0
LF:25
LH:3
BRF:0
BRH:0
end_of_record
TN:
SF:src/nodes/color/lib/lighten.ts
FN:4,lighten
FNF:1
FNH:1
FNDA:3,lighten
DA:1,4
DA:2,4
DA:3,4
DA:4,4
DA:5,3
DA:6,3
DA:7,3
DA:8,3
DA:9,3
DA:10,3
DA:11,0
DA:12,0
DA:13,0
DA:14,0
DA:15,0
DA:16,0
DA:17,0
DA:18,0
DA:19,3
DA:20,0
DA:21,0
DA:22,0
DA:23,0
DA:24,0
DA:25,0
DA:26,0
DA:27,0
DA:28,3
DA:29,0
DA:30,0
DA:31,0
DA:32,0
DA:33,0
DA:34,0
DA:35,3
DA:36,0
DA:37,0
DA:38,0
DA:39,0
DA:40,0
DA:41,0
DA:42,0
DA:43,0
DA:44,0
DA:45,0
DA:46,0
DA:47,0
DA:48,0
DA:49,0
DA:50,0
DA:51,0
DA:52,0
DA:53,0
DA:54,3
DA:55,3
DA:56,3
DA:57,3
DA:58,3
DA:59,3
DA:60,3
DA:61,3
DA:62,3
DA:63,3
DA:64,0
DA:65,0
DA:66,3
DA:67,3
LF:67
LH:25
BRDA:4,0,0,3
BRDA:10,1,0,0
BRDA:19,2,0,0
BRDA:28,3,0,0
BRDA:35,4,0,0
BRDA:63,5,0,0
BRF:6
BRH:1
end_of_record
TN:
SF:src/nodes/color/lib/mix.ts
FN:4,mix
FNF:1
FNH:0
FNDA:0,mix
DA:1,4
DA:2,4
DA:3,4
DA:4,4
DA:5,0
DA:6,0
DA:7,0
DA:8,0
DA:9,0
DA:10,0
DA:11,0
DA:12,0
DA:13,0
LF:13
LH:4
BRF:0
BRH:0
end_of_record
TN:
SF:src/nodes/color/lib/modifyColor.ts
FN:8,modifyColor
FNF:1
FNH:1
FNDA:10,modifyColor
DA:1,4
DA:2,4
DA:3,4
DA:4,4
DA:5,4
DA:6,4
DA:7,4
DA:8,4
DA:9,10
DA:10,10
DA:11,10
DA:12,10
DA:13,10
DA:14,10
DA:15,10
DA:16,3
DA:17,3
DA:18,10
DA:19,7
DA:20,7
DA:21,10
DA:22,0
DA:23,0
DA:24,0
DA:25,0
DA:26,0
DA:27,0
DA:28,0
DA:29,10
DA:30,0
DA:31,0
DA:32,0
DA:33,10
DA:34,0
DA:35,10
DA:36,10
DA:37,10
DA:38,10
LF:38
LH:27
BRDA:8,0,0,10
BRDA:15,1,0,3
BRDA:18,2,0,7
BRDA:21,3,0,0
BRDA:29,4,0,0
BRDA:33,5,0,0
BRF:6
BRH:3
end_of_record
TN:
SF:src/nodes/color/lib/transparentize.ts
FN:3,transparentize
FNF:1
FNH:0
FNDA:0,transparentize
DA:1,4
DA:2,4
DA:3,4
DA:4,0
DA:5,0
DA:6,0
LF:6
LH:3
BRF:0
BRH:0
end_of_record
TN:
SF:src/nodes/color/lib/types.ts
FNF:0
FNH:0
DA:1,4
DA:2,4
DA:3,4
DA:4,4
DA:5,4
DA:6,4
DA:7,4
DA:8,4
DA:9,4
DA:10,4
DA:11,4
DA:12,4
DA:13,4
DA:14,4
DA:15,4
DA:16,4
DA:17,4
DA:18,4
DA:19,4
DA:20,4
DA:21,4
DA:22,4
DA:23,4
DA:24,4
DA:25,4
DA:26,4
DA:27,4
DA:28,4
DA:29,4
DA:30,4
DA:31,4
DA:32,4
DA:33,4
DA:34,4
DA:35,4
DA:36,4
DA:37,4
DA:38,4
DA:39,4
DA:40,4
DA:41,4
DA:42,4
LF:42
LH:42
BRDA:3,0,0,4
BRF:1
BRH:1
end_of_record
TN:
SF:src/nodes/css/box.ts
FN:5,<static_initializer>
FN:21,NodeDefinition
FN:58,execute
FNF:3
FNH:3
FNDA:4,<static_initializer>
FNDA:1,NodeDefinition
FNDA:5,execute
DA:1,4
DA:2,4
DA:3,4
DA:4,4
DA:5,4
DA:6,4
DA:7,4
DA:8,4
DA:9,4
DA:10,4
DA:11,4
DA:12,4
DA:13,4
DA:14,4
DA:15,4
DA:16,4
DA:17,4
DA:18,4
DA:19,4
DA:20,4
DA:21,4
DA:22,1
DA:23,1
DA:24,1
DA:25,1
DA:26,1
DA:27,1
DA:28,1
DA:29,1
DA:30,1
DA:31,1
DA:32,1
DA:33,1
DA:34,1
DA:35,1
DA:36,1
DA:37,1
DA:38,1
DA:39,1
DA:40,1
DA:41,1
DA:42,1
DA:43,1
DA:44,1
DA:45,1
DA:46,1
DA:47,1
DA:48,1
DA:49,1
DA:50,1
DA:51,1
DA:52,1
DA:53,1
DA:54,1
DA:55,1
DA:56,1
DA:57,4
DA:58,4
DA:59,5
DA:60,5
DA:61,5
DA:62,4
LF:62
LH:62
BRDA:5,0,0,4
BRDA:21,1,0,4
BRDA:58,2,0,8
BRF:3
BRH:3
end_of_record
TN:
SF:src/nodes/css/cssFunction.ts
FN:8,<static_initializer>
FN:22,NodeDefinition
FN:42,execute
FNF:3
FNH:1
FNDA:3,<static_initializer>
FNDA:0,NodeDefinition
FNDA:0,execute
DA:1,3
DA:2,3
DA:3,3
DA:4,3
DA:5,3
DA:6,3
DA:7,3
DA:8,3
DA:9,3
DA:10,3
DA:11,3
DA:12,3
DA:13,3
DA:14,3
DA:15,3
DA:16,3
DA:17,3
DA:18,3
DA:19,3
DA:20,3
DA:21,3
DA:22,3
DA:23,0
DA:24,0
DA:25,0
DA:26,0
DA:27,0
DA:28,0
DA:29,0
DA:30,0
DA:31,0
DA:32,0
DA:33,0
DA:34,0
DA:35,0
DA:36,0
DA:37,0
DA:38,0
DA:39,0
DA:40,0
DA:41,3
DA:42,3
DA:43,0
DA:44,0
DA:45,0
DA:46,3
LF:46
LH:25
BRDA:8,0,0,3
BRF:1
BRH:1
end_of_record
TN:
SF:src/nodes/css/index.ts
FNF:0
FNH:0
DA:1,3
DA:2,3
DA:3,3
DA:4,3
DA:5,3
LF:5
LH:5
BRF:0
BRH:0
end_of_record
TN:
SF:src/nodes/css/map.ts
FN:13,<static_initializer>
FN:19,NodeDefinition
FN:30,execute
FNF:3
FNH:1
FNDA:3,<static_initializer>
FNDA:0,NodeDefinition
FNDA:0,execute
DA:1,3
DA:2,3
DA:3,3
DA:4,3
DA:5,3
DA:6,3
DA:7,3
DA:8,3
DA:9,3
DA:10,3
DA:11,3
DA:12,3
DA:13,3
DA:14,3
DA:15,3
DA:16,3
DA:17,3
DA:18,3
DA:19,3
DA:20,0
DA:21,0
DA:22,0
DA:23,0
DA:24,0
DA:25,0
DA:26,0
DA:27,0
DA:28,0
DA:29,3
DA:30,3
DA:31,0
DA:32,0
DA:33,0
DA:34,0
DA:35,0
DA:36,0
DA:37,0
DA:38,0
DA:39,0
DA:40,0
DA:41,3
LF:41
LH:22
BRDA:13,0,0,3
BRF:1
BRH:1
end_of_record
TN:
SF:src/nodes/curves/index.ts
FNF:0
FNH:0
DA:1,3
DA:2,3
DA:3,3
LF:3
LH:3
BRF:0
BRH:0
end_of_record
TN:
SF:src/nodes/curves/sample.ts
FN:6,scaleVec
FN:7,addVec
FN:9,sampleBezier
FN:21,<static_initializer>
FN:44,NodeDefinition
FN:60,execute
FNF:6
FNH:1
FNDA:0,scaleVec
FNDA:0,addVec
FNDA:0,sampleBezier
FNDA:3,<static_initializer>
FNDA:0,NodeDefinition
FNDA:0,execute
DA:1,3
DA:2,3
DA:3,3
DA:4,3
DA:5,3
DA:6,3
DA:7,3
DA:8,3
DA:9,3
DA:10,0
DA:11,0
DA:12,0
DA:13,0
DA:14,0
DA:15,0
DA:16,0
DA:17,0
DA:18,0
DA:19,0
DA:20,3
DA:21,3
DA:22,3
DA:23,3
DA:24,3
DA:25,3
DA:26,3
DA:27,3
DA:28,3
DA:29,3
DA:30,3
DA:31,3
DA:32,3
DA:33,3
DA:34,3
DA:35,3
DA:36,3
DA:37,3
DA:38,3
DA:39,3
DA:40,3
DA:41,3
DA:42,3
DA:43,3
DA:44,3
DA:45,0
DA:46,0
DA:47,0
DA:48,0
DA:49,0
DA:50,0
DA:51,0
DA:52,0
DA:53,0
DA:54,0
DA:55,0
DA:56,0
DA:57,0
DA:58,0
DA:59,3
DA:60,3
DA:61,0
DA:62,0
DA:63,0
DA:64,0
DA:65,0
DA:66,0
DA:67,0
DA:68,0
DA:69,0
DA:70,0
DA:71,0
DA:72,0
DA:73,0
DA:74,0
DA:75,0
DA:76,3
LF:76
LH:37
BRDA:21,0,0,3
BRF:1
BRH:1
end_of_record
TN:
SF:src/nodes/generic/constant.ts
FN:11,<static_initializer>
FN:27,NodeDefinition
FN:38,execute
FNF:3
FNH:3
FNDA:3,<static_initializer>
FNDA:2,NodeDefinition
FNDA:4,execute
DA:1,3
DA:2,3
DA:3,3
DA:4,3
DA:5,3
DA:6,3
DA:7,3
DA:8,3
DA:9,3
DA:10,3
DA:11,3
DA:12,3
DA:13,3
DA:14,3
DA:15,3
DA:16,3
DA:17,3
DA:18,3
DA:19,3
DA:20,3
DA:21,3
DA:22,3
DA:23,3
DA:24,3
DA:25,3
DA:26,3
DA:27,3
DA:28,2
DA:29,2
DA:30,2
DA:31,2
DA:32,2
DA:33,2
DA:34,2
DA:35,2
DA:36,2
DA:37,3
DA:38,3
DA:39,4
DA:40,4
DA:41,4
DA:42,3
LF:42
LH:42
BRDA:11,0,0,3
BRDA:27,1,0,4
BRDA:38,2,0,6
BRF:3
BRH:3
end_of_record
TN:
SF:src/nodes/generic/delay.ts
FN:8,<static_initializer>
FNF:1
FNH:1
FNDA:3,<static_initializer>
DA:1,3
DA:2,3
DA:3,3
DA:4,3
DA:5,3
DA:6,3
DA:7,3
DA:8,3
DA:9,0
DA:10,0
DA:11,0
DA:12,0
DA:13,0
DA:14,0
DA:15,0
DA:16,0
DA:17,0
DA:18,0
DA:19,0
DA:20,0
DA:21,0
DA:22,0
DA:23,0
DA:24,0
DA:25,0
DA:26,0
DA:27,0
DA:28,0
DA:29,0
DA:30,0
DA:31,0
DA:32,0
DA:33,0
DA:34,0
DA:35,0
DA:36,0
DA:37,0
DA:38,0
DA:39,0
DA:40,0
DA:41,0
DA:42,0
DA:43,0
DA:44,0
DA:45,0
DA:46,0
DA:47,0
DA:48,0
DA:49,0
DA:50,0
DA:51,0
DA:52,0
DA:53,0
DA:54,0
DA:55,0
DA:56,0
DA:57,0
LF:57
LH:8
BRDA:8,0,0,3
BRF:1
BRH:1
end_of_record
TN:
SF:src/nodes/generic/index.ts
FNF:0
FNH:0
DA:1,3
DA:2,3
DA:3,3
DA:4,3
DA:5,3
DA:6,3
DA:7,3
DA:8,3
DA:9,3
DA:10,3
DA:11,3
DA:12,3
DA:13,3
DA:14,3
DA:15,3
DA:16,3
DA:17,3
DA:18,3
DA:19,3
DA:20,3
DA:21,3
DA:22,3
DA:23,3
DA:24,3
DA:25,3
LF:25
LH:25
BRF:0
BRH:0
end_of_record
TN:
SF:src/nodes/generic/input.ts
FN:18,<static_initializer>
FN:25,NodeDefinition
FN:32,deserialize
FN:46,execute
FNF:4
FNH:4
FNDA:3,<static_initializer>
FNDA:3,NodeDefinition
FNDA:2,deserialize
FNDA:4,execute
DA:1,3
DA:2,3
DA:3,3
DA:4,3
DA:5,3
DA:6,3
DA:7,3
DA:8,3
DA:9,3
DA:10,3
DA:11,3
DA:12,3
DA:13,3
DA:14,3
DA:15,3
DA:16,3
DA:17,3
DA:18,3
DA:19,3
DA:20,3
DA:21,3
DA:22,3
DA:23,3
DA:24,3
DA:25,3
DA:26,3
DA:27,3
DA:28,3
DA:29,3
DA:30,3
DA:31,3
DA:32,3
DA:33,2
DA:34,2
DA:35,2
DA:36,2
DA:37,2
DA:38,2
DA:39,2
DA:40,2
DA:41,2
DA:42,2
DA:43,2
DA:44,2
DA:45,3
DA:46,3
DA:47,4
DA:48,4
DA:49,4
DA:50,4
DA:51,4
DA:52,4
DA:53,4
DA:54,4
DA:55,1
DA:56,1
DA:57,1
DA:58,1
DA:59,4
DA:60,3
DA:61,3
DA:62,4
DA:63,4
DA:64,4
DA:65,4
DA:66,4
DA:67,3
DA:68,0
DA:69,0
DA:70,4
DA:71,4
DA:72,3
LF:72
LH:70
BRDA:18,0,0,3
BRDA:25,1,0,4
BRDA:32,2,0,3
BRDA:35,3,0,3
BRDA:46,4,0,5
BRDA:51,5,0,5
BRDA:54,6,0,2
BRDA:66,7,0,4
BRDA:67,8,0,1
BRDA:59,9,0,4
BRF:10
BRH:10
end_of_record
TN:
SF:src/nodes/generic/note.ts
FN:10,<static_initializer>
FNF:1
FNH:1
FNDA:3,<static_initializer>
DA:1,3
DA:2,3
DA:3,3
DA:4,3
DA:5,3
DA:6,3
DA:7,3
DA:8,3
DA:9,3
DA:10,3
DA:11,3
DA:12,3
DA:13,3
DA:14,3
DA:15,3
LF:15
LH:15
BRDA:10,0,0,3
BRF:1
BRH:1
end_of_record
TN:
SF:src/nodes/generic/objectMerge.ts
FN:7,overwriteMerge
FN:9,combineMerge
FN:28,<static_initializer>
FN:42,NodeDefinition
FN:64,execute
FNF:5
FNH:1
FNDA:0,overwriteMerge
FNDA:0,combineMerge
FNDA:3,<static_initializer>
FNDA:0,NodeDefinition
FNDA:0,execute
DA:1,3
DA:2,3
DA:3,3
DA:4,3
DA:5,3
DA:6,3
DA:7,3
DA:8,3
DA:9,3
DA:10,0
DA:11,0
DA:12,0
DA:13,0
DA:14,0
DA:15,0
DA:16,0
DA:17,0
DA:18,0
DA:19,0
DA:20,0
DA:21,0
DA:22,0
DA:23,3
DA:24,3
DA:25,3
DA:26,3
DA:27,3
DA:28,3
DA:29,3
DA:30,3
DA:31,3
DA:32,3
DA:33,3
DA:34,3
DA:35,3
DA:36,3
DA:37,3
DA:38,3
DA:39,3
DA:40,3
DA:41,3
DA:42,3
DA:43,0
DA:44,0
DA:45,0
DA:46,0
DA:47,0
DA:48,0
DA:49,0
DA:50,0
DA:51,0
DA:52,0
DA:53,0
DA:54,0
DA:55,0
DA:56,0
DA:57,0
DA:58,0
DA:59,0
DA:60,0
DA:61,0
DA:62,0
DA:63,3
DA:64,3
DA:65,0
DA:66,0
DA:67,0
DA:68,0
DA:69,0
DA:70,0
DA:71,0
DA:72,0
DA:73,0
DA:74,0
DA:75,0
DA:76,0
DA:77,3
LF:77
LH:32
BRDA:28,0,0,3
BRF:1
BRH:1
end_of_record
TN:
SF:src/nodes/generic/objectify.ts
FN:7,<static_initializer>
FN:20,NodeDefinition
FN:31,execute
FNF:3
FNH:1
FNDA:3,<static_initializer>
FNDA:0,NodeDefinition
FNDA:0,execute
DA:1,3
DA:2,3
DA:3,3
DA:4,3
DA:5,3
DA:6,3
DA:7,3
DA:8,3
DA:9,3
DA:10,3
DA:11,3
DA:12,3
DA:13,3
DA:14,3
DA:15,3
DA:16,3
DA:17,3
DA:18,3
DA:19,3
DA:20,3
DA:21,0
DA:22,0
DA:23,0
DA:24,0
DA:25,0
DA:26,0
DA:27,0
DA:28,0
DA:29,0
DA:30,3
DA:31,3
DA:32,0
DA:33,0
DA:34,0
DA:35,0
DA:36,0
DA:37,0
DA:38,0
DA:39,0
DA:40,0
DA:41,0
DA:42,0
DA:43,0
DA:44,0
DA:45,0
DA:46,0
DA:47,0
DA:48,0
DA:49,0
DA:50,3
LF:50
LH:23
BRDA:7,0,0,3
BRF:1
BRH:1
end_of_record
TN:
SF:src/nodes/generic/output.ts
FN:13,<static_initializer>
FN:26,NodeDefinition
FN:32,deserialize
FN:46,execute
FNF:4
FNH:4
FNDA:3,<static_initializer>
FNDA:4,NodeDefinition
FNDA:2,deserialize
FNDA:8,execute
DA:1,3
DA:2,3
DA:3,3
DA:4,3
DA:5,3
DA:6,3
DA:7,3
DA:8,3
DA:9,3
DA:10,3
DA:11,3
DA:12,3
DA:13,3
DA:14,3
DA:15,3
DA:16,3
DA:17,3
DA:18,3
DA:19,3
DA:20,3
DA:21,3
DA:22,3
DA:23,3
DA:24,3
DA:25,3
DA:26,3
DA:27,4
DA:28,4
DA:29,4
DA:30,4
DA:31,3
DA:32,3
DA:33,2
DA:34,2
DA:35,2
DA:36,2
DA:37,2
DA:38,2
DA:39,2
DA:40,2
DA:41,2
DA:42,2
DA:43,2
DA:44,2
DA:45,3
DA:46,3
DA:47,8
DA:48,8
DA:49,8
DA:50,8
DA:51,8
DA:52,8
DA:53,8
DA:54,8
DA:55,2
DA:56,2
DA:57,2
DA:58,2
DA:59,8
DA:60,8
DA:61,8
DA:62,8
DA:63,8
DA:64,6
DA:65,0
DA:66,0
DA:67,8
DA:68,8
DA:69,3
LF:69
LH:67
BRDA:13,0,0,3
BRDA:26,1,0,4
BRDA:32,2,0,3
BRDA:36,3,0,3
BRDA:46,4,0,8
BRDA:51,5,0,8
BRDA:54,6,0,2
BRDA:63,7,0,6
BRDA:64,8,0,0
BRF:9
BRH:8
end_of_record
TN:
SF:src/nodes/generic/panic.ts
FN:12,<static_initializer>
FN:22,NodeDefinition
FN:30,execute
FNF:3
FNH:1
FNDA:3,<static_initializer>
FNDA:0,NodeDefinition
FNDA:0,execute
DA:1,3
DA:2,3
DA:3,3
DA:4,3
DA:5,3
DA:6,3
DA:7,3
DA:8,3
DA:9,3
DA:10,3
DA:11,3
DA:12,3
DA:13,3
DA:14,3
DA:15,3
DA:16,3
DA:17,3
DA:18,3
DA:19,3
DA:20,3
DA:21,3
DA:22,3
DA:23,0
DA:24,0
DA:25,0
DA:26,0
DA:27,0
DA:28,0
DA:29,3
DA:30,3
DA:31,0
DA:32,0
DA:33,0
DA:34,0
DA:35,0
DA:36,0
DA:37,3
LF:37
LH:25
BRDA:12,0,0,3
BRF:1
BRH:1
end_of_record
TN:
SF:src/nodes/generic/passthrough.ts
FN:8,<static_initializer>
FN:19,NodeDefinition
FN:31,execute
FNF:3
FNH:3
FNDA:5,<static_initializer>
FNDA:9,NodeDefinition
FNDA:9,execute
DA:1,5
DA:2,5
DA:3,5
DA:4,5
DA:5,5
DA:6,5
DA:7,5
DA:8,5
DA:9,5
DA:10,5
DA:11,5
DA:12,5
DA:13,5
DA:14,5
DA:15,5
DA:16,5
DA:17,5
DA:18,5
DA:19,5
DA:20,9
DA:21,9
DA:22,9
DA:23,9
DA:24,9
DA:25,9
DA:26,9
DA:27,9
DA:28,9
DA:29,9
DA:30,5
DA:31,5
DA:32,9
DA:33,9
DA:34,9
DA:35,5
LF:35
LH:35
BRDA:8,0,0,5
BRDA:19,1,0,12
BRDA:31,2,0,12
BRF:3
BRH:3
end_of_record
TN:
SF:src/nodes/generic/subgraph.ts
FN:20,<static_initializer>
FNF:1
FNH:1
FNDA:3,<static_initializer>
DA:1,3
DA:2,3
DA:3,3
DA:4,3
DA:5,3
DA:6,3
DA:7,3
DA:8,3
DA:9,3
DA:10,3
DA:11,3
DA:12,3
DA:13,3
DA:14,3
DA:15,3
DA:16,3
DA:17,3
DA:18,3
DA:19,3
DA:20,3
DA:21,0
DA:22,0
DA:23,0
DA:24,0
DA:25,0
DA:26,0
DA:27,0
DA:28,0
DA:29,0
DA:30,0
DA:31,0
DA:32,0
DA:33,0
DA:34,0
DA:35,0
DA:36,0
DA:37,0
DA:38,0
DA:39,0
DA:40,0
DA:41,0
DA:42,0
DA:43,0
DA:44,0
DA:45,0
DA:46,0
DA:47,0
DA:48,0
DA:49,0
DA:50,0
DA:51,0
DA:52,0
DA:53,0
DA:54,0
DA:55,0
DA:56,0
DA:57,0
DA:58,0
DA:59,0
DA:60,0
DA:61,0
DA:62,0
DA:63,0
DA:64,0
DA:65,0
DA:66,0
DA:67,0
DA:68,0
DA:69,0
DA:70,0
DA:71,0
DA:72,0
DA:73,0
DA:74,0
DA:75,0
DA:76,0
DA:77,0
DA:78,0
DA:79,0
DA:80,0
DA:81,0
DA:82,0
DA:83,0
DA:84,0
DA:85,0
DA:86,0
DA:87,0
DA:88,0
DA:89,0
DA:90,0
DA:91,0
DA:92,0
DA:93,0
DA:94,0
DA:95,0
DA:96,0
DA:97,0
DA:98,0
DA:99,0
DA:100,0
DA:101,0
DA:102,0
DA:103,0
DA:104,0
DA:105,0
DA:106,0
DA:107,0
DA:108,0
DA:109,0
DA:110,0
DA:111,0
DA:112,0
DA:113,0
DA:114,0
DA:115,0
DA:116,0
DA:117,0
DA:118,0
DA:119,0
DA:120,0
DA:121,0
DA:122,0
DA:123,0
DA:124,0
DA:125,0
DA:126,0
DA:127,0
DA:128,0
DA:129,0
DA:130,0
DA:131,0
DA:132,0
DA:133,0
LF:133
LH:20
BRDA:20,0,0,3
BRF:1
BRH:1
end_of_record
TN:
SF:src/nodes/generic/time.ts
FN:9,<static_initializer>
FNF:1
FNH:1
FNDA:3,<static_initializer>
DA:1,3
DA:2,3
DA:3,3
DA:4,3
DA:5,3
DA:6,3
DA:7,3
DA:8,3
DA:9,3
DA:10,0
DA:11,0
DA:12,0
DA:13,0
DA:14,0
DA:15,0
DA:16,0
DA:17,0
DA:18,0
DA:19,0
DA:20,0
DA:21,0
DA:22,0
DA:23,0
DA:24,0
DA:25,0
DA:26,0
DA:27,0
DA:28,0
DA:29,0
DA:30,0
DA:31,0
DA:32,0
DA:33,0
DA:34,0
DA:35,0
DA:36,0
DA:37,0
DA:38,0
DA:39,0
DA:40,0
DA:41,0
DA:42,0
DA:43,0
DA:44,0
DA:45,0
LF:45
LH:9
BRDA:9,0,0,3
BRF:1
BRH:1
end_of_record
TN:
SF:src/nodes/gradient/gradientStop.ts
FN:9,<static_initializer>
FN:14,NodeDefinition
FN:30,execute
FNF:3
FNH:1
FNDA:3,<static_initializer>
FNDA:0,NodeDefinition
FNDA:0,execute
DA:1,3
DA:2,3
DA:3,3
DA:4,3
DA:5,3
DA:6,3
DA:7,3
DA:8,3
DA:9,3
DA:10,3
DA:11,3
DA:12,3
DA:13,3
DA:14,3
DA:15,0
DA:16,0
DA:17,0
DA:18,0
DA:19,0
DA:20,0
DA:21,0
DA:22,0
DA:23,0
DA:24,0
DA:25,0
DA:26,0
DA:27,0
DA:28,0
DA:29,3
DA:30,3
DA:31,0
DA:32,0
DA:33,0
DA:34,3
LF:34
LH:17
BRDA:9,0,0,3
BRF:1
BRH:1
end_of_record
TN:
SF:src/nodes/gradient/index.ts
FNF:0
FNH:0
DA:1,3
DA:2,3
DA:3,3
LF:3
LH:3
BRF:0
BRH:0
end_of_record
TN:
SF:src/nodes/logic/and.ts
FN:9,<static_initializer>
FN:22,NodeDefinition
FN:38,execute
FNF:3
FNH:1
FNDA:3,<static_initializer>
FNDA:0,NodeDefinition
FNDA:0,execute
DA:1,3
DA:2,3
DA:3,3
DA:4,3
DA:5,3
DA:6,3
DA:7,3
DA:8,3
DA:9,3
DA:10,3
DA:11,3
DA:12,3
DA:13,3
DA:14,3
DA:15,3
DA:16,3
DA:17,3
DA:18,3
DA:19,3
DA:20,3
DA:21,3
DA:22,3
DA:23,0
DA:24,0
DA:25,0
DA:26,0
DA:27,0
DA:28,0
DA:29,0
DA:30,0
DA:31,0
DA:32,0
DA:33,0
DA:34,0
DA:35,0
DA:36,0
DA:37,3
DA:38,3
DA:39,0
DA:40,0
DA:41,0
DA:42,0
DA:43,3
LF:43
LH:25
BRDA:9,0,0,3
BRF:1
BRH:1
end_of_record
TN:
SF:src/nodes/logic/compare.ts
FN:14,<static_initializer>
FN:29,NodeDefinition
FN:54,execute
FNF:3
FNH:1
FNDA:3,<static_initializer>
FNDA:0,NodeDefinition
FNDA:0,execute
DA:1,3
DA:2,3
DA:3,3
DA:4,3
DA:5,3
DA:6,3
DA:7,3
DA:8,3
DA:9,3
DA:10,3
DA:11,3
DA:12,3
DA:13,3
DA:14,3
DA:15,3
DA:16,3
DA:17,3
DA:18,3
DA:19,3
DA:20,3
DA:21,3
DA:22,3
DA:23,3
DA:24,3
DA:25,3
DA:26,3
DA:27,3
DA:28,3
DA:29,3
DA:30,0
DA:31,0
DA:32,0
DA:33,0
DA:34,0
DA:35,0
DA:36,0
DA:37,0
DA:38,0
DA:39,0
DA:40,0
DA:41,0
DA:42,0
DA:43,0
DA:44,0
DA:45,0
DA:46,0
DA:47,0
DA:48,0
DA:49,0
DA:50,0
DA:51,0
DA:52,0
DA:53,3
DA:54,3
DA:55,0
DA:56,0
DA:57,0
DA:58,0
DA:59,0
DA:60,0
DA:61,0
DA:62,0
DA:63,0
DA:64,0
DA:65,0
DA:66,0
DA:67,0
DA:68,0
DA:69,0
DA:70,0
DA:71,0
DA:72,0
DA:73,0
DA:74,0
DA:75,0
DA:76,0
DA:77,0
DA:78,0
DA:79,0
DA:80,0
DA:81,3
LF:81
LH:32
BRDA:5,0,0,3
BRDA:14,1,0,3
BRF:2
BRH:2
end_of_record
TN:
SF:src/nodes/logic/if.ts
FN:5,<static_initializer>
FN:21,NodeDefinition
FN:41,execute
FNF:3
FNH:1
FNDA:3,<static_initializer>
FNDA:0,NodeDefinition
FNDA:0,execute
DA:1,3
DA:2,3
DA:3,3
DA:4,3
DA:5,3
DA:6,3
DA:7,3
DA:8,3
DA:9,3
DA:10,3
DA:11,3
DA:12,3
DA:13,3
DA:14,3
DA:15,3
DA:16,3
DA:17,3
DA:18,3
DA:19,3
DA:20,3
DA:21,3
DA:22,0
DA:23,0
DA:24,0
DA:25,0
DA:26,0
DA:27,0
DA:28,0
DA:29,0
DA:30,0
DA:31,0
DA:32,0
DA:33,0
DA:34,0
DA:35,0
DA:36,0
DA:37,0
DA:38,0
DA:39,0
DA:40,3
DA:41,3
DA:42,0
DA:43,0
DA:44,0
DA:45,0
DA:46,0
DA:47,0
DA:48,0
DA:49,0
DA:50,3
LF:50
LH:24
BRDA:5,0,0,3
BRF:1
BRH:1
end_of_record
TN:
SF:src/nodes/logic/index.ts
FNF:0
FNH:0
DA:1,3
DA:2,3
DA:3,3
DA:4,3
DA:5,3
DA:6,3
DA:7,3
DA:8,3
LF:8
LH:8
BRF:0
BRH:0
end_of_record
TN:
SF:src/nodes/logic/not.ts
FN:5,<static_initializer>
FN:18,NodeDefinition
FN:30,execute
FNF:3
FNH:1
FNDA:3,<static_initializer>
FNDA:0,NodeDefinition
FNDA:0,execute
DA:1,3
DA:2,3
DA:3,3
DA:4,3
DA:5,3
DA:6,3
DA:7,3
DA:8,3
DA:9,3
DA:10,3
DA:11,3
DA:12,3
DA:13,3
DA:14,3
DA:15,3
DA:16,3
DA:17,3
DA:18,3
DA:19,0
DA:20,0
DA:21,0
DA:22,0
DA:23,0
DA:24,0
DA:25,0
DA:26,0
DA:27,0
DA:28,0
DA:29,3
DA:30,3
DA:31,0
DA:32,0
DA:33,0
DA:34,0
DA:35,3
LF:35
LH:21
BRDA:5,0,0,3
BRF:1
BRH:1
end_of_record
TN:
SF:src/nodes/logic/or.ts
FN:9,<static_initializer>
FN:22,NodeDefinition
FN:38,execute
FNF:3
FNH:1
FNDA:3,<static_initializer>
FNDA:0,NodeDefinition
FNDA:0,execute
DA:1,3
DA:2,3
DA:3,3
DA:4,3
DA:5,3
DA:6,3
DA:7,3
DA:8,3
DA:9,3
DA:10,3
DA:11,3
DA:12,3
DA:13,3
DA:14,3
DA:15,3
DA:16,3
DA:17,3
DA:18,3
DA:19,3
DA:20,3
DA:21,3
DA:22,3
DA:23,0
DA:24,0
DA:25,0
DA:26,0
DA:27,0
DA:28,0
DA:29,0
DA:30,0
DA:31,0
DA:32,0
DA:33,0
DA:34,0
DA:35,0
DA:36,0
DA:37,3
DA:38,3
DA:39,0
DA:40,0
DA:41,0
DA:42,0
DA:43,3
LF:43
LH:25
BRDA:9,0,0,3
BRF:1
BRH:1
end_of_record
TN:
SF:src/nodes/logic/switch.ts
FN:25,<static_initializer>
FN:39,NodeDefinition
FN:58,execute
FNF:3
FNH:1
FNDA:3,<static_initializer>
FNDA:0,NodeDefinition
FNDA:0,execute
DA:1,3
DA:2,3
DA:3,3
DA:4,3
DA:5,3
DA:6,3
DA:7,3
DA:8,3
DA:9,3
DA:10,3
DA:11,3
DA:12,3
DA:13,3
DA:14,3
DA:15,3
DA:16,3
DA:17,3
DA:18,3
DA:19,3
DA:20,3
DA:21,3
DA:22,3
DA:23,3
DA:24,3
DA:25,3
DA:26,3
DA:27,3
DA:28,3
DA:29,3
DA:30,3
DA:31,3
DA:32,3
DA:33,3
DA:34,3
DA:35,3
DA:36,3
DA:37,3
DA:38,3
DA:39,3
DA:40,0
DA:41,0
DA:42,0
DA:43,0
DA:44,0
DA:45,0
DA:46,0
DA:47,0
DA:48,0
DA:49,0
DA:50,0
DA:51,0
DA:52,0
DA:53,0
DA:54,0
DA:55,0
DA:56,0
DA:57,3
DA:58,3
DA:59,0
DA:60,0
DA:61,0
DA:62,0
DA:63,0
DA:64,0
DA:65,0
DA:66,0
DA:67,0
DA:68,0
DA:69,0
DA:70,0
DA:71,3
LF:71
LH:42
BRDA:25,0,0,3
BRF:1
BRH:1
end_of_record
TN:
SF:src/nodes/math/abs.ts
FN:12,<static_initializer>
FN:25,NodeDefinition
FN:36,execute
FNF:3
FNH:3
FNDA:4,<static_initializer>
FNDA:1,NodeDefinition
FNDA:2,execute
DA:1,4
DA:2,4
DA:3,4
DA:4,4
DA:5,4
DA:6,4
DA:7,4
DA:8,4
DA:9,4
DA:10,4
DA:11,4
DA:12,4
DA:13,4
DA:14,4
DA:15,4
DA:16,4
DA:17,4
DA:18,4
DA:19,4
DA:20,4
DA:21,4
DA:22,4
DA:23,4
DA:24,4
DA:25,4
DA:26,1
DA:27,1
DA:28,1
DA:29,1
DA:30,1
DA:31,1
DA:32,1
DA:33,1
DA:34,1
DA:35,4
DA:36,4
DA:37,2
DA:38,2
DA:39,2
DA:40,4
LF:40
LH:40
BRDA:12,0,0,4
BRDA:25,1,0,4
BRDA:36,2,0,5
BRF:3
BRH:3
end_of_record
TN:
SF:src/nodes/math/add.ts
FN:12,<static_initializer>
FN:23,NodeDefinition
FN:39,execute
FNF:3
FNH:3
FNDA:4,<static_initializer>
FNDA:1,NodeDefinition
FNDA:3,execute
DA:1,4
DA:2,4
DA:3,4
DA:4,4
DA:5,4
DA:6,4
DA:7,4
DA:8,4
DA:9,4
DA:10,4
DA:11,4
DA:12,4
DA:13,4
DA:14,4
DA:15,4
DA:16,4
DA:17,4
DA:18,4
DA:19,4
DA:20,4
DA:21,4
DA:22,4
DA:23,4
DA:24,1
DA:25,1
DA:26,1
DA:27,1
DA:28,1
DA:29,1
DA:30,1
DA:31,1
DA:32,1
DA:33,1
DA:34,1
DA:35,1
DA:36,1
DA:37,1
DA:38,4
DA:39,4
DA:40,3
DA:41,3
DA:42,3
DA:43,4
LF:43
LH:43
BRDA:12,0,0,4
BRDA:23,1,0,4
BRDA:39,2,0,6
BRF:3
BRH:3
end_of_record
TN:
SF:src/nodes/math/addVariadic.ts
FN:12,<static_initializer>
FN:24,NodeDefinition
FN:40,execute
FNF:3
FNH:3
FNDA:4,<static_initializer>
FNDA:2,NodeDefinition
FNDA:4,execute
DA:1,4
DA:2,4
DA:3,4
DA:4,4
DA:5,4
DA:6,4
DA:7,4
DA:8,4
DA:9,4
DA:10,4
DA:11,4
DA:12,4
DA:13,4
DA:14,4
DA:15,4
DA:16,4
DA:17,4
DA:18,4
DA:19,4
DA:20,4
DA:21,4
DA:22,4
DA:23,4
DA:24,4
DA:25,2
DA:26,2
DA:27,2
DA:28,2
DA:29,2
DA:30,2
DA:31,2
DA:32,2
DA:33,2
DA:34,2
DA:35,2
DA:36,2
DA:37,2
DA:38,2
DA:39,4
DA:40,4
DA:41,4
DA:42,4
DA:43,4
DA:44,4
DA:45,4
LF:45
LH:45
BRDA:12,0,0,4
BRDA:24,1,0,5
BRDA:40,2,0,7
BRDA:42,3,0,15
BRF:4
BRH:4
end_of_record
TN:
SF:src/nodes/math/ceil.ts
FN:5,<static_initializer>
FN:18,NodeDefinition
FN:31,execute
FNF:3
FNH:1
FNDA:3,<static_initializer>
FNDA:0,NodeDefinition
FNDA:0,execute
DA:1,3
DA:2,3
DA:3,3
DA:4,3
DA:5,3
DA:6,3
DA:7,3
DA:8,3
DA:9,3
DA:10,3
DA:11,3
DA:12,3
DA:13,3
DA:14,3
DA:15,3
DA:16,3
DA:17,3
DA:18,3
DA:19,0
DA:20,0
DA:21,0
DA:22,0
DA:23,0
DA:24,0
DA:25,0
DA:26,0
DA:27,0
DA:28,0
DA:29,0
DA:30,3
DA:31,3
DA:32,0
DA:33,0
DA:34,0
DA:35,0
DA:36,3
LF:36
LH:21
BRDA:5,0,0,3
BRF:1
BRH:1
end_of_record
TN:
SF:src/nodes/math/clamp.ts
FN:5,<static_initializer>
FN:20,NodeDefinition
FN:47,execute
FNF:3
FNH:1
FNDA:3,<static_initializer>
FNDA:0,NodeDefinition
FNDA:0,execute
DA:1,3
DA:2,3
DA:3,3
DA:4,3
DA:5,3
DA:6,3
DA:7,3
DA:8,3
DA:9,3
DA:10,3
DA:11,3
DA:12,3
DA:13,3
DA:14,3
DA:15,3
DA:16,3
DA:17,3
DA:18,3
DA:19,3
DA:20,3
DA:21,0
DA:22,0
DA:23,0
DA:24,0
DA:25,0
DA:26,0
DA:27,0
DA:28,0
DA:29,0
DA:30,0
DA:31,0
DA:32,0
DA:33,0
DA:34,0
DA:35,0
DA:36,0
DA:37,0
DA:38,0
DA:39,0
DA:40,0
DA:41,0
DA:42,0
DA:43,0
DA:44,0
DA:45,0
DA:46,3
DA:47,3
DA:48,0
DA:49,0
DA:50,0
DA:51,3
LF:51
LH:23
BRDA:5,0,0,3
BRF:1
BRH:1
end_of_record
TN:
SF:src/nodes/math/cos.ts
FN:5,<static_initializer>
FN:17,NodeDefinition
FN:32,execute
FNF:3
FNH:1
FNDA:3,<static_initializer>
FNDA:0,NodeDefinition
FNDA:0,execute
DA:1,3
DA:2,3
DA:3,3
DA:4,3
DA:5,3
DA:6,3
DA:7,3
DA:8,3
DA:9,3
DA:10,3
DA:11,3
DA:12,3
DA:13,3
DA:14,3
DA:15,3
DA:16,3
DA:17,3
DA:18,0
DA:19,0
DA:20,0
DA:21,0
DA:22,0
DA:23,0
DA:24,0
DA:25,0
DA:26,0
DA:27,0
DA:28,0
DA:29,0
DA:30,0
DA:31,3
DA:32,3
DA:33,0
DA:34,0
DA:35,0
DA:36,3
LF:36
LH:20
BRDA:5,0,0,3
BRF:1
BRH:1
end_of_record
TN:
SF:src/nodes/math/count.ts
FN:6,<static_initializer>
FN:18,NodeDefinition
FN:30,execute
FNF:3
FNH:1
FNDA:3,<static_initializer>
FNDA:0,NodeDefinition
FNDA:0,execute
DA:1,3
DA:2,3
DA:3,3
DA:4,3
DA:5,3
DA:6,3
DA:7,3
DA:8,3
DA:9,3
DA:10,3
DA:11,3
DA:12,3
DA:13,3
DA:14,3
DA:15,3
DA:16,3
DA:17,3
DA:18,3
DA:19,0
DA:20,0
DA:21,0
DA:22,0
DA:23,0
DA:24,0
DA:25,0
DA:26,0
DA:27,0
DA:28,0
DA:29,3
DA:30,3
DA:31,0
DA:32,0
DA:33,0
DA:34,3
LF:34
LH:21
BRDA:6,0,0,3
BRF:1
BRH:1
end_of_record
TN:
SF:src/nodes/math/divide.ts
FN:5,<static_initializer>
FN:16,NodeDefinition
FN:32,execute
FNF:3
FNH:1
FNDA:3,<static_initializer>
FNDA:0,NodeDefinition
FNDA:0,execute
DA:1,3
DA:2,3
DA:3,3
DA:4,3
DA:5,3
DA:6,3
DA:7,3
DA:8,3
DA:9,3
DA:10,3
DA:11,3
DA:12,3
DA:13,3
DA:14,3
DA:15,3
DA:16,3
DA:17,0
DA:18,0
DA:19,0
DA:20,0
DA:21,0
DA:22,0
DA:23,0
DA:24,0
DA:25,0
DA:26,0
DA:27,0
DA:28,0
DA:29,0
DA:30,0
DA:31,3
DA:32,3
DA:33,0
DA:34,0
DA:35,0
DA:36,3
LF:36
LH:19
BRDA:5,0,0,3
BRF:1
BRH:1
end_of_record
TN:
SF:src/nodes/math/divideVariadic.ts
FN:5,<static_initializer>
FN:16,NodeDefinition
FN:32,execute
FNF:3
FNH:3
FNDA:4,<static_initializer>
FNDA:3,NodeDefinition
FNDA:6,execute
DA:1,4
DA:2,4
DA:3,4
DA:4,4
DA:5,4
DA:6,4
DA:7,4
DA:8,4
DA:9,4
DA:10,4
DA:11,4
DA:12,4
DA:13,4
DA:14,4
DA:15,4
DA:16,4
DA:17,3
DA:18,3
DA:19,3
DA:20,3
DA:21,3
DA:22,3
DA:23,3
DA:24,3
DA:25,3
DA:26,3
DA:27,3
DA:28,3
DA:29,3
DA:30,3
DA:31,4
DA:32,4
DA:33,6
DA:34,6
DA:35,6
DA:36,6
DA:37,6
DA:38,4
LF:38
LH:38
BRDA:5,0,0,4
BRDA:16,1,0,6
BRDA:32,2,0,9
BRDA:35,3,0,11
BRF:4
BRH:4
end_of_record
TN:
SF:src/nodes/math/eval.ts
FN:8,<static_initializer>
FN:24,NodeDefinition
FN:44,execute
FNF:3
FNH:1
FNDA:3,<static_initializer>
FNDA:0,NodeDefinition
FNDA:0,execute
DA:1,3
DA:2,3
DA:3,3
DA:4,3
DA:5,3
DA:6,3
DA:7,3
DA:8,3
DA:9,3
DA:10,3
DA:11,3
DA:12,3
DA:13,3
DA:14,3
DA:15,3
DA:16,3
DA:17,3
DA:18,3
DA:19,3
DA:20,3
DA:21,3
DA:22,3
DA:23,3
DA:24,3
DA:25,0
DA:26,0
DA:27,0
DA:28,0
DA:29,0
DA:30,0
DA:31,0
DA:32,0
DA:33,0
DA:34,0
DA:35,0
DA:36,0
DA:37,0
DA:38,0
DA:39,0
DA:40,0
DA:41,0
DA:42,0
DA:43,3
DA:44,3
DA:45,0
DA:46,0
DA:47,0
DA:48,0
DA:49,0
DA:50,0
DA:51,0
DA:52,0
DA:53,3
LF:53
LH:27
BRDA:8,0,0,3
BRF:1
BRH:1
end_of_record
TN:
SF:src/nodes/math/exp.ts
FN:5,<static_initializer>
FN:18,NodeDefinition
FN:30,execute
FNF:3
FNH:1
FNDA:3,<static_initializer>
FNDA:0,NodeDefinition
FNDA:0,execute
DA:1,3
DA:2,3
DA:3,3
DA:4,3
DA:5,3
DA:6,3
DA:7,3
DA:8,3
DA:9,3
DA:10,3
DA:11,3
DA:12,3
DA:13,3
DA:14,3
DA:15,3
DA:16,3
DA:17,3
DA:18,3
DA:19,0
DA:20,0
DA:21,0
DA:22,0
DA:23,0
DA:24,0
DA:25,0
DA:26,0
DA:27,0
DA:28,0
DA:29,3
DA:30,3
DA:31,0
DA:32,0
DA:33,0
DA:34,3
LF:34
LH:21
BRDA:5,0,0,3
BRF:1
BRH:1
end_of_record
TN:
SF:src/nodes/math/floor.ts
FN:6,<static_initializer>
FN:20,NodeDefinition
FN:33,execute
FNF:3
FNH:1
FNDA:3,<static_initializer>
FNDA:0,NodeDefinition
FNDA:0,execute
DA:1,3
DA:2,3
DA:3,3
DA:4,3
DA:5,3
DA:6,3
DA:7,3
DA:8,3
DA:9,3
DA:10,3
DA:11,3
DA:12,3
DA:13,3
DA:14,3
DA:15,3
DA:16,3
DA:17,3
DA:18,3
DA:19,3
DA:20,3
DA:21,0
DA:22,0
DA:23,0
DA:24,0
DA:25,0
DA:26,0
DA:27,0
DA:28,0
DA:29,0
DA:30,0
DA:31,0
DA:32,3
DA:33,3
DA:34,0
DA:35,0
DA:36,0
DA:37,0
DA:38,3
LF:38
LH:23
BRDA:6,0,0,3
BRF:1
BRH:1
end_of_record
TN:
SF:src/nodes/math/fluid.ts
FN:5,<static_initializer>
FN:22,NodeDefinition
FN:50,execute
FNF:3
FNH:1
FNDA:3,<static_initializer>
FNDA:0,NodeDefinition
FNDA:0,execute
DA:1,3
DA:2,3
DA:3,3
DA:4,3
DA:5,3
DA:6,3
DA:7,3
DA:8,3
DA:9,3
DA:10,3
DA:11,3
DA:12,3
DA:13,3
DA:14,3
DA:15,3
DA:16,3
DA:17,3
DA:18,3
DA:19,3
DA:20,3
DA:21,3
DA:22,3
DA:23,0
DA:24,0
DA:25,0
DA:26,0
DA:27,0
DA:28,0
DA:29,0
DA:30,0
DA:31,0
DA:32,0
DA:33,0
DA:34,0
DA:35,0
DA:36,0
DA:37,0
DA:38,0
DA:39,0
DA:40,0
DA:41,0
DA:42,0
DA:43,0
DA:44,0
DA:45,0
DA:46,0
DA:47,0
DA:48,0
DA:49,3
DA:50,3
DA:51,0
DA:52,0
DA:53,0
DA:54,0
DA:55,0
DA:56,0
DA:57,0
DA:58,0
DA:59,0
DA:60,0
DA:61,0
DA:62,3
LF:62
LH:25
BRDA:5,0,0,3
BRF:1
BRH:1
end_of_record
TN:
SF:src/nodes/math/index.ts
FNF:0
FNH:0
DA:1,3
DA:2,3
DA:3,3
DA:4,3
DA:5,3
DA:6,3
DA:7,3
DA:8,3
DA:9,3
DA:10,3
DA:11,3
DA:12,3
DA:13,3
DA:14,3
DA:15,3
DA:16,3
DA:17,3
DA:18,3
DA:19,3
DA:20,3
DA:21,3
DA:22,3
DA:23,3
DA:24,3
DA:25,3
DA:26,3
DA:27,3
DA:28,3
DA:29,3
DA:30,3
DA:31,3
DA:32,3
DA:33,3
DA:34,3
DA:35,3
DA:36,3
DA:37,3
DA:38,3
DA:39,3
DA:40,3
DA:41,3
DA:42,3
DA:43,3
DA:44,3
DA:45,3
DA:46,3
DA:47,3
DA:48,3
DA:49,3
DA:50,3
DA:51,3
DA:52,3
DA:53,3
LF:53
LH:53
BRF:0
BRH:0
end_of_record
TN:
SF:src/nodes/math/lerp.ts
FN:5,<static_initializer>
FN:21,NodeDefinition
FN:50,execute
FNF:3
FNH:1
FNDA:3,<static_initializer>
FNDA:0,NodeDefinition
FNDA:0,execute
DA:1,3
DA:2,3
DA:3,3
DA:4,3
DA:5,3
DA:6,3
DA:7,3
DA:8,3
DA:9,3
DA:10,3
DA:11,3
DA:12,3
DA:13,3
DA:14,3
DA:15,3
DA:16,3
DA:17,3
DA:18,3
DA:19,3
DA:20,3
DA:21,3
DA:22,0
DA:23,0
DA:24,0
DA:25,0
DA:26,0
DA:27,0
DA:28,0
DA:29,0
DA:30,0
DA:31,0
DA:32,0
DA:33,0
DA:34,0
DA:35,0
DA:36,0
DA:37,0
DA:38,0
DA:39,0
DA:40,0
DA:41,0
DA:42,0
DA:43,0
DA:44,0
DA:45,0
DA:46,0
DA:47,0
DA:48,0
DA:49,3
DA:50,3
DA:51,0
DA:52,0
DA:53,0
DA:54,3
LF:54
LH:24
BRDA:5,0,0,3
BRF:1
BRH:1
end_of_record
TN:
SF:src/nodes/math/mod.ts
FN:5,<static_initializer>
FN:18,NodeDefinition
FN:34,execute
FNF:3
FNH:1
FNDA:3,<static_initializer>
FNDA:0,NodeDefinition
FNDA:0,execute
DA:1,3
DA:2,3
DA:3,3
DA:4,3
DA:5,3
DA:6,3
DA:7,3
DA:8,3
DA:9,3
DA:10,3
DA:11,3
DA:12,3
DA:13,3
DA:14,3
DA:15,3
DA:16,3
DA:17,3
DA:18,3
DA:19,0
DA:20,0
DA:21,0
DA:22,0
DA:23,0
DA:24,0
DA:25,0
DA:26,0
DA:27,0
DA:28,0
DA:29,0
DA:30,0
DA:31,0
DA:32,0
DA:33,3
DA:34,3
DA:35,0
DA:36,0
DA:37,0
DA:38,3
LF:38
LH:21
BRDA:5,0,0,3
BRF:1
BRH:1
end_of_record
TN:
SF:src/nodes/math/multiply.ts
FN:5,<static_initializer>
FN:17,NodeDefinition
FN:33,execute
FNF:3
FNH:3
FNDA:4,<static_initializer>
FNDA:1,NodeDefinition
FNDA:3,execute
DA:1,4
DA:2,4
DA:3,4
DA:4,4
DA:5,4
DA:6,4
DA:7,4
DA:8,4
DA:9,4
DA:10,4
DA:11,4
DA:12,4
DA:13,4
DA:14,4
DA:15,4
DA:16,4
DA:17,4
DA:18,1
DA:19,1
DA:20,1
DA:21,1
DA:22,1
DA:23,1
DA:24,1
DA:25,1
DA:26,1
DA:27,1
DA:28,1
DA:29,1
DA:30,1
DA:31,1
DA:32,4
DA:33,4
DA:34,3
DA:35,3
DA:36,3
DA:37,4
LF:37
LH:37
BRDA:5,0,0,4
BRDA:17,1,0,4
BRDA:33,2,0,6
BRF:3
BRH:3
end_of_record
TN:
SF:src/nodes/math/multiplyVariadic.ts
FN:5,<static_initializer>
FN:17,NodeDefinition
FN:33,execute
FNF:3
FNH:3
FNDA:4,<static_initializer>
FNDA:2,NodeDefinition
FNDA:4,execute
DA:1,4
DA:2,4
DA:3,4
DA:4,4
DA:5,4
DA:6,4
DA:7,4
DA:8,4
DA:9,4
DA:10,4
DA:11,4
DA:12,4
DA:13,4
DA:14,4
DA:15,4
DA:16,4
DA:17,4
DA:18,2
DA:19,2
DA:20,2
DA:21,2
DA:22,2
DA:23,2
DA:24,2
DA:25,2
DA:26,2
DA:27,2
DA:28,2
DA:29,2
DA:30,2
DA:31,2
DA:32,4
DA:33,4
DA:34,4
DA:35,4
DA:36,4
DA:37,4
DA:38,4
LF:38
LH:38
BRDA:5,0,0,4
BRDA:17,1,0,5
BRDA:33,2,0,7
BRDA:35,3,0,13
BRF:4
BRH:4
end_of_record
TN:
SF:src/nodes/math/pow.ts
FN:5,<static_initializer>
FN:19,NodeDefinition
FN:37,execute
FNF:3
FNH:3
FNDA:4,<static_initializer>
FNDA:1,NodeDefinition
FNDA:3,execute
DA:1,4
DA:2,4
DA:3,4
DA:4,4
DA:5,4
DA:6,4
DA:7,4
DA:8,4
DA:9,4
DA:10,4
DA:11,4
DA:12,4
DA:13,4
DA:14,4
DA:15,4
DA:16,4
DA:17,4
DA:18,4
DA:19,4
DA:20,1
DA:21,1
DA:22,1
DA:23,1
DA:24,1
DA:25,1
DA:26,1
DA:27,1
DA:28,1
DA:29,1
DA:30,1
DA:31,1
DA:32,1
DA:33,1
DA:34,1
DA:35,1
DA:36,4
DA:37,4
DA:38,3
DA:39,3
DA:40,3
DA:41,4
LF:41
LH:41
BRDA:5,0,0,4
BRDA:19,1,0,4
BRDA:37,2,0,6
BRF:3
BRH:3
end_of_record
TN:
SF:src/nodes/math/random.ts
FN:5,<static_initializer>
FN:15,NodeDefinition
FN:26,execute
FNF:3
FNH:1
FNDA:3,<static_initializer>
FNDA:0,NodeDefinition
FNDA:0,execute
DA:1,3
DA:2,3
DA:3,3
DA:4,3
DA:5,3
DA:6,3
DA:7,3
DA:8,3
DA:9,3
DA:10,3
DA:11,3
DA:12,3
DA:13,3
DA:14,3
DA:15,3
DA:16,0
DA:17,0
DA:18,0
DA:19,0
DA:20,0
DA:21,0
DA:22,0
DA:23,0
DA:24,0
DA:25,3
DA:26,3
DA:27,0
DA:28,0
DA:29,3
LF:29
LH:18
BRDA:5,0,0,3
BRF:1
BRH:1
end_of_record
TN:
SF:src/nodes/math/round.ts
FN:5,<static_initializer>
FN:19,NodeDefinition
FN:35,execute
FNF:3
FNH:1
FNDA:3,<static_initializer>
FNDA:0,NodeDefinition
FNDA:0,execute
DA:1,3
DA:2,3
DA:3,3
DA:4,3
DA:5,3
DA:6,3
DA:7,3
DA:8,3
DA:9,3
DA:10,3
DA:11,3
DA:12,3
DA:13,3
DA:14,3
DA:15,3
DA:16,3
DA:17,3
DA:18,3
DA:19,3
DA:20,0
DA:21,0
DA:22,0
DA:23,0
DA:24,0
DA:25,0
DA:26,0
DA:27,0
DA:28,0
DA:29,0
DA:30,0
DA:31,0
DA:32,0
DA:33,0
DA:34,3
DA:35,3
DA:36,0
DA:37,0
DA:38,0
DA:39,0
DA:40,0
DA:41,0
DA:42,0
DA:43,3
LF:43
LH:22
BRDA:5,0,0,3
BRF:1
BRH:1
end_of_record
TN:
SF:src/nodes/math/sin.ts
FN:5,<static_initializer>
FN:17,NodeDefinition
FN:32,execute
FNF:3
FNH:1
FNDA:3,<static_initializer>
FNDA:0,NodeDefinition
FNDA:0,execute
DA:1,3
DA:2,3
DA:3,3
DA:4,3
DA:5,3
DA:6,3
DA:7,3
DA:8,3
DA:9,3
DA:10,3
DA:11,3
DA:12,3
DA:13,3
DA:14,3
DA:15,3
DA:16,3
DA:17,3
DA:18,0
DA:19,0
DA:20,0
DA:21,0
DA:22,0
DA:23,0
DA:24,0
DA:25,0
DA:26,0
DA:27,0
DA:28,0
DA:29,0
DA:30,0
DA:31,3
DA:32,3
DA:33,0
DA:34,0
DA:35,0
DA:36,3
LF:36
LH:20
BRDA:5,0,0,3
BRF:1
BRH:1
end_of_record
TN:
SF:src/nodes/math/sqrt.ts
FN:5,<static_initializer>
FN:18,NodeDefinition
FN:30,execute
FNF:3
FNH:1
FNDA:3,<static_initializer>
FNDA:0,NodeDefinition
FNDA:0,execute
DA:1,3
DA:2,3
DA:3,3
DA:4,3
DA:5,3
DA:6,3
DA:7,3
DA:8,3
DA:9,3
DA:10,3
DA:11,3
DA:12,3
DA:13,3
DA:14,3
DA:15,3
DA:16,3
DA:17,3
DA:18,3
DA:19,0
DA:20,0
DA:21,0
DA:22,0
DA:23,0
DA:24,0
DA:25,0
DA:26,0
DA:27,0
DA:28,0
DA:29,3
DA:30,3
DA:31,0
DA:32,0
DA:33,0
DA:34,3
LF:34
LH:21
BRDA:5,0,0,3
BRF:1
BRH:1
end_of_record
TN:
SF:src/nodes/math/subtract.ts
FN:5,<static_initializer>
FN:17,NodeDefinition
FN:33,execute
FNF:3
FNH:3
FNDA:4,<static_initializer>
FNDA:1,NodeDefinition
FNDA:3,execute
DA:1,4
DA:2,4
DA:3,4
DA:4,4
DA:5,4
DA:6,4
DA:7,4
DA:8,4
DA:9,4
DA:10,4
DA:11,4
DA:12,4
DA:13,4
DA:14,4
DA:15,4
DA:16,4
DA:17,4
DA:18,1
DA:19,1
DA:20,1
DA:21,1
DA:22,1
DA:23,1
DA:24,1
DA:25,1
DA:26,1
DA:27,1
DA:28,1
DA:29,1
DA:30,1
DA:31,1
DA:32,4
DA:33,4
DA:34,3
DA:35,3
DA:36,3
DA:37,4
LF:37
LH:37
BRDA:5,0,0,4
BRDA:17,1,0,4
BRDA:33,2,0,6
BRF:3
BRH:3
end_of_record
TN:
SF:src/nodes/math/subtractVariadic.ts
FN:5,<static_initializer>
FN:17,NodeDefinition
FN:33,execute
FNF:3
FNH:3
FNDA:4,<static_initializer>
FNDA:3,NodeDefinition
FNDA:11,execute
DA:1,4
DA:2,4
DA:3,4
DA:4,4
DA:5,4
DA:6,4
DA:7,4
DA:8,4
DA:9,4
DA:10,4
DA:11,4
DA:12,4
DA:13,4
DA:14,4
DA:15,4
DA:16,4
DA:17,4
DA:18,3
DA:19,3
DA:20,3
DA:21,3
DA:22,3
DA:23,3
DA:24,3
DA:25,3
DA:26,3
DA:27,3
DA:28,3
DA:29,3
DA:30,3
DA:31,3
DA:32,4
DA:33,4
DA:34,11
DA:35,11
DA:36,11
DA:37,11
DA:38,11
DA:39,4
LF:39
LH:39
BRDA:5,0,0,4
BRDA:17,1,0,5
BRDA:33,2,0,13
BRDA:36,3,0,15
BRF:4
BRH:4
end_of_record
TN:
SF:src/nodes/math/tan.ts
FN:5,<static_initializer>
FN:16,NodeDefinition
FN:31,execute
FNF:3
FNH:1
FNDA:3,<static_initializer>
FNDA:0,NodeDefinition
FNDA:0,execute
DA:1,3
DA:2,3
DA:3,3
DA:4,3
DA:5,3
DA:6,3
DA:7,3
DA:8,3
DA:9,3
DA:10,3
DA:11,3
DA:12,3
DA:13,3
DA:14,3
DA:15,3
DA:16,3
DA:17,0
DA:18,0
DA:19,0
DA:20,0
DA:21,0
DA:22,0
DA:23,0
DA:24,0
DA:25,0
DA:26,0
DA:27,0
DA:28,0
DA:29,0
DA:30,3
DA:31,3
DA:32,0
DA:33,0
DA:34,0
DA:35,3
LF:35
LH:19
BRDA:5,0,0,3
BRF:1
BRH:1
end_of_record
TN:
SF:src/nodes/preview/colorCompare.ts
FN:4,<static_initializer>
FN:10,NodeDefinition
FNF:2
FNH:1
FNDA:3,<static_initializer>
FNDA:0,NodeDefinition
DA:1,3
DA:2,3
DA:3,3
DA:4,3
DA:5,3
DA:6,3
DA:7,3
DA:8,3
DA:9,3
DA:10,3
DA:11,0
DA:12,0
DA:13,0
DA:14,0
DA:15,0
DA:16,0
DA:17,0
DA:18,0
DA:19,0
DA:20,0
DA:21,0
DA:22,0
DA:23,3
LF:23
LH:11
BRDA:4,0,0,3
BRF:1
BRH:1
end_of_record
TN:
SF:src/nodes/preview/colorScale.ts
FN:5,<static_initializer>
FN:11,NodeDefinition
FNF:2
FNH:1
FNDA:3,<static_initializer>
FNDA:0,NodeDefinition
DA:1,3
DA:2,3
DA:3,3
DA:4,3
DA:5,3
DA:6,3
DA:7,3
DA:8,3
DA:9,3
DA:10,3
DA:11,3
DA:12,0
DA:13,0
DA:14,0
DA:15,0
DA:16,0
DA:17,0
DA:18,0
DA:19,3
LF:19
LH:12
BRDA:5,0,0,3
BRF:1
BRH:1
end_of_record
TN:
SF:src/nodes/preview/curve.ts
FN:4,<static_initializer>
FN:10,NodeDefinition
FNF:2
FNH:1
FNDA:3,<static_initializer>
FNDA:0,NodeDefinition
DA:1,3
DA:2,3
DA:3,3
DA:4,3
DA:5,3
DA:6,3
DA:7,3
DA:8,3
DA:9,3
DA:10,3
DA:11,0
DA:12,0
DA:13,0
DA:14,0
DA:15,0
DA:16,0
DA:17,0
DA:18,3
LF:18
LH:11
BRDA:4,0,0,3
BRF:1
BRH:1
end_of_record
TN:
SF:src/nodes/preview/index.ts
FNF:0
FNH:0
DA:1,3
DA:2,3
DA:3,3
DA:4,3
DA:5,3
DA:6,3
DA:7,3
DA:8,3
DA:9,3
DA:10,3
DA:11,3
DA:12,3
DA:13,3
DA:14,3
DA:15,3
LF:15
LH:15
BRF:0
BRH:0
end_of_record
TN:
SF:src/nodes/preview/mathExpression.ts
FN:4,<static_initializer>
FN:10,NodeDefinition
FNF:2
FNH:1
FNDA:3,<static_initializer>
FNDA:0,NodeDefinition
DA:1,3
DA:2,3
DA:3,3
DA:4,3
DA:5,3
DA:6,3
DA:7,3
DA:8,3
DA:9,3
DA:10,3
DA:11,0
DA:12,0
DA:13,0
DA:14,0
DA:15,0
DA:16,0
DA:17,0
DA:18,3
LF:18
LH:11
BRDA:4,0,0,3
BRF:1
BRH:1
end_of_record
TN:
SF:src/nodes/preview/number.ts
FN:4,<static_initializer>
FN:10,NodeDefinition
FNF:2
FNH:1
FNDA:3,<static_initializer>
FNDA:0,NodeDefinition
DA:1,3
DA:2,3
DA:3,3
DA:4,3
DA:5,3
DA:6,3
DA:7,3
DA:8,3
DA:9,3
DA:10,3
DA:11,0
DA:12,0
DA:13,0
DA:14,0
DA:15,0
DA:16,0
DA:17,0
DA:18,0
DA:19,0
DA:20,0
DA:21,0
DA:22,3
LF:22
LH:11
BRDA:4,0,0,3
BRF:1
BRH:1
end_of_record
TN:
SF:src/nodes/preview/swatch.ts
FN:4,<static_initializer>
FN:10,NodeDefinition
FNF:2
FNH:1
FNDA:3,<static_initializer>
FNDA:0,NodeDefinition
DA:1,3
DA:2,3
DA:3,3
DA:4,3
DA:5,3
DA:6,3
DA:7,3
DA:8,3
DA:9,3
DA:10,3
DA:11,0
DA:12,0
DA:13,0
DA:14,0
DA:15,0
DA:16,0
DA:17,0
DA:18,3
LF:18
LH:11
BRDA:4,0,0,3
BRF:1
BRH:1
end_of_record
TN:
SF:src/nodes/series/arithmetic.ts
FN:11,<static_initializer>
FN:30,NodeDefinition
FN:88,execute
FNF:3
FNH:3
FNDA:4,<static_initializer>
FNDA:1,NodeDefinition
FNDA:6,execute
DA:1,4
DA:2,4
DA:3,4
DA:4,4
DA:5,4
DA:6,4
DA:7,4
DA:8,4
DA:9,4
DA:10,4
DA:11,4
DA:12,4
DA:13,4
DA:14,4
DA:15,4
DA:16,4
DA:17,4
DA:18,4
DA:19,4
DA:20,4
DA:21,4
DA:22,4
DA:23,4
DA:24,4
DA:25,4
DA:26,4
DA:27,4
DA:28,4
DA:29,4
DA:30,4
DA:31,1
DA:32,1
DA:33,1
DA:34,1
DA:35,1
DA:36,1
DA:37,1
DA:38,1
DA:39,1
DA:40,1
DA:41,1
DA:42,1
DA:43,1
DA:44,1
DA:45,1
DA:46,1
DA:47,1
DA:48,1
DA:49,1
DA:50,1
DA:51,1
DA:52,1
DA:53,1
DA:54,1
DA:55,1
DA:56,1
DA:57,1
DA:58,1
DA:59,1
DA:60,1
DA:61,1
DA:62,1
DA:63,1
DA:64,1
DA:65,1
DA:66,1
DA:67,1
DA:68,1
DA:69,1
DA:70,1
DA:71,1
DA:72,1
DA:73,1
DA:74,1
DA:75,1
DA:76,1
DA:77,1
DA:78,1
DA:79,1
DA:80,1
DA:81,1
DA:82,1
DA:83,1
DA:84,1
DA:85,1
DA:86,1
DA:87,4
DA:88,4
DA:89,6
DA:90,6
DA:91,6
DA:92,6
DA:93,6
DA:94,6
DA:95,6
DA:96,5
DA:97,5
DA:98,5
DA:99,5
DA:100,5
DA:101,5
DA:102,6
DA:103,6
DA:104,6
DA:105,6
DA:106,6
DA:107,6
DA:108,6
DA:109,6
DA:110,6
DA:111,6
DA:112,6
DA:113,6
DA:114,6
DA:115,6
DA:116,6
DA:117,6
DA:118,6
DA:119,6
DA:120,6
DA:121,4
LF:121
LH:121
BRDA:11,0,0,4
BRDA:30,1,0,4
BRDA:88,2,0,9
BRDA:95,3,0,8
BRDA:117,4,0,20
BRF:5
BRH:5
end_of_record
TN:
SF:src/nodes/series/geometric.ts
FN:11,<static_initializer>
FN:30,NodeDefinition
FN:88,execute
FNF:3
FNH:3
FNDA:4,<static_initializer>
FNDA:1,NodeDefinition
FNDA:6,execute
DA:1,4
DA:2,4
DA:3,4
DA:4,4
DA:5,4
DA:6,4
DA:7,4
DA:8,4
DA:9,4
DA:10,4
DA:11,4
DA:12,4
DA:13,4
DA:14,4
DA:15,4
DA:16,4
DA:17,4
DA:18,4
DA:19,4
DA:20,4
DA:21,4
DA:22,4
DA:23,4
DA:24,4
DA:25,4
DA:26,4
DA:27,4
DA:28,4
DA:29,4
DA:30,4
DA:31,1
DA:32,1
DA:33,1
DA:34,1
DA:35,1
DA:36,1
DA:37,1
DA:38,1
DA:39,1
DA:40,1
DA:41,1
DA:42,1
DA:43,1
DA:44,1
DA:45,1
DA:46,1
DA:47,1
DA:48,1
DA:49,1
DA:50,1
DA:51,1
DA:52,1
DA:53,1
DA:54,1
DA:55,1
DA:56,1
DA:57,1
DA:58,1
DA:59,1
DA:60,1
DA:61,1
DA:62,1
DA:63,1
DA:64,1
DA:65,1
DA:66,1
DA:67,1
DA:68,1
DA:69,1
DA:70,1
DA:71,1
DA:72,1
DA:73,1
DA:74,1
DA:75,1
DA:76,1
DA:77,1
DA:78,1
DA:79,1
DA:80,1
DA:81,1
DA:82,1
DA:83,1
DA:84,1
DA:85,1
DA:86,1
DA:87,4
DA:88,4
DA:89,6
DA:90,6
DA:91,6
DA:92,6
DA:93,6
DA:94,6
DA:95,17
DA:96,17
DA:97,17
DA:98,17
DA:99,17
DA:100,17
DA:101,6
DA:102,6
DA:103,6
DA:104,6
DA:105,6
DA:106,6
DA:107,6
DA:108,4
LF:108
LH:108
BRDA:11,0,0,4
BRDA:30,1,0,4
BRDA:88,2,0,9
BRDA:94,3,0,20
BRDA:104,4,0,20
BRF:5
BRH:5
end_of_record
TN:
SF:src/nodes/series/harmonic.ts
FN:11,<static_initializer>
FN:31,NodeDefinition
FN:95,execute
FNF:3
FNH:3
FNDA:4,<static_initializer>
FNDA:1,NodeDefinition
FNDA:7,execute
DA:1,4
DA:2,4
DA:3,4
DA:4,4
DA:5,4
DA:6,4
DA:7,4
DA:8,4
DA:9,4
DA:10,4
DA:11,4
DA:12,4
DA:13,4
DA:14,4
DA:15,4
DA:16,4
DA:17,4
DA:18,4
DA:19,4
DA:20,4
DA:21,4
DA:22,4
DA:23,4
DA:24,4
DA:25,4
DA:26,4
DA:27,4
DA:28,4
DA:29,4
DA:30,4
DA:31,4
DA:32,1
DA:33,1
DA:34,1
DA:35,1
DA:36,1
DA:37,1
DA:38,1
DA:39,1
DA:40,1
DA:41,1
DA:42,1
DA:43,1
DA:44,1
DA:45,1
DA:46,1
DA:47,1
DA:48,1
DA:49,1
DA:50,1
DA:51,1
DA:52,1
DA:53,1
DA:54,1
DA:55,1
DA:56,1
DA:57,1
DA:58,1
DA:59,1
DA:60,1
DA:61,1
DA:62,1
DA:63,1
DA:64,1
DA:65,1
DA:66,1
DA:67,1
DA:68,1
DA:69,1
DA:70,1
DA:71,1
DA:72,1
DA:73,1
DA:74,1
DA:75,1
DA:76,1
DA:77,1
DA:78,1
DA:79,1
DA:80,1
DA:81,1
DA:82,1
DA:83,1
DA:84,1
DA:85,1
DA:86,1
DA:87,1
DA:88,1
DA:89,1
DA:90,1
DA:91,1
DA:92,1
DA:93,1
DA:94,4
DA:95,4
DA:96,7
DA:97,7
DA:98,7
DA:99,7
DA:100,7
DA:101,7
DA:102,39
DA:103,39
DA:104,39
DA:105,39
DA:106,39
DA:107,39
DA:108,39
DA:109,39
DA:110,7
DA:111,7
DA:112,7
DA:113,7
DA:114,7
DA:115,7
DA:116,7
DA:117,4
LF:117
LH:117
BRDA:11,0,0,4
BRDA:31,1,0,4
BRDA:95,2,0,10
BRDA:101,3,0,42
BRDA:113,4,0,42
BRF:5
BRH:5
end_of_record
TN:
SF:src/nodes/series/index.ts
FNF:0
FNH:0
DA:1,3
DA:2,3
DA:3,3
DA:4,3
DA:5,3
LF:5
LH:5
BRF:0
BRH:0
end_of_record
TN:
SF:src/nodes/string/index.ts
FNF:0
FNH:0
DA:1,3
DA:2,3
DA:3,3
DA:4,3
DA:5,3
DA:6,3
DA:7,3
DA:8,3
DA:9,3
DA:10,3
DA:11,3
DA:12,3
DA:13,3
DA:14,3
DA:15,3
LF:15
LH:15
BRF:0
BRH:0
end_of_record
TN:
SF:src/nodes/string/join.ts
FN:6,<static_initializer>
FN:19,NodeDefinition
FN:37,execute
FNF:3
FNH:3
FNDA:4,<static_initializer>
FNDA:1,NodeDefinition
FNDA:3,execute
DA:1,4
DA:2,4
DA:3,4
DA:4,4
DA:5,4
DA:6,4
DA:7,4
DA:8,4
DA:9,4
DA:10,4
DA:11,4
DA:12,4
DA:13,4
DA:14,4
DA:15,4
DA:16,4
DA:17,4
DA:18,4
DA:19,4
DA:20,1
DA:21,1
DA:22,1
DA:23,1
DA:24,1
DA:25,1
DA:26,1
DA:27,1
DA:28,1
DA:29,1
DA:30,1
DA:31,1
DA:32,1
DA:33,1
DA:34,1
DA:35,1
DA:36,4
DA:37,4
DA:38,3
DA:39,3
DA:40,3
DA:41,4
LF:41
LH:41
BRDA:6,0,0,4
BRDA:19,1,0,4
BRDA:37,2,0,6
BRF:3
BRH:3
end_of_record
TN:
SF:src/nodes/string/lowercase.ts
FN:8,<static_initializer>
FN:20,NodeDefinition
FN:32,execute
FNF:3
FNH:3
FNDA:4,<static_initializer>
FNDA:1,NodeDefinition
FNDA:2,execute
DA:1,4
DA:2,4
DA:3,4
DA:4,4
DA:5,4
DA:6,4
DA:7,4
DA:8,4
DA:9,4
DA:10,4
DA:11,4
DA:12,4
DA:13,4
DA:14,4
DA:15,4
DA:16,4
DA:17,4
DA:18,4
DA:19,4
DA:20,4
DA:21,1
DA:22,1
DA:23,1
DA:24,1
DA:25,1
DA:26,1
DA:27,1
DA:28,1
DA:29,1
DA:30,1
DA:31,4
DA:32,4
DA:33,2
DA:34,2
DA:35,2
DA:36,4
LF:36
LH:36
BRDA:8,0,0,4
BRDA:20,1,0,4
BRDA:32,2,0,5
BRF:3
BRH:3
end_of_record
TN:
SF:src/nodes/string/regex.ts
FN:5,<static_initializer>
FN:23,NodeDefinition
FN:54,execute
FNF:3
FNH:1
FNDA:3,<static_initializer>
FNDA:0,NodeDefinition
FNDA:0,execute
DA:1,3
DA:2,3
DA:3,3
DA:4,3
DA:5,3
DA:6,3
DA:7,3
DA:8,3
DA:9,3
DA:10,3
DA:11,3
DA:12,3
DA:13,3
DA:14,3
DA:15,3
DA:16,3
DA:17,3
DA:18,3
DA:19,3
DA:20,3
DA:21,3
DA:22,3
DA:23,3
DA:24,0
DA:25,0
DA:26,0
DA:27,0
DA:28,0
DA:29,0
DA:30,0
DA:31,0
DA:32,0
DA:33,0
DA:34,0
DA:35,0
DA:36,0
DA:37,0
DA:38,0
DA:39,0
DA:40,0
DA:41,0
DA:42,0
DA:43,0
DA:44,0
DA:45,0
DA:46,0
DA:47,0
DA:48,0
DA:49,0
DA:50,0
DA:51,0
DA:52,0
DA:53,3
DA:54,3
DA:55,0
DA:56,0
DA:57,0
DA:58,0
DA:59,0
DA:60,0
DA:61,3
LF:61
LH:26
BRDA:5,0,0,3
BRF:1
BRH:1
end_of_record
TN:
SF:src/nodes/string/split.ts
FN:6,<static_initializer>
FN:17,NodeDefinition
FN:36,execute
FNF:3
FNH:3
FNDA:4,<static_initializer>
FNDA:1,NodeDefinition
FNDA:3,execute
DA:1,4
DA:2,4
DA:3,4
DA:4,4
DA:5,4
DA:6,4
DA:7,4
DA:8,4
DA:9,4
DA:10,4
DA:11,4
DA:12,4
DA:13,4
DA:14,4
DA:15,4
DA:16,4
DA:17,4
DA:18,1
DA:19,1
DA:20,1
DA:21,1
DA:22,1
DA:23,1
DA:24,1
DA:25,1
DA:26,1
DA:27,1
DA:28,1
DA:29,1
DA:30,1
DA:31,1
DA:32,1
DA:33,1
DA:34,1
DA:35,4
DA:36,4
DA:37,3
DA:38,3
DA:39,0
DA:40,3
DA:41,3
DA:42,3
DA:43,3
DA:44,4
LF:44
LH:43
BRDA:6,0,0,4
BRDA:17,1,0,4
BRDA:36,2,0,6
BRDA:38,3,0,3
BRF:4
BRH:4
end_of_record
TN:
SF:src/nodes/string/stringify.ts
FN:5,<static_initializer>
FN:17,NodeDefinition
FN:29,execute
FNF:3
FNH:1
FNDA:3,<static_initializer>
FNDA:0,NodeDefinition
FNDA:0,execute
DA:1,3
DA:2,3
DA:3,3
DA:4,3
DA:5,3
DA:6,3
DA:7,3
DA:8,3
DA:9,3
DA:10,3
DA:11,3
DA:12,3
DA:13,3
DA:14,3
DA:15,3
DA:16,3
DA:17,3
DA:18,0
DA:19,0
DA:20,0
DA:21,0
DA:22,0
DA:23,0
DA:24,0
DA:25,0
DA:26,0
DA:27,0
DA:28,3
DA:29,3
DA:30,0
DA:31,0
DA:32,0
DA:33,3
LF:33
LH:20
BRDA:5,0,0,3
BRF:1
BRH:1
end_of_record
TN:
SF:src/nodes/string/uppercase.ts
FN:5,<static_initializer>
FN:17,NodeDefinition
FN:29,execute
FNF:3
FNH:3
FNDA:4,<static_initializer>
FNDA:1,NodeDefinition
FNDA:2,execute
DA:1,4
DA:2,4
DA:3,4
DA:4,4
DA:5,4
DA:6,4
DA:7,4
DA:8,4
DA:9,4
DA:10,4
DA:11,4
DA:12,4
DA:13,4
DA:14,4
DA:15,4
DA:16,4
DA:17,4
DA:18,1
DA:19,1
DA:20,1
DA:21,1
DA:22,1
DA:23,1
DA:24,1
DA:25,1
DA:26,1
DA:27,1
DA:28,4
DA:29,4
DA:30,2
DA:31,2
DA:32,2
DA:33,4
LF:33
LH:33
BRDA:5,0,0,4
BRDA:17,1,0,4
BRDA:29,2,0,5
BRF:3
BRH:3
end_of_record
TN:
SF:src/nodes/typing/index.ts
FNF:0
FNH:0
DA:1,3
DA:2,3
DA:3,3
DA:4,3
LF:4
LH:4
BRF:0
BRH:0
end_of_record
TN:
SF:src/nodes/typing/parseUnit.ts
FN:6,<static_initializer>
FN:22,NodeDefinition
FN:38,execute
FNF:3
FNH:1
FNDA:3,<static_initializer>
FNDA:0,NodeDefinition
FNDA:0,execute
DA:1,3
DA:2,3
DA:3,3
DA:4,3
DA:5,3
DA:6,3
DA:7,3
DA:8,3
DA:9,3
DA:10,3
DA:11,3
DA:12,3
DA:13,3
DA:14,3
DA:15,3
DA:16,3
DA:17,3
DA:18,3
DA:19,3
DA:20,3
DA:21,3
DA:22,3
DA:23,0
DA:24,0
DA:25,0
DA:26,0
DA:27,0
DA:28,0
DA:29,0
DA:30,0
DA:31,0
DA:32,0
DA:33,0
DA:34,0
DA:35,0
DA:36,0
DA:37,3
DA:38,3
DA:39,0
DA:40,0
DA:41,0
DA:42,0
DA:43,0
DA:44,0
DA:45,0
DA:46,0
DA:47,0
DA:48,0
DA:49,0
DA:50,0
DA:51,3
LF:51
LH:25
BRDA:6,0,0,3
BRF:1
BRH:1
end_of_record
TN:
SF:src/nodes/typing/passUnit.ts
FN:8,<static_initializer>
FN:19,NodeDefinition
FN:37,execute
FNF:3
FNH:3
FNDA:4,<static_initializer>
FNDA:3,NodeDefinition
FNDA:9,execute
DA:1,4
DA:2,4
DA:3,4
DA:4,4
DA:5,4
DA:6,4
DA:7,4
DA:8,4
DA:9,4
DA:10,4
DA:11,4
DA:12,4
DA:13,4
DA:14,4
DA:15,4
DA:16,4
DA:17,4
DA:18,4
DA:19,4
DA:20,3
DA:21,3
DA:22,3
DA:23,3
DA:24,3
DA:25,3
DA:26,3
DA:27,3
DA:28,3
DA:29,3
DA:30,3
DA:31,3
DA:32,3
DA:33,3
DA:34,3
DA:35,3
DA:36,4
DA:37,4
DA:38,9
DA:39,9
DA:40,9
DA:41,9
DA:42,0
DA:43,0
DA:44,9
DA:45,9
DA:46,3
DA:47,9
DA:48,6
DA:49,6
DA:50,9
DA:51,4
LF:51
LH:49
BRDA:8,0,0,4
BRDA:19,1,0,6
BRDA:37,2,0,12
BRDA:41,3,0,3
BRDA:45,4,0,6
BRDA:47,5,0,9
BRDA:48,6,0,3
BRF:7
BRH:7
end_of_record
TN:
SF:src/nodes/vector2/create.ts
FN:6,<static_initializer>
FN:20,NodeDefinition
FN:37,execute
FNF:3
FNH:1
FNDA:3,<static_initializer>
FNDA:0,NodeDefinition
FNDA:0,execute
DA:1,3
DA:2,3
DA:3,3
DA:4,3
DA:5,3
DA:6,3
DA:7,3
DA:8,3
DA:9,3
DA:10,3
DA:11,3
DA:12,3
DA:13,3
DA:14,3
DA:15,3
DA:16,3
DA:17,3
DA:18,3
DA:19,3
DA:20,3
DA:21,0
DA:22,0
DA:23,0
DA:24,0
DA:25,0
DA:26,0
DA:27,0
DA:28,0
DA:29,0
DA:30,0
DA:31,0
DA:32,0
DA:33,0
DA:34,0
DA:35,0
DA:36,3
DA:37,3
DA:38,0
DA:39,0
DA:40,0
DA:41,0
DA:42,3
LF:42
LH:23
BRDA:6,0,0,3
BRF:1
BRH:1
end_of_record
TN:
SF:src/nodes/vector2/destructure.ts
FN:6,<static_initializer>
FN:21,NodeDefinition
FN:37,execute
FNF:3
FNH:1
FNDA:3,<static_initializer>
FNDA:0,NodeDefinition
FNDA:0,execute
DA:1,3
DA:2,3
DA:3,3
DA:4,3
DA:5,3
DA:6,3
DA:7,3
DA:8,3
DA:9,3
DA:10,3
DA:11,3
DA:12,3
DA:13,3
DA:14,3
DA:15,3
DA:16,3
DA:17,3
DA:18,3
DA:19,3
DA:20,3
DA:21,3
DA:22,0
DA:23,0
DA:24,0
DA:25,0
DA:26,0
DA:27,0
DA:28,0
DA:29,0
DA:30,0
DA:31,0
DA:32,0
DA:33,0
DA:34,0
DA:35,0
DA:36,3
DA:37,3
DA:38,0
DA:39,0
DA:40,0
DA:41,0
DA:42,0
DA:43,3
LF:43
LH:24
BRDA:6,0,0,3
BRF:1
BRH:1
end_of_record
TN:
SF:src/nodes/vector2/index.ts
FNF:0
FNH:0
DA:1,3
DA:2,3
DA:3,3
DA:4,3
LF:4
LH:4
BRF:0
BRH:0
end_of_record
TN:
SF:src/programmatic/edge.ts
FN:26,<instance_members_initializer>
FN:34,Edge
FN:47,serialize
FN:60,deserialize
FNF:4
FNH:4
FNDA:13,<instance_members_initializer>
FNDA:13,Edge
FNDA:1,serialize
FNDA:2,deserialize
DA:1,35
DA:2,35
DA:3,35
DA:4,35
DA:5,35
DA:6,35
DA:7,35
DA:8,35
DA:9,35
DA:10,35
DA:11,35
DA:12,35
DA:13,35
DA:14,35
DA:15,35
DA:16,35
DA:17,35
DA:18,35
DA:19,35
DA:20,35
DA:21,35
DA:22,35
DA:23,35
DA:24,35
DA:25,35
DA:26,35
DA:27,13
DA:28,13
DA:29,13
DA:30,13
DA:31,13
DA:32,13
DA:33,13
DA:34,13
DA:35,13
DA:36,13
DA:37,13
DA:38,13
DA:39,13
DA:40,13
DA:41,13
DA:42,13
DA:43,13
DA:44,13
DA:45,13
DA:46,13
DA:47,13
DA:48,1
DA:49,1
DA:50,1
DA:51,1
DA:52,1
DA:53,1
DA:54,1
DA:55,1
DA:56,0
DA:57,0
DA:58,1
DA:59,1
DA:60,13
DA:61,2
DA:62,2
DA:63,2
DA:64,2
DA:65,2
DA:66,2
DA:67,2
DA:68,2
DA:69,2
DA:70,13
LF:70
LH:68
BRDA:26,0,0,13
BRDA:34,1,0,13
BRDA:35,2,0,0
BRDA:40,3,0,6
BRDA:60,4,0,12
BRDA:47,5,0,12
BRDA:55,6,0,11
BRF:7
BRH:6
end_of_record
TN:
SF:src/programmatic/index.ts
FNF:0
FNH:0
DA:1,3
DA:2,3
DA:3,3
DA:4,3
DA:5,3
LF:5
LH:5
BRF:0
BRH:0
end_of_record
TN:
SF:src/programmatic/input.ts
FN:28,<instance_members_initializer>
FN:35,Input
FN:51,setValue
FN:104,reset
FN:110,fullType
FN:118,serialize
FN:145,deserialize
FNF:7
FNH:5
FNDA:170,<instance_members_initializer>
FNDA:170,Input
FNDA:162,setValue
FNDA:0,reset
FNDA:2,fullType
FNDA:2,serialize
FNDA:0,deserialize
DA:1,35
DA:2,35
DA:3,35
DA:4,35
DA:5,35
DA:6,35
DA:7,35
DA:8,35
DA:9,35
DA:10,35
DA:11,35
DA:12,35
DA:13,35
DA:14,35
DA:15,35
DA:16,35
DA:17,35
DA:18,35
DA:19,35
DA:20,35
DA:21,35
DA:22,35
DA:23,35
DA:24,35
DA:25,35
DA:26,35
DA:27,35
DA:28,35
DA:29,170
DA:30,170
DA:31,170
DA:32,170
DA:33,170
DA:34,170
DA:35,170
DA:36,170
DA:37,170
DA:38,170
DA:39,170
DA:40,170
DA:41,170
DA:42,170
DA:43,170
DA:44,170
DA:45,170
DA:46,170
DA:47,170
DA:48,170
DA:49,170
DA:50,170
DA:51,170
DA:52,162
DA:53,162
DA:54,162
DA:55,23
DA:56,19
DA:57,2
DA:58,2
DA:59,19
DA:60,4
DA:61,4
DA:62,4
DA:63,4
DA:64,4
DA:65,4
DA:66,4
DA:67,4
DA:68,3
DA:69,4
DA:70,0
DA:71,0
DA:72,0
DA:73,0
DA:74,0
DA:75,0
DA:76,0
DA:77,0
DA:78,0
DA:79,0
DA:80,0
DA:81,0
DA:82,0
DA:83,0
DA:84,0
DA:85,0
DA:86,0
DA:87,0
DA:88,0
DA:89,0
DA:90,0
DA:91,4
DA:92,4
DA:93,4
DA:94,4
DA:95,23
DA:96,162
DA:97,138
DA:98,138
DA:99,162
DA:100,170
DA:101,170
DA:102,170
DA:103,170
DA:104,170
DA:105,0
DA:106,0
DA:107,0
DA:108,0
DA:109,170
DA:110,170
DA:111,2
DA:112,2
DA:113,2
DA:114,2
DA:115,2
DA:116,2
DA:117,170
DA:118,170
DA:119,2
DA:120,2
DA:121,2
DA:122,2
DA:123,2
DA:124,2
DA:125,2
DA:126,2
DA:127,0
DA:128,0
DA:129,2
DA:130,2
DA:131,2
DA:132,0
DA:133,0
DA:134,2
DA:135,0
DA:136,0
DA:137,2
DA:138,2
DA:139,0
DA:140,0
DA:141,2
DA:142,2
DA:143,2
DA:144,170
DA:145,170
DA:146,0
DA:147,0
DA:148,0
DA:149,0
DA:150,0
DA:151,170
DA:152,35
DA:153,35
DA:154,35
DA:155,35
DA:156,35
DA:157,35
DA:158,35
DA:159,35
DA:160,35
DA:161,35
DA:162,35
DA:163,35
DA:164,35
DA:165,35
DA:166,35
LF:166
LH:128
BRDA:28,0,0,170
BRDA:35,1,0,170
BRDA:51,2,0,162
BRDA:56,3,0,2
BRDA:59,4,0,4
BRDA:96,5,0,138
BRDA:39,6,0,160
BRDA:54,7,0,23
BRDA:55,8,0,19
BRDA:67,9,0,3
BRDA:69,10,0,0
BRDA:110,11,0,168
BRDA:118,12,0,168
BRDA:126,13,0,166
BRDA:131,14,0,166
BRDA:134,15,0,166
BRDA:138,16,0,166
BRDA:54,17,0,28
BRDA:96,18,0,28
BRF:19
BRH:18
end_of_record
TN:
SF:src/programmatic/node.ts
FN:40,<instance_members_initializer>
FN:67,Node
FN:97,addInput
FN:108,addOutput
FN:120,setAnnotation
FN:127,removeInput
FN:144,removeOutput
FN:162,execute
FN:167,run
FN:202,load
FN:206,get isRunning
FN:213,clearOutputs
FN:217,setGraph
FN:221,getGraph
FN:229,nodeType
FN:237,get factory
FN:246,serialize
FN:264,deserialize
FN:297,getType
FN:302,getAllInputs
FN:309,getAllOutputs
FN:332,dispose
FN:344,setOutput
FN:348,getInput
FN:351,getRawInput
FN:358,getOutput
FN:368,onStart
FN:369,onStop
FN:373,onPause
FN:379,onResume
FNF:30
FNH:15
FNDA:71,<instance_members_initializer>
FNDA:71,Node
FNDA:166,addInput
FNDA:105,addOutput
FNDA:0,setAnnotation
FNDA:0,removeInput
FNDA:0,removeOutput
FNDA:0,execute
FNDA:169,run
FNDA:0,load
FNDA:0,get isRunning
FNDA:0,clearOutputs
FNDA:0,setGraph
FNDA:794,getGraph
FNDA:2,nodeType
FNDA:169,get factory
FNDA:2,serialize
FNDA:4,deserialize
FNDA:0,getType
FNDA:173,getAllInputs
FNDA:12,getAllOutputs
FNDA:0,dispose
FNDA:312,setOutput
FNDA:27,getInput
FNDA:57,getRawInput
FNDA:0,getOutput
FNDA:0,onStart
FNDA:0,onStop
FNDA:0,onPause
FNDA:0,onResume
DA:1,35
DA:2,35
DA:3,35
DA:4,35
DA:5,35
DA:6,35
DA:7,35
DA:8,35
DA:9,35
DA:10,35
DA:11,35
DA:12,35
DA:13,35
DA:14,35
DA:15,35
DA:16,35
DA:17,35
DA:18,35
DA:19,35
DA:20,35
DA:21,35
DA:22,35
DA:23,35
DA:24,35
DA:25,35
DA:26,35
DA:27,35
DA:28,35
DA:29,35
DA:30,35
DA:31,35
DA:32,35
DA:33,35
DA:34,35
DA:35,35
DA:36,35
DA:37,35
DA:38,35
DA:39,35
DA:40,35
DA:41,35
DA:42,35
DA:43,35
DA:44,35
DA:45,35
DA:46,35
DA:47,35
DA:48,35
DA:49,35
DA:50,35
DA:51,35
DA:52,35
DA:53,35
DA:54,35
DA:55,35
DA:56,35
DA:57,35
DA:58,35
DA:59,35
DA:60,35
DA:61,35
DA:62,35
DA:63,35
DA:64,35
DA:65,35
DA:66,35
DA:67,35
DA:68,71
DA:69,71
DA:70,71
DA:71,71
DA:72,71
DA:73,71
DA:74,71
DA:75,71
DA:76,71
DA:77,71
DA:78,71
DA:79,71
DA:80,71
DA:81,71
DA:82,71
DA:83,71
DA:84,71
DA:85,71
DA:86,71
DA:87,71
DA:88,71
DA:89,71
DA:90,71
DA:91,35
DA:92,35
DA:93,35
DA:94,35
DA:95,35
DA:96,35
DA:97,35
DA:98,166
DA:99,166
DA:100,166
DA:101,166
DA:102,166
DA:103,166
DA:104,166
DA:105,166
DA:106,166
DA:107,166
DA:108,35
DA:109,105
DA:110,105
DA:111,105
DA:112,105
DA:113,105
DA:114,105
DA:115,105
DA:116,105
DA:117,105
DA:118,105
DA:119,35
DA:120,35
DA:121,0
DA:122,0
DA:123,35
DA:124,35
DA:125,35
DA:126,35
DA:127,35
DA:128,0
DA:129,0
DA:130,0
DA:131,0
DA:132,0
DA:133,0
DA:134,0
DA:135,0
DA:136,0
DA:137,0
DA:138,0
DA:139,0
DA:140,0
DA:141,0
DA:142,0
DA:143,35
DA:144,35
DA:145,0
DA:146,0
DA:147,0
DA:148,0
DA:149,0
DA:150,0
DA:151,0
DA:152,0
DA:153,0
DA:154,0
DA:155,0
DA:156,35
DA:157,35
DA:158,35
DA:159,35
DA:160,35
DA:161,35
DA:162,35
DA:163,35
DA:164,35
DA:165,35
DA:166,35
DA:167,35
DA:168,169
DA:169,169
DA:170,169
DA:171,169
DA:172,169
DA:173,169
DA:174,169
DA:175,169
DA:176,161
DA:177,164
DA:178,8
DA:179,8
DA:180,169
DA:181,169
DA:182,169
DA:183,169
DA:184,169
DA:185,169
DA:186,169
DA:187,169
DA:188,169
DA:189,169
DA:190,169
DA:191,169
DA:192,169
DA:193,169
DA:194,169
DA:195,35
DA:196,35
DA:197,35
DA:198,35
DA:199,35
DA:200,35
DA:201,35
DA:202,35
DA:203,0
DA:204,0
DA:205,35
DA:206,35
DA:207,0
DA:208,0
DA:209,35
DA:210,35
DA:211,35
DA:212,35
DA:213,35
DA:214,0
DA:215,0
DA:216,35
DA:217,35
DA:218,0
DA:219,0
DA:220,35
DA:221,35
DA:222,794
DA:223,794
DA:224,35
DA:225,35
DA:226,35
DA:227,35
DA:228,35
DA:229,35
DA:230,2
DA:231,2
DA:232,2
DA:233,35
DA:234,35
DA:235,35
DA:236,35
DA:237,35
DA:238,169
DA:239,169
DA:240,169
DA:241,35
DA:242,35
DA:243,35
DA:244,35
DA:245,35
DA:246,35
DA:247,2
DA:248,2
DA:249,2
DA:250,2
DA:251,2
DA:252,2
DA:253,2
DA:254,2
DA:255,2
DA:256,2
DA:257,2
DA:258,35
DA:259,35
DA:260,35
DA:261,35
DA:262,35
DA:263,35
DA:264,35
DA:265,4
DA:266,4
DA:267,4
DA:268,4
DA:269,4
DA:270,4
DA:271,4
DA:272,4
DA:273,4
DA:274,4
DA:275,4
DA:276,4
DA:277,4
DA:278,4
DA:279,4
DA:280,4
DA:281,4
DA:282,4
DA:283,4
DA:284,4
DA:285,4
DA:286,4
DA:287,4
DA:288,4
DA:289,0
DA:290,0
DA:291,0
DA:292,4
DA:293,4
DA:294,4
DA:295,4
DA:296,35
DA:297,35
DA:298,0
DA:299,0
DA:300,35
DA:301,35
DA:302,35
DA:303,173
DA:304,173
DA:305,173
DA:306,173
DA:307,35
DA:308,35
DA:309,35
DA:310,12
DA:311,12
DA:312,12
DA:313,12
DA:314,35
DA:315,35
DA:316,35
DA:317,35
DA:318,35
DA:319,35
DA:320,35
DA:321,35
DA:322,35
DA:323,35
DA:324,35
DA:325,35
DA:326,35
DA:327,35
DA:328,35
DA:329,35
DA:330,35
DA:331,35
DA:332,35
DA:333,0
DA:334,0
DA:335,0
DA:336,35
DA:337,35
DA:338,35
DA:339,35
DA:340,35
DA:341,35
DA:342,35
DA:343,35
DA:344,35
DA:345,312
DA:346,312
DA:347,35
DA:348,35
DA:349,27
DA:350,27
DA:351,35
DA:352,57
DA:353,57
DA:354,35
DA:355,35
DA:356,35
DA:357,35
DA:358,35
DA:359,0
DA:360,0
DA:361,0
DA:362,0
DA:363,35
DA:364,35
DA:365,35
DA:366,35
DA:367,35
DA:368,35
DA:369,35
DA:370,35
DA:371,35
DA:372,35
DA:373,35
DA:374,0
DA:375,0
DA:376,35
DA:377,35
DA:378,35
DA:379,35
DA:380,0
DA:381,0
DA:382,35
LF:382
LH:330
BRDA:40,0,0,71
BRDA:67,1,0,71
BRDA:68,2,0,52
BRDA:108,3,0,105
BRDA:167,4,0,169
BRDA:177,5,0,8
BRDA:221,6,0,794
BRDA:237,7,0,169
BRDA:264,8,0,69
BRDA:273,9,0,69
BRDA:288,10,0,65
BRDA:302,11,0,194
BRDA:304,12,0,684
BRDA:309,13,0,73
BRDA:311,14,0,70
BRDA:344,15,0,312
BRDA:351,16,0,101
BRDA:97,17,0,168
BRDA:348,18,0,84
BRDA:229,19,0,69
BRDA:246,20,0,69
BRDA:251,21,0,69
BRDA:270,22,0,67
BRDA:175,23,0,161
BRDA:175,24,0,164
BRF:25
BRH:25
end_of_record
TN:
SF:src/programmatic/output.ts
FN:23,Output
FN:30,set
FN:37,connect
FNF:3
FNH:3
FNDA:105,Output
FNDA:312,set
FNDA:6,connect
DA:1,35
DA:2,35
DA:3,35
DA:4,35
DA:5,35
DA:6,35
DA:7,35
DA:8,35
DA:9,35
DA:10,35
DA:11,35
DA:12,35
DA:13,35
DA:14,35
DA:15,35
DA:16,35
DA:17,35
DA:18,35
DA:19,35
DA:20,35
DA:21,35
DA:22,35
DA:23,35
DA:24,105
DA:25,105
DA:26,105
DA:27,105
DA:28,105
DA:29,35
DA:30,35
DA:31,312
DA:32,312
DA:33,312
DA:34,312
DA:35,312
DA:36,35
DA:37,35
DA:38,6
DA:39,6
DA:40,0
DA:41,0
DA:42,0
DA:43,0
DA:44,6
DA:45,6
DA:46,6
DA:47,35
DA:48,35
DA:49,35
DA:50,35
DA:51,35
DA:52,35
DA:53,35
DA:54,35
DA:55,35
DA:56,35
DA:57,35
DA:58,35
DA:59,35
DA:60,35
DA:61,35
DA:62,35
LF:62
LH:58
BRDA:23,0,0,105
BRDA:30,1,0,312
BRDA:37,2,0,6
BRDA:39,3,0,0
BRF:4
BRH:3
end_of_record
TN:
SF:src/programmatic/port.ts
FN:20,<instance_members_initializer>
FN:37,Port
FN:61,get isConnected
FN:65,get dynamicType
FN:68,get value
FN:76,get type
FN:80,setVisible
FN:84,setNode
FNF:8
FNH:4
FNDA:275,<instance_members_initializer>
FNDA:275,Port
FNDA:0,get isConnected
FNDA:0,get dynamicType
FNDA:856,get value
FNDA:76,get type
FNDA:0,setVisible
FNDA:0,setNode
DA:1,35
DA:2,35
DA:3,35
DA:4,35
DA:5,35
DA:6,35
DA:7,35
DA:8,35
DA:9,35
DA:10,35
DA:11,35
DA:12,35
DA:13,35
DA:14,35
DA:15,35
DA:16,35
DA:17,35
DA:18,35
DA:19,35
DA:20,35
DA:21,275
DA:22,275
DA:23,275
DA:24,275
DA:25,275
DA:26,275
DA:27,275
DA:28,275
DA:29,275
DA:30,275
DA:31,275
DA:32,275
DA:33,275
DA:34,275
DA:35,275
DA:36,275
DA:37,275
DA:38,275
DA:39,275
DA:40,275
DA:41,275
DA:42,275
DA:43,275
DA:44,275
DA:45,275
DA:46,275
DA:47,275
DA:48,275
DA:49,275
DA:50,275
DA:51,275
DA:52,275
DA:53,275
DA:54,275
DA:55,275
DA:56,275
DA:57,275
DA:58,275
DA:59,275
DA:60,275
DA:61,275
DA:62,0
DA:63,0
DA:64,275
DA:65,275
DA:66,0
DA:67,0
DA:68,275
DA:69,856
DA:70,856
DA:71,275
DA:72,275
DA:73,275
DA:74,275
DA:75,275
DA:76,275
DA:77,76
DA:78,76
DA:79,275
DA:80,275
DA:81,0
DA:82,0
DA:83,275
DA:84,275
DA:85,0
DA:86,0
DA:87,275
LF:87
LH:79
BRDA:20,0,0,275
BRDA:37,1,0,275
BRDA:39,2,0,4
BRDA:68,3,0,856
BRDA:76,4,0,293
BRDA:77,5,0,274
BRF:6
BRH:6
end_of_record
TN:
SF:src/schemas/index.ts
FN:1,variadicId
FN:7,createVariadicSchema
FN:253,canConvertSchemaTypes
FN:304,convertSchemaType
FNF:4
FNH:1
FNDA:0,variadicId
FNDA:10,createVariadicSchema
FNDA:0,canConvertSchemaTypes
FNDA:0,convertSchemaType
DA:1,36
DA:2,36
DA:3,36
DA:4,36
DA:5,36
DA:6,36
DA:7,36
DA:8,10
DA:9,10
DA:10,10
DA:11,10
DA:12,10
DA:13,10
DA:14,10
DA:15,36
DA:16,36
DA:17,36
DA:18,36
DA:19,36
DA:20,36
DA:21,36
DA:22,36
DA:23,36
DA:24,36
DA:25,36
DA:26,36
DA:27,36
DA:28,36
DA:29,36
DA:30,36
DA:31,36
DA:32,36
DA:33,36
DA:34,36
DA:35,36
DA:36,36
DA:37,36
DA:38,36
DA:39,36
DA:40,36
DA:41,36
DA:42,36
DA:43,36
DA:44,36
DA:45,36
DA:46,36
DA:47,36
DA:48,36
DA:49,36
DA:50,36
DA:51,36
DA:52,36
DA:53,36
DA:54,36
DA:55,36
DA:56,36
DA:57,36
DA:58,36
DA:59,36
DA:60,36
DA:61,36
DA:62,36
DA:63,36
DA:64,36
DA:65,36
DA:66,36
DA:67,36
DA:68,36
DA:69,36
DA:70,36
DA:71,36
DA:72,36
DA:73,36
DA:74,36
DA:75,36
DA:76,36
DA:77,36
DA:78,36
DA:79,36
DA:80,36
DA:81,36
DA:82,36
DA:83,36
DA:84,36
DA:85,36
DA:86,36
DA:87,36
DA:88,36
DA:89,36
DA:90,36
DA:91,36
DA:92,36
DA:93,36
DA:94,36
DA:95,36
DA:96,36
DA:97,36
DA:98,36
DA:99,36
DA:100,36
DA:101,36
DA:102,36
DA:103,36
DA:104,36
DA:105,36
DA:106,36
DA:107,36
DA:108,36
DA:109,36
DA:110,36
DA:111,36
DA:112,36
DA:113,36
DA:114,36
DA:115,36
DA:116,36
DA:117,36
DA:118,36
DA:119,36
DA:120,36
DA:121,36
DA:122,36
DA:123,36
DA:124,36
DA:125,36
DA:126,36
DA:127,36
DA:128,36
DA:129,36
DA:130,36
DA:131,36
DA:132,36
DA:133,36
DA:134,36
DA:135,36
DA:136,36
DA:137,36
DA:138,36
DA:139,36
DA:140,36
DA:141,36
DA:142,36
DA:143,36
DA:144,36
DA:145,36
DA:146,36
DA:147,36
DA:148,36
DA:149,36
DA:150,36
DA:151,36
DA:152,36
DA:153,36
DA:154,36
DA:155,36
DA:156,36
DA:157,36
DA:158,36
DA:159,36
DA:160,36
DA:161,36
DA:162,36
DA:163,36
DA:164,36
DA:165,36
DA:166,36
DA:167,36
DA:168,36
DA:169,36
DA:170,36
DA:171,36
DA:172,36
DA:173,36
DA:174,36
DA:175,36
DA:176,36
DA:177,36
DA:178,36
DA:179,36
DA:180,36
DA:181,36
DA:182,36
DA:183,36
DA:184,36
DA:185,36
DA:186,36
DA:187,36
DA:188,36
DA:189,36
DA:190,36
DA:191,36
DA:192,36
DA:193,36
DA:194,36
DA:195,36
DA:196,36
DA:197,36
DA:198,36
DA:199,36
DA:200,36
DA:201,36
DA:202,36
DA:203,36
DA:204,36
DA:205,36
DA:206,36
DA:207,36
DA:208,36
DA:209,36
DA:210,36
DA:211,36
DA:212,36
DA:213,36
DA:214,36
DA:215,36
DA:216,36
DA:217,36
DA:218,36
DA:219,36
DA:220,36
DA:221,36
DA:222,36
DA:223,36
DA:224,36
DA:225,36
DA:226,36
DA:227,36
DA:228,36
DA:229,36
DA:230,36
DA:231,36
DA:232,36
DA:233,36
DA:234,36
DA:235,36
DA:236,36
DA:237,36
DA:238,36
DA:239,36
DA:240,36
DA:241,36
DA:242,36
DA:243,36
DA:244,36
DA:245,36
DA:246,36
DA:247,36
DA:248,36
DA:249,36
DA:250,36
DA:251,36
DA:252,36
DA:253,36
DA:254,0
DA:255,0
DA:256,0
DA:257,0
DA:258,0
DA:259,0
DA:260,0
DA:261,0
DA:262,0
DA:263,0
DA:264,0
DA:265,0
DA:266,0
DA:267,0
DA:268,0
DA:269,0
DA:270,0
DA:271,0
DA:272,0
DA:273,0
DA:274,0
DA:275,0
DA:276,0
DA:277,0
DA:278,0
DA:279,0
DA:280,0
DA:281,0
DA:282,0
DA:283,0
DA:284,0
DA:285,0
DA:286,0
DA:287,0
DA:288,0
DA:289,0
DA:290,0
DA:291,0
DA:292,0
DA:293,0
DA:294,0
DA:295,36
DA:296,36
DA:297,36
DA:298,36
DA:299,36
DA:300,36
DA:301,36
DA:302,36
DA:303,36
DA:304,36
DA:305,0
DA:306,0
DA:307,0
DA:308,0
DA:309,0
DA:310,0
DA:311,0
DA:312,0
DA:313,0
DA:314,0
DA:315,0
DA:316,0
DA:317,0
DA:318,0
DA:319,0
DA:320,0
DA:321,0
DA:322,0
DA:323,0
DA:324,0
DA:325,0
DA:326,0
DA:327,36
DA:328,36
DA:329,36
DA:330,36
DA:331,36
DA:332,36
DA:333,36
DA:334,36
DA:335,36
DA:336,36
DA:337,36
DA:338,36
DA:339,36
DA:340,36
DA:341,36
LF:341
LH:278
BRDA:7,0,0,10
BRF:1
BRH:1
end_of_record
TN:
SF:src/schemas/utils.ts
FN:1,extractArray
FN:8,arrayOf
FNF:2
FNH:1
FNDA:0,extractArray
FNDA:20,arrayOf
DA:1,9
DA:2,0
DA:3,0
DA:4,0
DA:5,0
DA:6,0
DA:7,9
DA:8,9
DA:9,20
DA:10,20
DA:11,20
DA:12,20
DA:13,20
LF:13
LH:8
BRDA:8,0,0,20
BRF:1
BRH:1
end_of_record
TN:
SF:tests/data/processed/basic.ts
FNF:0
FNH:0
DA:1,1
DA:2,1
DA:3,1
DA:4,1
DA:5,1
DA:6,1
DA:7,1
DA:8,1
DA:9,1
DA:10,1
DA:11,1
DA:12,1
DA:13,1
DA:14,1
DA:15,1
DA:16,1
DA:17,1
DA:18,1
DA:19,1
DA:20,1
DA:21,1
DA:22,1
DA:23,1
DA:24,1
DA:25,1
DA:26,1
DA:27,1
DA:28,1
DA:29,1
DA:30,1
DA:31,1
DA:32,1
DA:33,1
DA:34,1
DA:35,1
DA:36,1
DA:37,1
DA:38,1
DA:39,1
DA:40,1
LF:40
LH:40
BRF:0
BRH:0
end_of_record
TN:
SF:tests/suites/nodes/utils.ts
FN:3,getAllOutputs
FNF:1
FNH:1
FNDA:8,getAllOutputs
DA:1,2
DA:2,2
DA:3,2
DA:4,8
DA:5,8
DA:6,39
DA:7,8
DA:8,8
DA:9,8
LF:9
LH:9
BRDA:3,0,0,8
BRDA:5,1,0,39
BRF:2
BRH:2
end_of_record
